{"/mnt/extra/Projects/Philement/elements/003-lithium/src/core/config.js": {"path":"/mnt/extra/Projects/Philement/elements/003-lithium/src/core/config.js","statementMap":{"0":{"start":{"line":9,"column":23},"end":{"line":33,"column":1}},"1":{"start":{"line":35,"column":19},"end":{"line":35,"column":23}},"2":{"start":{"line":44,"column":17},"end":{"line":44,"column":30}},"3":{"start":{"line":46,"column":2},"end":{"line":52,"column":null}},"4":{"start":{"line":47,"column":4},"end":{"line":51,"column":null}},"5":{"start":{"line":48,"column":6},"end":{"line":48,"column":null}},"6":{"start":{"line":50,"column":6},"end":{"line":50,"column":null}},"7":{"start":{"line":54,"column":2},"end":{"line":54,"column":null}},"8":{"start":{"line":63,"column":2},"end":{"line":65,"column":null}},"9":{"start":{"line":64,"column":4},"end":{"line":64,"column":null}},"10":{"start":{"line":67,"column":2},"end":{"line":87,"column":null}},"11":{"start":{"line":68,"column":21},"end":{"line":68,"column":56}},"12":{"start":{"line":70,"column":4},"end":{"line":74,"column":null}},"13":{"start":{"line":71,"column":6},"end":{"line":71,"column":null}},"14":{"start":{"line":72,"column":6},"end":{"line":72,"column":null}},"15":{"start":{"line":73,"column":6},"end":{"line":73,"column":null}},"16":{"start":{"line":76,"column":19},"end":{"line":76,"column":40}},"17":{"start":{"line":79,"column":4},"end":{"line":79,"column":null}},"18":{"start":{"line":81,"column":4},"end":{"line":81,"column":null}},"19":{"start":{"line":82,"column":4},"end":{"line":82,"column":null}},"20":{"start":{"line":84,"column":4},"end":{"line":84,"column":null}},"21":{"start":{"line":85,"column":4},"end":{"line":85,"column":null}},"22":{"start":{"line":86,"column":4},"end":{"line":86,"column":null}},"23":{"start":{"line":95,"column":2},"end":{"line":98,"column":null}},"24":{"start":{"line":96,"column":4},"end":{"line":96,"column":null}},"25":{"start":{"line":97,"column":4},"end":{"line":97,"column":null}},"26":{"start":{"line":99,"column":2},"end":{"line":99,"column":null}},"27":{"start":{"line":109,"column":17},"end":{"line":109,"column":28}},"28":{"start":{"line":110,"column":16},"end":{"line":110,"column":31}},"29":{"start":{"line":112,"column":16},"end":{"line":112,"column":22}},"30":{"start":{"line":113,"column":2},"end":{"line":118,"column":null}},"31":{"start":{"line":114,"column":4},"end":{"line":116,"column":null}},"32":{"start":{"line":115,"column":6},"end":{"line":115,"column":null}},"33":{"start":{"line":117,"column":4},"end":{"line":117,"column":null}},"34":{"start":{"line":120,"column":2},"end":{"line":120,"column":null}},"35":{"start":{"line":127,"column":2},"end":{"line":127,"column":null}},"36":{"start":{"line":135,"column":2},"end":{"line":135,"column":null}}},"fnMap":{"0":{"name":"deepMerge","decl":{"start":{"line":43,"column":9},"end":{"line":43,"column":18}},"loc":{"start":{"line":43,"column":35},"end":{"line":55,"column":null}},"line":43},"1":{"name":"loadConfig","decl":{"start":{"line":61,"column":22},"end":{"line":61,"column":32}},"loc":{"start":{"line":61,"column":35},"end":{"line":88,"column":null}},"line":61},"2":{"name":"getConfig","decl":{"start":{"line":94,"column":16},"end":{"line":94,"column":25}},"loc":{"start":{"line":94,"column":28},"end":{"line":100,"column":null}},"line":94},"3":{"name":"getConfigValue","decl":{"start":{"line":108,"column":16},"end":{"line":108,"column":30}},"loc":{"start":{"line":108,"column":58},"end":{"line":121,"column":null}},"line":108},"4":{"name":"clearConfig","decl":{"start":{"line":126,"column":16},"end":{"line":126,"column":27}},"loc":{"start":{"line":126,"column":30},"end":{"line":128,"column":null}},"line":126},"5":{"name":"isConfigLoaded","decl":{"start":{"line":134,"column":16},"end":{"line":134,"column":30}},"loc":{"start":{"line":134,"column":33},"end":{"line":136,"column":null}},"line":134}},"branchMap":{"0":{"loc":{"start":{"line":47,"column":4},"end":{"line":51,"column":null}},"type":"if","locations":[{"start":{"line":47,"column":4},"end":{"line":51,"column":null}},{"start":{"line":49,"column":11},"end":{"line":51,"column":null}}],"line":47},"1":{"loc":{"start":{"line":47,"column":8},"end":{"line":47,"column":85}},"type":"binary-expr","locations":[{"start":{"line":47,"column":8},"end":{"line":47,"column":19}},{"start":{"line":47,"column":23},"end":{"line":47,"column":54}},{"start":{"line":47,"column":58},"end":{"line":47,"column":85}}],"line":47},"2":{"loc":{"start":{"line":48,"column":30},"end":{"line":48,"column":47}},"type":"binary-expr","locations":[{"start":{"line":48,"column":30},"end":{"line":48,"column":41}},{"start":{"line":48,"column":45},"end":{"line":48,"column":47}}],"line":48},"3":{"loc":{"start":{"line":63,"column":2},"end":{"line":65,"column":null}},"type":"if","locations":[{"start":{"line":63,"column":2},"end":{"line":65,"column":null}},{"start":{},"end":{}}],"line":63},"4":{"loc":{"start":{"line":70,"column":4},"end":{"line":74,"column":null}},"type":"if","locations":[{"start":{"line":70,"column":4},"end":{"line":74,"column":null}},{"start":{},"end":{}}],"line":70},"5":{"loc":{"start":{"line":95,"column":2},"end":{"line":98,"column":null}},"type":"if","locations":[{"start":{"line":95,"column":2},"end":{"line":98,"column":null}},{"start":{},"end":{}}],"line":95},"6":{"loc":{"start":{"line":108,"column":37},"end":{"line":108,"column":56}},"type":"default-arg","locations":[{"start":{"line":108,"column":52},"end":{"line":108,"column":56}}],"line":108},"7":{"loc":{"start":{"line":114,"column":4},"end":{"line":116,"column":null}},"type":"if","locations":[{"start":{"line":114,"column":4},"end":{"line":116,"column":null}},{"start":{},"end":{}}],"line":114},"8":{"loc":{"start":{"line":114,"column":8},"end":{"line":114,"column":71}},"type":"binary-expr","locations":[{"start":{"line":114,"column":8},"end":{"line":114,"column":24}},{"start":{"line":114,"column":28},"end":{"line":114,"column":49}},{"start":{"line":114,"column":53},"end":{"line":114,"column":71}}],"line":114},"9":{"loc":{"start":{"line":120,"column":9},"end":{"line":120,"column":55}},"type":"cond-expr","locations":[{"start":{"line":120,"column":33},"end":{"line":120,"column":40}},{"start":{"line":120,"column":43},"end":{"line":120,"column":55}}],"line":120}},"s":{"0":1,"1":1,"2":22,"3":22,"4":30,"5":13,"6":17,"7":22,"8":12,"9":1,"10":11,"11":11,"12":10,"13":1,"14":1,"15":1,"16":9,"17":9,"18":9,"19":9,"20":1,"21":1,"22":1,"23":7,"24":1,"25":1,"26":6,"27":5,"28":5,"29":5,"30":5,"31":9,"32":2,"33":7,"34":3,"35":14,"36":4},"f":{"0":22,"1":12,"2":7,"3":5,"4":14,"5":4},"b":{"0":[13,17],"1":[30,30,13],"2":[13,0],"3":[1,11],"4":[1,9],"5":[1,6],"6":[5],"7":[2,7],"8":[9,9,9],"9":[3,0]},"meta":{"lastBranch":10,"lastFunction":6,"lastStatement":37,"seen":{"s:9:23:33:1":0,"s:35:19:35:23":1,"f:43:9:43:18":0,"s:44:17:44:30":2,"s:46:2:52:Infinity":3,"b:47:4:51:Infinity:49:11:51:Infinity":0,"s:47:4:51:Infinity":4,"b:47:8:47:19:47:23:47:54:47:58:47:85":1,"s:48:6:48:Infinity":5,"b:48:30:48:41:48:45:48:47":2,"s:50:6:50:Infinity":6,"s:54:2:54:Infinity":7,"f:61:22:61:32":1,"b:63:2:65:Infinity:undefined:undefined:undefined:undefined":3,"s:63:2:65:Infinity":8,"s:64:4:64:Infinity":9,"s:67:2:87:Infinity":10,"s:68:21:68:56":11,"b:70:4:74:Infinity:undefined:undefined:undefined:undefined":4,"s:70:4:74:Infinity":12,"s:71:6:71:Infinity":13,"s:72:6:72:Infinity":14,"s:73:6:73:Infinity":15,"s:76:19:76:40":16,"s:79:4:79:Infinity":17,"s:81:4:81:Infinity":18,"s:82:4:82:Infinity":19,"s:84:4:84:Infinity":20,"s:85:4:85:Infinity":21,"s:86:4:86:Infinity":22,"f:94:16:94:25":2,"b:95:2:98:Infinity:undefined:undefined:undefined:undefined":5,"s:95:2:98:Infinity":23,"s:96:4:96:Infinity":24,"s:97:4:97:Infinity":25,"s:99:2:99:Infinity":26,"f:108:16:108:30":3,"b:108:52:108:56":6,"s:109:17:109:28":27,"s:110:16:110:31":28,"s:112:16:112:22":29,"s:113:2:118:Infinity":30,"b:114:4:116:Infinity:undefined:undefined:undefined:undefined":7,"s:114:4:116:Infinity":31,"b:114:8:114:24:114:28:114:49:114:53:114:71":8,"s:115:6:115:Infinity":32,"s:117:4:117:Infinity":33,"s:120:2:120:Infinity":34,"b:120:33:120:40:120:43:120:55":9,"f:126:16:126:27":4,"s:127:2:127:Infinity":35,"f:134:16:134:30":5,"s:135:2:135:Infinity":36}}}
,"/mnt/extra/Projects/Philement/elements/003-lithium/src/core/event-bus.js": {"path":"/mnt/extra/Projects/Philement/elements/003-lithium/src/core/event-bus.js","statementMap":{"0":{"start":{"line":15,"column":4},"end":{"line":15,"column":null}},"1":{"start":{"line":24,"column":4},"end":{"line":24,"column":null}},"2":{"start":{"line":33,"column":4},"end":{"line":33,"column":null}},"3":{"start":{"line":42,"column":4},"end":{"line":42,"column":null}},"4":{"start":{"line":47,"column":24},"end":{"line":47,"column":38}},"5":{"start":{"line":50,"column":22},"end":{"line":73,"column":1}}},"fnMap":{"0":{"name":"(anonymous_0)","decl":{"start":{"line":14,"column":2},"end":{"line":14,"column":6}},"loc":{"start":{"line":14,"column":28},"end":{"line":16,"column":null}},"line":14},"1":{"name":"(anonymous_1)","decl":{"start":{"line":23,"column":2},"end":{"line":23,"column":4}},"loc":{"start":{"line":23,"column":20},"end":{"line":25,"column":null}},"line":23},"2":{"name":"(anonymous_2)","decl":{"start":{"line":32,"column":2},"end":{"line":32,"column":5}},"loc":{"start":{"line":32,"column":21},"end":{"line":34,"column":null}},"line":32},"3":{"name":"(anonymous_3)","decl":{"start":{"line":41,"column":2},"end":{"line":41,"column":6}},"loc":{"start":{"line":41,"column":22},"end":{"line":43,"column":null}},"line":41}},"branchMap":{"0":{"loc":{"start":{"line":14,"column":13},"end":{"line":14,"column":26}},"type":"default-arg","locations":[{"start":{"line":14,"column":22},"end":{"line":14,"column":26}}],"line":14}},"s":{"0":6,"1":5,"2":1,"3":1,"4":1,"5":1},"f":{"0":6,"1":5,"2":1,"3":1},"b":{"0":[6]},"meta":{"lastBranch":1,"lastFunction":4,"lastStatement":6,"seen":{"f:14:2:14:6":0,"b:14:22:14:26":0,"s:15:4:15:Infinity":0,"f:23:2:23:4":1,"s:24:4:24:Infinity":1,"f:32:2:32:5":2,"s:33:4:33:Infinity":2,"f:41:2:41:6":3,"s:42:4:42:Infinity":3,"s:47:24:47:38":4,"s:50:22:73:1":5}}}
,"/mnt/extra/Projects/Philement/elements/003-lithium/src/core/json-request.js": {"path":"/mnt/extra/Projects/Philement/elements/003-lithium/src/core/json-request.js","statementMap":{"0":{"start":{"line":18,"column":18},"end":{"line":18,"column":43}},"1":{"start":{"line":19,"column":20},"end":{"line":19,"column":56}},"2":{"start":{"line":22,"column":2},"end":{"line":24,"column":null}},"3":{"start":{"line":23,"column":4},"end":{"line":23,"column":null}},"4":{"start":{"line":27,"column":20},"end":{"line":27,"column":63}},"5":{"start":{"line":30,"column":2},"end":{"line":30,"column":null}},"6":{"start":{"line":39,"column":18},"end":{"line":42,"column":3}},"7":{"start":{"line":44,"column":2},"end":{"line":49,"column":null}},"8":{"start":{"line":45,"column":17},"end":{"line":45,"column":31}},"9":{"start":{"line":46,"column":4},"end":{"line":48,"column":null}},"10":{"start":{"line":47,"column":6},"end":{"line":47,"column":null}},"11":{"start":{"line":51,"column":2},"end":{"line":51,"column":null}},"12":{"start":{"line":61,"column":13},"end":{"line":61,"column":17}},"13":{"start":{"line":62,"column":22},"end":{"line":62,"column":58}},"14":{"start":{"line":64,"column":2},"end":{"line":70,"column":null}},"15":{"start":{"line":65,"column":4},"end":{"line":69,"column":null}},"16":{"start":{"line":66,"column":6},"end":{"line":66,"column":null}},"17":{"start":{"line":73,"column":2},"end":{"line":102,"column":null}},"18":{"start":{"line":74,"column":18},"end":{"line":74,"column":95}},"19":{"start":{"line":75,"column":4},"end":{"line":75,"column":null}},"20":{"start":{"line":76,"column":4},"end":{"line":76,"column":null}},"21":{"start":{"line":77,"column":4},"end":{"line":77,"column":null}},"22":{"start":{"line":80,"column":4},"end":{"line":99,"column":null}},"23":{"start":{"line":83,"column":8},"end":{"line":83,"column":null}},"24":{"start":{"line":84,"column":8},"end":{"line":84,"column":null}},"25":{"start":{"line":86,"column":8},"end":{"line":86,"column":null}},"26":{"start":{"line":87,"column":8},"end":{"line":87,"column":null}},"27":{"start":{"line":90,"column":27},"end":{"line":90,"column":62}},"28":{"start":{"line":91,"column":8},"end":{"line":91,"column":null}},"29":{"start":{"line":92,"column":8},"end":{"line":92,"column":null}},"30":{"start":{"line":97,"column":8},"end":{"line":97,"column":null}},"31":{"start":{"line":98,"column":8},"end":{"line":98,"column":null}},"32":{"start":{"line":101,"column":4},"end":{"line":101,"column":null}},"33":{"start":{"line":104,"column":2},"end":{"line":104,"column":null}},"34":{"start":{"line":114,"column":58},"end":{"line":114,"column":65}},"35":{"start":{"line":116,"column":14},"end":{"line":116,"column":36}},"36":{"start":{"line":118,"column":19},"end":{"line":122,"column":4}},"37":{"start":{"line":124,"column":2},"end":{"line":124,"column":null}},"38":{"start":{"line":135,"column":58},"end":{"line":135,"column":65}},"39":{"start":{"line":137,"column":14},"end":{"line":137,"column":36}},"40":{"start":{"line":139,"column":19},"end":{"line":144,"column":4}},"41":{"start":{"line":146,"column":2},"end":{"line":146,"column":null}},"42":{"start":{"line":157,"column":58},"end":{"line":157,"column":65}},"43":{"start":{"line":159,"column":14},"end":{"line":159,"column":36}},"44":{"start":{"line":161,"column":19},"end":{"line":166,"column":4}},"45":{"start":{"line":168,"column":2},"end":{"line":168,"column":null}},"46":{"start":{"line":178,"column":58},"end":{"line":178,"column":65}},"47":{"start":{"line":180,"column":14},"end":{"line":180,"column":36}},"48":{"start":{"line":182,"column":19},"end":{"line":186,"column":4}},"49":{"start":{"line":188,"column":2},"end":{"line":188,"column":null}},"50":{"start":{"line":199,"column":58},"end":{"line":199,"column":65}},"51":{"start":{"line":201,"column":14},"end":{"line":201,"column":36}},"52":{"start":{"line":203,"column":19},"end":{"line":208,"column":4}},"53":{"start":{"line":210,"column":2},"end":{"line":210,"column":null}},"54":{"start":{"line":219,"column":2},"end":{"line":225,"column":null}},"55":{"start":{"line":220,"column":33},"end":{"line":220,"column":81}},"56":{"start":{"line":221,"column":40},"end":{"line":221,"column":95}},"57":{"start":{"line":222,"column":39},"end":{"line":222,"column":93}},"58":{"start":{"line":223,"column":33},"end":{"line":223,"column":81}},"59":{"start":{"line":224,"column":41},"end":{"line":224,"column":97}}},"fnMap":{"0":{"name":"buildUrl","decl":{"start":{"line":17,"column":9},"end":{"line":17,"column":17}},"loc":{"start":{"line":17,"column":32},"end":{"line":31,"column":null}},"line":17},"1":{"name":"getHeaders","decl":{"start":{"line":38,"column":9},"end":{"line":38,"column":19}},"loc":{"start":{"line":38,"column":40},"end":{"line":52,"column":null}},"line":38},"2":{"name":"handleResponse","decl":{"start":{"line":59,"column":15},"end":{"line":59,"column":29}},"loc":{"start":{"line":59,"column":40},"end":{"line":105,"column":null}},"line":59},"3":{"name":"get","decl":{"start":{"line":113,"column":22},"end":{"line":113,"column":25}},"loc":{"start":{"line":113,"column":46},"end":{"line":125,"column":null}},"line":113},"4":{"name":"post","decl":{"start":{"line":134,"column":22},"end":{"line":134,"column":26}},"loc":{"start":{"line":134,"column":53},"end":{"line":147,"column":null}},"line":134},"5":{"name":"put","decl":{"start":{"line":156,"column":22},"end":{"line":156,"column":25}},"loc":{"start":{"line":156,"column":52},"end":{"line":169,"column":null}},"line":156},"6":{"name":"del","decl":{"start":{"line":177,"column":22},"end":{"line":177,"column":25}},"loc":{"start":{"line":177,"column":46},"end":{"line":189,"column":null}},"line":177},"7":{"name":"patch","decl":{"start":{"line":198,"column":22},"end":{"line":198,"column":27}},"loc":{"start":{"line":198,"column":54},"end":{"line":211,"column":null}},"line":198},"8":{"name":"createRequest","decl":{"start":{"line":218,"column":16},"end":{"line":218,"column":29}},"loc":{"start":{"line":218,"column":45},"end":{"line":226,"column":null}},"line":218},"9":{"name":"(anonymous_9)","decl":{"start":{"line":220,"column":9},"end":{"line":220,"column":10}},"loc":{"start":{"line":220,"column":33},"end":{"line":220,"column":81}},"line":220},"10":{"name":"(anonymous_10)","decl":{"start":{"line":221,"column":10},"end":{"line":221,"column":11}},"loc":{"start":{"line":221,"column":40},"end":{"line":221,"column":95}},"line":221},"11":{"name":"(anonymous_11)","decl":{"start":{"line":222,"column":9},"end":{"line":222,"column":10}},"loc":{"start":{"line":222,"column":39},"end":{"line":222,"column":93}},"line":222},"12":{"name":"(anonymous_12)","decl":{"start":{"line":223,"column":9},"end":{"line":223,"column":10}},"loc":{"start":{"line":223,"column":33},"end":{"line":223,"column":81}},"line":223},"13":{"name":"(anonymous_13)","decl":{"start":{"line":224,"column":11},"end":{"line":224,"column":12}},"loc":{"start":{"line":224,"column":41},"end":{"line":224,"column":97}},"line":224}},"branchMap":{"0":{"loc":{"start":{"line":18,"column":18},"end":{"line":18,"column":43}},"type":"binary-expr","locations":[{"start":{"line":18,"column":18},"end":{"line":18,"column":37}},{"start":{"line":18,"column":41},"end":{"line":18,"column":43}}],"line":18},"1":{"loc":{"start":{"line":19,"column":20},"end":{"line":19,"column":56}},"type":"binary-expr","locations":[{"start":{"line":19,"column":20},"end":{"line":19,"column":46}},{"start":{"line":19,"column":50},"end":{"line":19,"column":56}}],"line":19},"2":{"loc":{"start":{"line":22,"column":2},"end":{"line":24,"column":null}},"type":"if","locations":[{"start":{"line":22,"column":2},"end":{"line":24,"column":null}},{"start":{},"end":{}}],"line":22},"3":{"loc":{"start":{"line":27,"column":20},"end":{"line":27,"column":63}},"type":"cond-expr","locations":[{"start":{"line":27,"column":43},"end":{"line":27,"column":56}},{"start":{"line":27,"column":59},"end":{"line":27,"column":63}}],"line":27},"4":{"loc":{"start":{"line":38,"column":20},"end":{"line":38,"column":38}},"type":"default-arg","locations":[{"start":{"line":38,"column":34},"end":{"line":38,"column":38}}],"line":38},"5":{"loc":{"start":{"line":44,"column":2},"end":{"line":49,"column":null}},"type":"if","locations":[{"start":{"line":44,"column":2},"end":{"line":49,"column":null}},{"start":{},"end":{}}],"line":44},"6":{"loc":{"start":{"line":46,"column":4},"end":{"line":48,"column":null}},"type":"if","locations":[{"start":{"line":46,"column":4},"end":{"line":48,"column":null}},{"start":{},"end":{}}],"line":46},"7":{"loc":{"start":{"line":64,"column":2},"end":{"line":70,"column":null}},"type":"if","locations":[{"start":{"line":64,"column":2},"end":{"line":70,"column":null}},{"start":{},"end":{}}],"line":64},"8":{"loc":{"start":{"line":64,"column":6},"end":{"line":64,"column":61}},"type":"binary-expr","locations":[{"start":{"line":64,"column":6},"end":{"line":64,"column":17}},{"start":{"line":64,"column":21},"end":{"line":64,"column":61}}],"line":64},"9":{"loc":{"start":{"line":73,"column":2},"end":{"line":102,"column":null}},"type":"if","locations":[{"start":{"line":73,"column":2},"end":{"line":102,"column":null}},{"start":{},"end":{}}],"line":73},"10":{"loc":{"start":{"line":74,"column":28},"end":{"line":74,"column":94}},"type":"binary-expr","locations":[{"start":{"line":74,"column":28},"end":{"line":74,"column":41}},{"start":{"line":74,"column":45},"end":{"line":74,"column":94}}],"line":74},"11":{"loc":{"start":{"line":80,"column":4},"end":{"line":99,"column":null}},"type":"switch","locations":[{"start":{"line":81,"column":6},"end":{"line":84,"column":null}},{"start":{"line":85,"column":6},"end":{"line":87,"column":null}},{"start":{"line":88,"column":6},"end":{"line":92,"column":null}},{"start":{"line":93,"column":6},"end":{"line":93,"column":null}},{"start":{"line":94,"column":6},"end":{"line":94,"column":null}},{"start":{"line":95,"column":6},"end":{"line":95,"column":null}},{"start":{"line":96,"column":6},"end":{"line":98,"column":null}}],"line":80},"12":{"loc":{"start":{"line":86,"column":24},"end":{"line":86,"column":59}},"type":"binary-expr","locations":[{"start":{"line":86,"column":24},"end":{"line":86,"column":37}},{"start":{"line":86,"column":41},"end":{"line":86,"column":59}}],"line":86},"13":{"loc":{"start":{"line":91,"column":27},"end":{"line":91,"column":71}},"type":"cond-expr","locations":[{"start":{"line":91,"column":40},"end":{"line":91,"column":64}},{"start":{"line":91,"column":67},"end":{"line":91,"column":71}}],"line":91},"14":{"loc":{"start":{"line":97,"column":24},"end":{"line":97,"column":80}},"type":"binary-expr","locations":[{"start":{"line":97,"column":24},"end":{"line":97,"column":37}},{"start":{"line":97,"column":41},"end":{"line":97,"column":80}}],"line":97},"15":{"loc":{"start":{"line":113,"column":32},"end":{"line":113,"column":44}},"type":"default-arg","locations":[{"start":{"line":113,"column":42},"end":{"line":113,"column":44}}],"line":113},"16":{"loc":{"start":{"line":114,"column":18},"end":{"line":114,"column":36}},"type":"default-arg","locations":[{"start":{"line":114,"column":32},"end":{"line":114,"column":36}}],"line":114},"17":{"loc":{"start":{"line":134,"column":39},"end":{"line":134,"column":51}},"type":"default-arg","locations":[{"start":{"line":134,"column":49},"end":{"line":134,"column":51}}],"line":134},"18":{"loc":{"start":{"line":135,"column":18},"end":{"line":135,"column":36}},"type":"default-arg","locations":[{"start":{"line":135,"column":32},"end":{"line":135,"column":36}}],"line":135},"19":{"loc":{"start":{"line":156,"column":38},"end":{"line":156,"column":50}},"type":"default-arg","locations":[{"start":{"line":156,"column":48},"end":{"line":156,"column":50}}],"line":156},"20":{"loc":{"start":{"line":157,"column":18},"end":{"line":157,"column":36}},"type":"default-arg","locations":[{"start":{"line":157,"column":32},"end":{"line":157,"column":36}}],"line":157},"21":{"loc":{"start":{"line":177,"column":32},"end":{"line":177,"column":44}},"type":"default-arg","locations":[{"start":{"line":177,"column":42},"end":{"line":177,"column":44}}],"line":177},"22":{"loc":{"start":{"line":178,"column":18},"end":{"line":178,"column":36}},"type":"default-arg","locations":[{"start":{"line":178,"column":32},"end":{"line":178,"column":36}}],"line":178},"23":{"loc":{"start":{"line":198,"column":40},"end":{"line":198,"column":52}},"type":"default-arg","locations":[{"start":{"line":198,"column":50},"end":{"line":198,"column":52}}],"line":198},"24":{"loc":{"start":{"line":199,"column":18},"end":{"line":199,"column":36}},"type":"default-arg","locations":[{"start":{"line":199,"column":32},"end":{"line":199,"column":36}}],"line":199},"25":{"loc":{"start":{"line":220,"column":16},"end":{"line":220,"column":28}},"type":"default-arg","locations":[{"start":{"line":220,"column":26},"end":{"line":220,"column":28}}],"line":220},"26":{"loc":{"start":{"line":221,"column":23},"end":{"line":221,"column":35}},"type":"default-arg","locations":[{"start":{"line":221,"column":33},"end":{"line":221,"column":35}}],"line":221},"27":{"loc":{"start":{"line":222,"column":22},"end":{"line":222,"column":34}},"type":"default-arg","locations":[{"start":{"line":222,"column":32},"end":{"line":222,"column":34}}],"line":222},"28":{"loc":{"start":{"line":223,"column":16},"end":{"line":223,"column":28}},"type":"default-arg","locations":[{"start":{"line":223,"column":26},"end":{"line":223,"column":28}}],"line":223},"29":{"loc":{"start":{"line":224,"column":24},"end":{"line":224,"column":36}},"type":"default-arg","locations":[{"start":{"line":224,"column":34},"end":{"line":224,"column":36}}],"line":224}},"s":{"0":0,"1":0,"2":0,"3":0,"4":0,"5":0,"6":0,"7":0,"8":0,"9":1,"10":1,"11":1,"12":1,"13":1,"14":1,"15":1,"16":0,"17":0,"18":0,"19":10,"20":10,"21":10,"22":10,"23":10,"24":0,"25":0,"26":0,"27":0,"28":2,"29":2,"30":2,"31":2,"32":2,"33":2,"34":0,"35":0,"36":0,"37":0,"38":0,"39":2,"40":2,"41":2,"42":0,"43":0,"44":0,"45":0,"46":0,"47":0,"48":2,"49":1,"50":1,"51":0,"52":0,"53":0,"54":0,"55":0,"56":0,"57":0,"58":0,"59":0},"f":{"0":0,"1":0,"2":1,"3":0,"4":0,"5":0,"6":0,"7":0,"8":0,"9":0,"10":0,"11":0,"12":0,"13":0},"b":{"0":[0,0],"1":[0,0],"2":[0,0],"3":[0,0],"4":[0],"5":[0,0],"6":[1,0],"7":[1,0],"8":[4,4],"9":[0,0],"10":[0,0],"11":[10,0,0,2,2,2,2],"12":[0,0],"13":[2,2],"14":[2,2],"15":[0],"16":[0],"17":[0],"18":[0],"19":[0],"20":[0],"21":[0],"22":[0],"23":[1],"24":[1],"25":[0],"26":[0],"27":[0],"28":[0],"29":[0]},"meta":{"lastBranch":30,"lastFunction":14,"lastStatement":60,"seen":{"f:17:9:17:17":0,"s:18:18:18:43":0,"b:18:18:18:37:18:41:18:43":0,"s:19:20:19:56":1,"b:19:20:19:46:19:50:19:56":1,"b:22:2:24:Infinity:undefined:undefined:undefined:undefined":2,"s:22:2:24:Infinity":2,"s:23:4:23:Infinity":3,"s:27:20:27:63":4,"b:27:43:27:56:27:59:27:63":3,"s:30:2:30:Infinity":5,"f:38:9:38:19":1,"b:38:34:38:38":4,"s:39:18:42:3":6,"b:44:2:49:Infinity:undefined:undefined:undefined:undefined":5,"s:44:2:49:Infinity":7,"s:45:17:45:31":8,"b:46:4:48:Infinity:undefined:undefined:undefined:undefined":6,"s:46:4:48:Infinity":9,"s:47:6:47:Infinity":10,"s:51:2:51:Infinity":11,"f:59:15:59:29":2,"s:61:13:61:17":12,"s:62:22:62:58":13,"b:64:2:70:Infinity:undefined:undefined:undefined:undefined":7,"s:64:2:70:Infinity":14,"b:64:6:64:17:64:21:64:61":8,"s:65:4:69:Infinity":15,"s:66:6:66:Infinity":16,"b:73:2:102:Infinity:undefined:undefined:undefined:undefined":9,"s:73:2:102:Infinity":17,"s:74:18:74:95":18,"b:74:28:74:41:74:45:74:94":10,"s:75:4:75:Infinity":19,"s:76:4:76:Infinity":20,"s:77:4:77:Infinity":21,"b:81:6:84:Infinity:85:6:87:Infinity:88:6:92:Infinity:93:6:93:Infinity:94:6:94:Infinity:95:6:95:Infinity:96:6:98:Infinity":11,"s:80:4:99:Infinity":22,"s:83:8:83:Infinity":23,"s:84:8:84:Infinity":24,"s:86:8:86:Infinity":25,"b:86:24:86:37:86:41:86:59":12,"s:87:8:87:Infinity":26,"s:90:27:90:62":27,"s:91:8:91:Infinity":28,"b:91:40:91:64:91:67:91:71":13,"s:92:8:92:Infinity":29,"s:97:8:97:Infinity":30,"b:97:24:97:37:97:41:97:80":14,"s:98:8:98:Infinity":31,"s:101:4:101:Infinity":32,"s:104:2:104:Infinity":33,"f:113:22:113:25":3,"b:113:42:113:44":15,"s:114:58:114:65":34,"b:114:32:114:36":16,"s:116:14:116:36":35,"s:118:19:122:4":36,"s:124:2:124:Infinity":37,"f:134:22:134:26":4,"b:134:49:134:51":17,"s:135:58:135:65":38,"b:135:32:135:36":18,"s:137:14:137:36":39,"s:139:19:144:4":40,"s:146:2:146:Infinity":41,"f:156:22:156:25":5,"b:156:48:156:50":19,"s:157:58:157:65":42,"b:157:32:157:36":20,"s:159:14:159:36":43,"s:161:19:166:4":44,"s:168:2:168:Infinity":45,"f:177:22:177:25":6,"b:177:42:177:44":21,"s:178:58:178:65":46,"b:178:32:178:36":22,"s:180:14:180:36":47,"s:182:19:186:4":48,"s:188:2:188:Infinity":49,"f:198:22:198:27":7,"b:198:50:198:52":23,"s:199:58:199:65":50,"b:199:32:199:36":24,"s:201:14:201:36":51,"s:203:19:208:4":52,"s:210:2:210:Infinity":53,"f:218:16:218:29":8,"s:219:2:225:Infinity":54,"f:220:9:220:10":9,"s:220:33:220:81":55,"b:220:26:220:28":25,"f:221:10:221:11":10,"s:221:40:221:95":56,"b:221:33:221:35":26,"f:222:9:222:10":11,"s:222:39:222:93":57,"b:222:32:222:34":27,"f:223:9:223:10":12,"s:223:33:223:81":58,"b:223:26:223:28":28,"f:224:11:224:12":13,"s:224:41:224:97":59,"b:224:34:224:36":29}}}
,"/mnt/extra/Projects/Philement/elements/003-lithium/src/core/jwt.js": {"path":"/mnt/extra/Projects/Philement/elements/003-lithium/src/core/jwt.js","statementMap":{"0":{"start":{"line":8,"column":20},"end":{"line":8,"column":33}},"1":{"start":{"line":17,"column":15},"end":{"line":17,"column":62}},"2":{"start":{"line":20,"column":18},"end":{"line":20,"column":35}},"3":{"start":{"line":21,"column":2},"end":{"line":23,"column":null}},"4":{"start":{"line":22,"column":4},"end":{"line":22,"column":null}},"5":{"start":{"line":26,"column":2},"end":{"line":37,"column":null}},"6":{"start":{"line":27,"column":4},"end":{"line":36,"column":null}},"7":{"start":{"line":29,"column":22},"end":{"line":29,"column":34}},"8":{"start":{"line":31,"column":6},"end":{"line":33,"column":null}},"9":{"start":{"line":32,"column":8},"end":{"line":32,"column":null}},"10":{"start":{"line":35,"column":6},"end":{"line":35,"column":null}},"11":{"start":{"line":40,"column":2},"end":{"line":42,"column":null}},"12":{"start":{"line":41,"column":4},"end":{"line":41,"column":null}},"13":{"start":{"line":44,"column":2},"end":{"line":44,"column":null}},"14":{"start":{"line":53,"column":2},"end":{"line":55,"column":null}},"15":{"start":{"line":54,"column":4},"end":{"line":54,"column":null}},"16":{"start":{"line":57,"column":16},"end":{"line":57,"column":32}},"17":{"start":{"line":58,"column":2},"end":{"line":60,"column":null}},"18":{"start":{"line":59,"column":4},"end":{"line":59,"column":null}},"19":{"start":{"line":62,"column":2},"end":{"line":67,"column":null}},"20":{"start":{"line":63,"column":20},"end":{"line":63,"column":45}},"21":{"start":{"line":64,"column":4},"end":{"line":64,"column":null}},"22":{"start":{"line":66,"column":4},"end":{"line":66,"column":null}},"23":{"start":{"line":77,"column":2},"end":{"line":88,"column":null}},"24":{"start":{"line":78,"column":19},"end":{"line":78,"column":71}},"25":{"start":{"line":80,"column":4},"end":{"line":82,"column":null}},"26":{"start":{"line":81,"column":6},"end":{"line":81,"column":19}},"27":{"start":{"line":84,"column":16},"end":{"line":84,"column":45}},"28":{"start":{"line":85,"column":4},"end":{"line":85,"column":null}},"29":{"start":{"line":87,"column":4},"end":{"line":87,"column":16}},"30":{"start":{"line":97,"column":2},"end":{"line":99,"column":null}},"31":{"start":{"line":98,"column":4},"end":{"line":98,"column":null}},"32":{"start":{"line":101,"column":2},"end":{"line":111,"column":null}},"33":{"start":{"line":102,"column":19},"end":{"line":102,"column":35}},"34":{"start":{"line":104,"column":4},"end":{"line":106,"column":null}},"35":{"start":{"line":105,"column":6},"end":{"line":105,"column":null}},"36":{"start":{"line":108,"column":4},"end":{"line":108,"column":null}},"37":{"start":{"line":110,"column":4},"end":{"line":110,"column":null}},"38":{"start":{"line":120,"column":2},"end":{"line":124,"column":null}},"39":{"start":{"line":121,"column":4},"end":{"line":121,"column":null}},"40":{"start":{"line":123,"column":4},"end":{"line":123,"column":null}},"41":{"start":{"line":132,"column":2},"end":{"line":134,"column":null}},"42":{"start":{"line":133,"column":4},"end":{"line":133,"column":null}},"43":{"start":{"line":135,"column":2},"end":{"line":135,"column":null}},"44":{"start":{"line":143,"column":2},"end":{"line":143,"column":null}},"45":{"start":{"line":150,"column":2},"end":{"line":150,"column":null}},"46":{"start":{"line":159,"column":2},"end":{"line":170,"column":null}},"47":{"start":{"line":160,"column":19},"end":{"line":160,"column":71}},"48":{"start":{"line":162,"column":4},"end":{"line":164,"column":null}},"49":{"start":{"line":163,"column":6},"end":{"line":163,"column":null}},"50":{"start":{"line":166,"column":16},"end":{"line":166,"column":45}},"51":{"start":{"line":167,"column":4},"end":{"line":167,"column":null}},"52":{"start":{"line":169,"column":4},"end":{"line":169,"column":null}},"53":{"start":{"line":179,"column":26},"end":{"line":179,"column":51}},"54":{"start":{"line":181,"column":2},"end":{"line":183,"column":null}},"55":{"start":{"line":182,"column":4},"end":{"line":182,"column":null}},"56":{"start":{"line":185,"column":2},"end":{"line":187,"column":null}},"57":{"start":{"line":186,"column":4},"end":{"line":186,"column":null}},"58":{"start":{"line":190,"column":2},"end":{"line":190,"column":null}}},"fnMap":{"0":{"name":"base64UrlDecode","decl":{"start":{"line":15,"column":9},"end":{"line":15,"column":24}},"loc":{"start":{"line":15,"column":36},"end":{"line":45,"column":null}},"line":15},"1":{"name":"(anonymous_1)","decl":{"start":{"line":31,"column":54},"end":{"line":31,"column":55}},"loc":{"start":{"line":32,"column":8},"end":{"line":32,"column":null}},"line":32},"2":{"name":"decodeJWT","decl":{"start":{"line":52,"column":16},"end":{"line":52,"column":25}},"loc":{"start":{"line":52,"column":33},"end":{"line":68,"column":null}},"line":52},"3":{"name":"isExpired","decl":{"start":{"line":76,"column":16},"end":{"line":76,"column":25}},"loc":{"start":{"line":76,"column":49},"end":{"line":89,"column":null}},"line":76},"4":{"name":"validateJWT","decl":{"start":{"line":96,"column":16},"end":{"line":96,"column":27}},"loc":{"start":{"line":96,"column":35},"end":{"line":112,"column":null}},"line":96},"5":{"name":"getClaims","decl":{"start":{"line":119,"column":16},"end":{"line":119,"column":25}},"loc":{"start":{"line":119,"column":33},"end":{"line":125,"column":null}},"line":119},"6":{"name":"storeJWT","decl":{"start":{"line":131,"column":16},"end":{"line":131,"column":24}},"loc":{"start":{"line":131,"column":32},"end":{"line":136,"column":null}},"line":131},"7":{"name":"retrieveJWT","decl":{"start":{"line":142,"column":16},"end":{"line":142,"column":27}},"loc":{"start":{"line":142,"column":30},"end":{"line":144,"column":null}},"line":142},"8":{"name":"clearJWT","decl":{"start":{"line":149,"column":16},"end":{"line":149,"column":24}},"loc":{"start":{"line":149,"column":27},"end":{"line":151,"column":null}},"line":149},"9":{"name":"getTimeUntilExpiry","decl":{"start":{"line":158,"column":16},"end":{"line":158,"column":34}},"loc":{"start":{"line":158,"column":42},"end":{"line":171,"column":null}},"line":158},"10":{"name":"getRenewalTime","decl":{"start":{"line":178,"column":16},"end":{"line":178,"column":30}},"loc":{"start":{"line":178,"column":38},"end":{"line":191,"column":null}},"line":178}},"branchMap":{"0":{"loc":{"start":{"line":21,"column":2},"end":{"line":23,"column":null}},"type":"if","locations":[{"start":{"line":21,"column":2},"end":{"line":23,"column":null}},{"start":{},"end":{}}],"line":21},"1":{"loc":{"start":{"line":26,"column":2},"end":{"line":37,"column":null}},"type":"if","locations":[{"start":{"line":26,"column":2},"end":{"line":37,"column":null}},{"start":{},"end":{}}],"line":26},"2":{"loc":{"start":{"line":40,"column":2},"end":{"line":42,"column":null}},"type":"if","locations":[{"start":{"line":40,"column":2},"end":{"line":42,"column":null}},{"start":{},"end":{}}],"line":40},"3":{"loc":{"start":{"line":53,"column":2},"end":{"line":55,"column":null}},"type":"if","locations":[{"start":{"line":53,"column":2},"end":{"line":55,"column":null}},{"start":{},"end":{}}],"line":53},"4":{"loc":{"start":{"line":53,"column":6},"end":{"line":53,"column":41}},"type":"binary-expr","locations":[{"start":{"line":53,"column":6},"end":{"line":53,"column":12}},{"start":{"line":53,"column":16},"end":{"line":53,"column":41}}],"line":53},"5":{"loc":{"start":{"line":58,"column":2},"end":{"line":60,"column":null}},"type":"if","locations":[{"start":{"line":58,"column":2},"end":{"line":60,"column":null}},{"start":{},"end":{}}],"line":58},"6":{"loc":{"start":{"line":76,"column":33},"end":{"line":76,"column":47}},"type":"default-arg","locations":[{"start":{"line":76,"column":45},"end":{"line":76,"column":47}}],"line":76},"7":{"loc":{"start":{"line":78,"column":19},"end":{"line":78,"column":71}},"type":"cond-expr","locations":[{"start":{"line":78,"column":47},"end":{"line":78,"column":63}},{"start":{"line":78,"column":66},"end":{"line":78,"column":71}}],"line":78},"8":{"loc":{"start":{"line":80,"column":4},"end":{"line":82,"column":null}},"type":"if","locations":[{"start":{"line":80,"column":4},"end":{"line":82,"column":null}},{"start":{},"end":{}}],"line":80},"9":{"loc":{"start":{"line":80,"column":8},"end":{"line":80,"column":53}},"type":"binary-expr","locations":[{"start":{"line":80,"column":8},"end":{"line":80,"column":19}},{"start":{"line":80,"column":23},"end":{"line":80,"column":53}}],"line":80},"10":{"loc":{"start":{"line":97,"column":2},"end":{"line":99,"column":null}},"type":"if","locations":[{"start":{"line":97,"column":2},"end":{"line":99,"column":null}},{"start":{},"end":{}}],"line":97},"11":{"loc":{"start":{"line":97,"column":6},"end":{"line":97,"column":41}},"type":"binary-expr","locations":[{"start":{"line":97,"column":6},"end":{"line":97,"column":12}},{"start":{"line":97,"column":16},"end":{"line":97,"column":41}}],"line":97},"12":{"loc":{"start":{"line":104,"column":4},"end":{"line":106,"column":null}},"type":"if","locations":[{"start":{"line":104,"column":4},"end":{"line":106,"column":null}},{"start":{},"end":{}}],"line":104},"13":{"loc":{"start":{"line":132,"column":2},"end":{"line":134,"column":null}},"type":"if","locations":[{"start":{"line":132,"column":2},"end":{"line":134,"column":null}},{"start":{},"end":{}}],"line":132},"14":{"loc":{"start":{"line":160,"column":19},"end":{"line":160,"column":71}},"type":"cond-expr","locations":[{"start":{"line":160,"column":47},"end":{"line":160,"column":63}},{"start":{"line":160,"column":66},"end":{"line":160,"column":71}}],"line":160},"15":{"loc":{"start":{"line":162,"column":4},"end":{"line":164,"column":null}},"type":"if","locations":[{"start":{"line":162,"column":4},"end":{"line":164,"column":null}},{"start":{},"end":{}}],"line":162},"16":{"loc":{"start":{"line":162,"column":8},"end":{"line":162,"column":53}},"type":"binary-expr","locations":[{"start":{"line":162,"column":8},"end":{"line":162,"column":19}},{"start":{"line":162,"column":23},"end":{"line":162,"column":53}}],"line":162},"17":{"loc":{"start":{"line":181,"column":2},"end":{"line":183,"column":null}},"type":"if","locations":[{"start":{"line":181,"column":2},"end":{"line":183,"column":null}},{"start":{},"end":{}}],"line":181},"18":{"loc":{"start":{"line":185,"column":2},"end":{"line":187,"column":null}},"type":"if","locations":[{"start":{"line":185,"column":2},"end":{"line":187,"column":null}},{"start":{},"end":{}}],"line":185}},"s":{"0":1,"1":6,"2":6,"3":6,"4":12,"5":6,"6":6,"7":22,"8":22,"9":2161,"10":0,"11":0,"12":0,"13":0,"14":30,"15":2,"16":28,"17":28,"18":6,"19":22,"20":22,"21":22,"22":0,"23":0,"24":0,"25":0,"26":1,"27":7,"28":7,"29":1,"30":0,"31":1,"32":3,"33":3,"34":3,"35":1,"36":1,"37":1,"38":8,"39":8,"40":1,"41":6,"42":2,"43":4,"44":6,"45":26,"46":7,"47":7,"48":7,"49":2,"50":4,"51":4,"52":1,"53":3,"54":3,"55":1,"56":2,"57":1,"58":1},"f":{"0":22,"1":2161,"2":30,"3":9,"4":4,"5":8,"6":6,"7":6,"8":26,"9":7,"10":3},"b":{"0":[12,-6],"1":[6,0],"2":[0,0],"3":[2,28],"4":[30,28],"5":[6,22],"6":[0],"7":[7,2],"8":[1,-1],"9":[9,7],"10":[1,-1],"11":[0,3],"12":[1,2],"13":[2,4],"14":[7,0],"15":[2,5],"16":[7,4],"17":[1,2],"18":[1,1]},"meta":{"lastBranch":19,"lastFunction":11,"lastStatement":59,"seen":{"s:8:20:8:33":0,"f:15:9:15:24":0,"s:17:15:17:62":1,"s:20:18:20:35":2,"b:21:2:23:Infinity:undefined:undefined:undefined:undefined":0,"s:21:2:23:Infinity":3,"s:22:4:22:Infinity":4,"b:26:2:37:Infinity:undefined:undefined:undefined:undefined":1,"s:26:2:37:Infinity":5,"s:27:4:36:Infinity":6,"s:29:22:29:34":7,"s:31:6:33:Infinity":8,"f:31:54:31:55":1,"s:32:8:32:Infinity":9,"s:35:6:35:Infinity":10,"b:40:2:42:Infinity:undefined:undefined:undefined:undefined":2,"s:40:2:42:Infinity":11,"s:41:4:41:Infinity":12,"s:44:2:44:Infinity":13,"f:52:16:52:25":2,"b:53:2:55:Infinity:undefined:undefined:undefined:undefined":3,"s:53:2:55:Infinity":14,"b:53:6:53:12:53:16:53:41":4,"s:54:4:54:Infinity":15,"s:57:16:57:32":16,"b:58:2:60:Infinity:undefined:undefined:undefined:undefined":5,"s:58:2:60:Infinity":17,"s:59:4:59:Infinity":18,"s:62:2:67:Infinity":19,"s:63:20:63:45":20,"s:64:4:64:Infinity":21,"s:66:4:66:Infinity":22,"f:76:16:76:25":3,"b:76:45:76:47":6,"s:77:2:88:Infinity":23,"s:78:19:78:71":24,"b:78:47:78:63:78:66:78:71":7,"b:80:4:82:Infinity:undefined:undefined:undefined:undefined":8,"s:80:4:82:Infinity":25,"b:80:8:80:19:80:23:80:53":9,"s:81:6:81:19":26,"s:84:16:84:45":27,"s:85:4:85:Infinity":28,"s:87:4:87:16":29,"f:96:16:96:27":4,"b:97:2:99:Infinity:undefined:undefined:undefined:undefined":10,"s:97:2:99:Infinity":30,"b:97:6:97:12:97:16:97:41":11,"s:98:4:98:Infinity":31,"s:101:2:111:Infinity":32,"s:102:19:102:35":33,"b:104:4:106:Infinity:undefined:undefined:undefined:undefined":12,"s:104:4:106:Infinity":34,"s:105:6:105:Infinity":35,"s:108:4:108:Infinity":36,"s:110:4:110:Infinity":37,"f:119:16:119:25":5,"s:120:2:124:Infinity":38,"s:121:4:121:Infinity":39,"s:123:4:123:Infinity":40,"f:131:16:131:24":6,"b:132:2:134:Infinity:undefined:undefined:undefined:undefined":13,"s:132:2:134:Infinity":41,"s:133:4:133:Infinity":42,"s:135:2:135:Infinity":43,"f:142:16:142:27":7,"s:143:2:143:Infinity":44,"f:149:16:149:24":8,"s:150:2:150:Infinity":45,"f:158:16:158:34":9,"s:159:2:170:Infinity":46,"s:160:19:160:71":47,"b:160:47:160:63:160:66:160:71":14,"b:162:4:164:Infinity:undefined:undefined:undefined:undefined":15,"s:162:4:164:Infinity":48,"b:162:8:162:19:162:23:162:53":16,"s:163:6:163:Infinity":49,"s:166:16:166:45":50,"s:167:4:167:Infinity":51,"s:169:4:169:Infinity":52,"f:178:16:178:30":10,"s:179:26:179:51":53,"b:181:2:183:Infinity:undefined:undefined:undefined:undefined":17,"s:181:2:183:Infinity":54,"s:182:4:182:Infinity":55,"b:185:2:187:Infinity:undefined:undefined:undefined:undefined":18,"s:185:2:187:Infinity":56,"s:186:4:186:Infinity":57,"s:190:2:190:Infinity":58}}}
,"/mnt/extra/Projects/Philement/elements/003-lithium/src/core/permissions.js": {"path":"/mnt/extra/Projects/Philement/elements/003-lithium/src/core/permissions.js","statementMap":{"0":{"start":{"line":17,"column":2},"end":{"line":17,"column":null}},"1":{"start":{"line":28,"column":2},"end":{"line":31,"column":null}},"2":{"start":{"line":30,"column":4},"end":{"line":30,"column":null}},"3":{"start":{"line":34,"column":2},"end":{"line":36,"column":null}},"4":{"start":{"line":35,"column":4},"end":{"line":35,"column":null}},"5":{"start":{"line":39,"column":2},"end":{"line":39,"column":null}},"6":{"start":{"line":51,"column":2},"end":{"line":53,"column":null}},"7":{"start":{"line":52,"column":4},"end":{"line":52,"column":null}},"8":{"start":{"line":56,"column":2},"end":{"line":58,"column":null}},"9":{"start":{"line":57,"column":4},"end":{"line":57,"column":null}},"10":{"start":{"line":61,"column":2},"end":{"line":63,"column":null}},"11":{"start":{"line":62,"column":4},"end":{"line":62,"column":null}},"12":{"start":{"line":66,"column":26},"end":{"line":66,"column":63}},"13":{"start":{"line":67,"column":2},"end":{"line":69,"column":null}},"14":{"start":{"line":68,"column":4},"end":{"line":68,"column":null}},"15":{"start":{"line":71,"column":2},"end":{"line":71,"column":null}},"16":{"start":{"line":81,"column":2},"end":{"line":84,"column":null}},"17":{"start":{"line":83,"column":4},"end":{"line":83,"column":null}},"18":{"start":{"line":86,"column":2},"end":{"line":86,"column":null}},"19":{"start":{"line":97,"column":2},"end":{"line":99,"column":null}},"20":{"start":{"line":98,"column":4},"end":{"line":98,"column":null}},"21":{"start":{"line":101,"column":2},"end":{"line":103,"column":null}},"22":{"start":{"line":102,"column":4},"end":{"line":102,"column":null}},"23":{"start":{"line":105,"column":2},"end":{"line":105,"column":null}},"24":{"start":{"line":114,"column":2},"end":{"line":120,"column":null}},"25":{"start":{"line":115,"column":4},"end":{"line":119,"column":null}},"26":{"start":{"line":122,"column":2},"end":{"line":126,"column":null}}},"fnMap":{"0":{"name":"getPunchcard","decl":{"start":{"line":14,"column":9},"end":{"line":14,"column":21}},"loc":{"start":{"line":14,"column":24},"end":{"line":18,"column":null}},"line":14},"1":{"name":"canAccessManager","decl":{"start":{"line":26,"column":16},"end":{"line":26,"column":32}},"loc":{"start":{"line":26,"column":62},"end":{"line":40,"column":null}},"line":26},"2":{"name":"hasFeature","decl":{"start":{"line":49,"column":16},"end":{"line":49,"column":26}},"loc":{"start":{"line":49,"column":67},"end":{"line":72,"column":null}},"line":49},"3":{"name":"getPermittedManagers","decl":{"start":{"line":79,"column":16},"end":{"line":79,"column":36}},"loc":{"start":{"line":79,"column":55},"end":{"line":87,"column":null}},"line":79},"4":{"name":"getFeaturesForManager","decl":{"start":{"line":95,"column":16},"end":{"line":95,"column":37}},"loc":{"start":{"line":95,"column":67},"end":{"line":106,"column":null}},"line":95},"5":{"name":"parsePermissions","decl":{"start":{"line":113,"column":16},"end":{"line":113,"column":32}},"loc":{"start":{"line":113,"column":41},"end":{"line":127,"column":null}},"line":113}},"branchMap":{"0":{"loc":{"start":{"line":26,"column":44},"end":{"line":26,"column":60}},"type":"default-arg","locations":[{"start":{"line":26,"column":56},"end":{"line":26,"column":60}}],"line":26},"1":{"loc":{"start":{"line":28,"column":2},"end":{"line":31,"column":null}},"type":"if","locations":[{"start":{"line":28,"column":2},"end":{"line":31,"column":null}},{"start":{},"end":{}}],"line":28},"2":{"loc":{"start":{"line":34,"column":2},"end":{"line":36,"column":null}},"type":"if","locations":[{"start":{"line":34,"column":2},"end":{"line":36,"column":null}},{"start":{},"end":{}}],"line":34},"3":{"loc":{"start":{"line":34,"column":6},"end":{"line":34,"column":63}},"type":"binary-expr","locations":[{"start":{"line":34,"column":6},"end":{"line":34,"column":25}},{"start":{"line":34,"column":29},"end":{"line":34,"column":63}}],"line":34},"4":{"loc":{"start":{"line":49,"column":49},"end":{"line":49,"column":65}},"type":"default-arg","locations":[{"start":{"line":49,"column":61},"end":{"line":49,"column":65}}],"line":49},"5":{"loc":{"start":{"line":51,"column":2},"end":{"line":53,"column":null}},"type":"if","locations":[{"start":{"line":51,"column":2},"end":{"line":53,"column":null}},{"start":{},"end":{}}],"line":51},"6":{"loc":{"start":{"line":56,"column":2},"end":{"line":58,"column":null}},"type":"if","locations":[{"start":{"line":56,"column":2},"end":{"line":58,"column":null}},{"start":{},"end":{}}],"line":56},"7":{"loc":{"start":{"line":61,"column":2},"end":{"line":63,"column":null}},"type":"if","locations":[{"start":{"line":61,"column":2},"end":{"line":63,"column":null}},{"start":{},"end":{}}],"line":61},"8":{"loc":{"start":{"line":61,"column":6},"end":{"line":61,"column":67}},"type":"binary-expr","locations":[{"start":{"line":61,"column":6},"end":{"line":61,"column":25}},{"start":{"line":61,"column":29},"end":{"line":61,"column":67}}],"line":61},"9":{"loc":{"start":{"line":67,"column":2},"end":{"line":69,"column":null}},"type":"if","locations":[{"start":{"line":67,"column":2},"end":{"line":69,"column":null}},{"start":{},"end":{}}],"line":67},"10":{"loc":{"start":{"line":79,"column":37},"end":{"line":79,"column":53}},"type":"default-arg","locations":[{"start":{"line":79,"column":49},"end":{"line":79,"column":53}}],"line":79},"11":{"loc":{"start":{"line":81,"column":2},"end":{"line":84,"column":null}},"type":"if","locations":[{"start":{"line":81,"column":2},"end":{"line":84,"column":null}},{"start":{},"end":{}}],"line":81},"12":{"loc":{"start":{"line":86,"column":9},"end":{"line":86,"column":33}},"type":"binary-expr","locations":[{"start":{"line":86,"column":9},"end":{"line":86,"column":27}},{"start":{"line":86,"column":31},"end":{"line":86,"column":33}}],"line":86},"13":{"loc":{"start":{"line":95,"column":49},"end":{"line":95,"column":65}},"type":"default-arg","locations":[{"start":{"line":95,"column":61},"end":{"line":95,"column":65}}],"line":95},"14":{"loc":{"start":{"line":97,"column":2},"end":{"line":99,"column":null}},"type":"if","locations":[{"start":{"line":97,"column":2},"end":{"line":99,"column":null}},{"start":{},"end":{}}],"line":97},"15":{"loc":{"start":{"line":101,"column":2},"end":{"line":103,"column":null}},"type":"if","locations":[{"start":{"line":101,"column":2},"end":{"line":103,"column":null}},{"start":{},"end":{}}],"line":101},"16":{"loc":{"start":{"line":101,"column":6},"end":{"line":101,"column":67}},"type":"binary-expr","locations":[{"start":{"line":101,"column":6},"end":{"line":101,"column":25}},{"start":{"line":101,"column":29},"end":{"line":101,"column":67}}],"line":101},"17":{"loc":{"start":{"line":105,"column":9},"end":{"line":105,"column":52}},"type":"binary-expr","locations":[{"start":{"line":105,"column":9},"end":{"line":105,"column":46}},{"start":{"line":105,"column":50},"end":{"line":105,"column":52}}],"line":105},"18":{"loc":{"start":{"line":114,"column":2},"end":{"line":120,"column":null}},"type":"if","locations":[{"start":{"line":114,"column":2},"end":{"line":120,"column":null}},{"start":{},"end":{}}],"line":114},"19":{"loc":{"start":{"line":114,"column":6},"end":{"line":114,"column":34}},"type":"binary-expr","locations":[{"start":{"line":114,"column":6},"end":{"line":114,"column":13}},{"start":{"line":114,"column":17},"end":{"line":114,"column":34}}],"line":114},"20":{"loc":{"start":{"line":124,"column":14},"end":{"line":124,"column":45}},"type":"binary-expr","locations":[{"start":{"line":124,"column":14},"end":{"line":124,"column":39}},{"start":{"line":124,"column":43},"end":{"line":124,"column":45}}],"line":124},"21":{"loc":{"start":{"line":125,"column":14},"end":{"line":125,"column":45}},"type":"binary-expr","locations":[{"start":{"line":125,"column":14},"end":{"line":125,"column":39}},{"start":{"line":125,"column":43},"end":{"line":125,"column":45}}],"line":125}},"s":{"0":0,"1":19,"2":2,"3":17,"4":1,"5":16,"6":12,"7":2,"8":10,"9":1,"10":9,"11":1,"12":8,"13":8,"14":1,"15":7,"16":3,"17":1,"18":2,"19":4,"20":1,"21":3,"22":1,"23":2,"24":4,"25":2,"26":2},"f":{"0":0,"1":19,"2":12,"3":3,"4":4,"5":4},"b":{"0":[19],"1":[2,17],"2":[1,16],"3":[17,16],"4":[12],"5":[2,10],"6":[1,9],"7":[1,8],"8":[9,8],"9":[1,7],"10":[3],"11":[1,2],"12":[2,1],"13":[4],"14":[1,3],"15":[1,2],"16":[3,2],"17":[2,1],"18":[2,2],"19":[4,3],"20":[2,0],"21":[4,0]},"meta":{"lastBranch":22,"lastFunction":6,"lastStatement":27,"seen":{"f:14:9:14:21":0,"s:17:2:17:Infinity":0,"f:26:16:26:32":1,"b:26:56:26:60":0,"b:28:2:31:Infinity:undefined:undefined:undefined:undefined":1,"s:28:2:31:Infinity":1,"s:30:4:30:Infinity":2,"b:34:2:36:Infinity:undefined:undefined:undefined:undefined":2,"s:34:2:36:Infinity":3,"b:34:6:34:25:34:29:34:63":3,"s:35:4:35:Infinity":4,"s:39:2:39:Infinity":5,"f:49:16:49:26":2,"b:49:61:49:65":4,"b:51:2:53:Infinity:undefined:undefined:undefined:undefined":5,"s:51:2:53:Infinity":6,"s:52:4:52:Infinity":7,"b:56:2:58:Infinity:undefined:undefined:undefined:undefined":6,"s:56:2:58:Infinity":8,"s:57:4:57:Infinity":9,"b:61:2:63:Infinity:undefined:undefined:undefined:undefined":7,"s:61:2:63:Infinity":10,"b:61:6:61:25:61:29:61:67":8,"s:62:4:62:Infinity":11,"s:66:26:66:63":12,"b:67:2:69:Infinity:undefined:undefined:undefined:undefined":9,"s:67:2:69:Infinity":13,"s:68:4:68:Infinity":14,"s:71:2:71:Infinity":15,"f:79:16:79:36":3,"b:79:49:79:53":10,"b:81:2:84:Infinity:undefined:undefined:undefined:undefined":11,"s:81:2:84:Infinity":16,"s:83:4:83:Infinity":17,"s:86:2:86:Infinity":18,"b:86:9:86:27:86:31:86:33":12,"f:95:16:95:37":4,"b:95:61:95:65":13,"b:97:2:99:Infinity:undefined:undefined:undefined:undefined":14,"s:97:2:99:Infinity":19,"s:98:4:98:Infinity":20,"b:101:2:103:Infinity:undefined:undefined:undefined:undefined":15,"s:101:2:103:Infinity":21,"b:101:6:101:25:101:29:101:67":16,"s:102:4:102:Infinity":22,"s:105:2:105:Infinity":23,"b:105:9:105:46:105:50:105:52":17,"f:113:16:113:32":5,"b:114:2:120:Infinity:undefined:undefined:undefined:undefined":18,"s:114:2:120:Infinity":24,"b:114:6:114:13:114:17:114:34":19,"s:115:4:119:Infinity":25,"s:122:2:126:Infinity":26,"b:124:14:124:39:124:43:124:45":20,"b:125:14:125:39:125:43:125:45":21}}}
,"/mnt/extra/Projects/Philement/elements/003-lithium/src/core/transitions.js": {"path":"/mnt/extra/Projects/Philement/elements/003-lithium/src/core/transitions.js","statementMap":{"0":{"start":{"line":11,"column":32},"end":{"line":11,"column":55}},"1":{"start":{"line":19,"column":2},"end":{"line":21,"column":null}},"2":{"start":{"line":20,"column":4},"end":{"line":20,"column":15}},"3":{"start":{"line":23,"column":15},"end":{"line":23,"column":39}},"4":{"start":{"line":24,"column":24},"end":{"line":24,"column":46}},"5":{"start":{"line":25,"column":24},"end":{"line":25,"column":86}},"6":{"start":{"line":27,"column":2},"end":{"line":29,"column":null}},"7":{"start":{"line":28,"column":4},"end":{"line":28,"column":15}},"8":{"start":{"line":32,"column":2},"end":{"line":36,"column":null}},"9":{"start":{"line":33,"column":4},"end":{"line":33,"column":null}},"10":{"start":{"line":34,"column":9},"end":{"line":36,"column":null}},"11":{"start":{"line":35,"column":4},"end":{"line":35,"column":null}},"12":{"start":{"line":38,"column":2},"end":{"line":38,"column":13}},"13":{"start":{"line":46,"column":15},"end":{"line":46,"column":38}},"14":{"start":{"line":47,"column":2},"end":{"line":51,"column":null}},"15":{"start":{"line":58,"column":35},"end":{"line":62,"column":1}},"16":{"start":{"line":59,"column":15},"end":{"line":59,"column":52}},"17":{"start":{"line":60,"column":17},"end":{"line":60,"column":56}},"18":{"start":{"line":61,"column":15},"end":{"line":61,"column":52}},"19":{"start":{"line":71,"column":2},"end":{"line":99,"column":null}},"20":{"start":{"line":72,"column":4},"end":{"line":75,"column":null}},"21":{"start":{"line":73,"column":6},"end":{"line":73,"column":null}},"22":{"start":{"line":74,"column":6},"end":{"line":74,"column":null}},"23":{"start":{"line":77,"column":16},"end":{"line":77,"column":51}},"24":{"start":{"line":80,"column":4},"end":{"line":80,"column":null}},"25":{"start":{"line":81,"column":4},"end":{"line":81,"column":null}},"26":{"start":{"line":84,"column":4},"end":{"line":84,"column":null}},"27":{"start":{"line":87,"column":4},"end":{"line":87,"column":null}},"28":{"start":{"line":90,"column":4},"end":{"line":92,"column":null}},"29":{"start":{"line":91,"column":6},"end":{"line":91,"column":null}},"30":{"start":{"line":95,"column":4},"end":{"line":98,"column":null}},"31":{"start":{"line":96,"column":6},"end":{"line":96,"column":null}},"32":{"start":{"line":97,"column":6},"end":{"line":97,"column":null}},"33":{"start":{"line":109,"column":2},"end":{"line":131,"column":null}},"34":{"start":{"line":110,"column":4},"end":{"line":113,"column":null}},"35":{"start":{"line":111,"column":6},"end":{"line":111,"column":null}},"36":{"start":{"line":112,"column":6},"end":{"line":112,"column":null}},"37":{"start":{"line":115,"column":16},"end":{"line":115,"column":51}},"38":{"start":{"line":118,"column":4},"end":{"line":118,"column":null}},"39":{"start":{"line":121,"column":4},"end":{"line":123,"column":null}},"40":{"start":{"line":122,"column":6},"end":{"line":122,"column":null}},"41":{"start":{"line":126,"column":4},"end":{"line":130,"column":null}},"42":{"start":{"line":127,"column":6},"end":{"line":127,"column":null}},"43":{"start":{"line":128,"column":6},"end":{"line":128,"column":null}},"44":{"start":{"line":129,"column":6},"end":{"line":129,"column":null}},"45":{"start":{"line":142,"column":2},"end":{"line":163,"column":null}},"46":{"start":{"line":143,"column":4},"end":{"line":146,"column":null}},"47":{"start":{"line":144,"column":6},"end":{"line":144,"column":null}},"48":{"start":{"line":145,"column":6},"end":{"line":145,"column":null}},"49":{"start":{"line":148,"column":16},"end":{"line":148,"column":51}},"50":{"start":{"line":149,"column":21},"end":{"line":149,"column":23}},"51":{"start":{"line":151,"column":4},"end":{"line":153,"column":null}},"52":{"start":{"line":152,"column":6},"end":{"line":152,"column":null}},"53":{"start":{"line":155,"column":4},"end":{"line":160,"column":null}},"54":{"start":{"line":157,"column":6},"end":{"line":159,"column":null}},"55":{"start":{"line":158,"column":8},"end":{"line":158,"column":null}},"56":{"start":{"line":162,"column":4},"end":{"line":162,"column":null}},"57":{"start":{"line":173,"column":2},"end":{"line":196,"column":null}},"58":{"start":{"line":174,"column":4},"end":{"line":177,"column":null}},"59":{"start":{"line":175,"column":6},"end":{"line":175,"column":null}},"60":{"start":{"line":176,"column":6},"end":{"line":176,"column":null}},"61":{"start":{"line":179,"column":16},"end":{"line":179,"column":51}},"62":{"start":{"line":181,"column":4},"end":{"line":181,"column":null}},"63":{"start":{"line":182,"column":4},"end":{"line":182,"column":null}},"64":{"start":{"line":184,"column":4},"end":{"line":184,"column":null}},"65":{"start":{"line":186,"column":4},"end":{"line":186,"column":null}},"66":{"start":{"line":188,"column":4},"end":{"line":190,"column":null}},"67":{"start":{"line":189,"column":6},"end":{"line":189,"column":null}},"68":{"start":{"line":192,"column":4},"end":{"line":195,"column":null}},"69":{"start":{"line":193,"column":6},"end":{"line":193,"column":null}},"70":{"start":{"line":194,"column":6},"end":{"line":194,"column":null}},"71":{"start":{"line":206,"column":2},"end":{"line":229,"column":null}},"72":{"start":{"line":207,"column":4},"end":{"line":210,"column":null}},"73":{"start":{"line":208,"column":6},"end":{"line":208,"column":null}},"74":{"start":{"line":209,"column":6},"end":{"line":209,"column":null}},"75":{"start":{"line":212,"column":16},"end":{"line":212,"column":51}},"76":{"start":{"line":214,"column":4},"end":{"line":214,"column":null}},"77":{"start":{"line":215,"column":4},"end":{"line":215,"column":null}},"78":{"start":{"line":217,"column":4},"end":{"line":217,"column":null}},"79":{"start":{"line":219,"column":4},"end":{"line":219,"column":null}},"80":{"start":{"line":221,"column":4},"end":{"line":223,"column":null}},"81":{"start":{"line":222,"column":6},"end":{"line":222,"column":null}},"82":{"start":{"line":225,"column":4},"end":{"line":228,"column":null}},"83":{"start":{"line":226,"column":6},"end":{"line":226,"column":null}},"84":{"start":{"line":227,"column":6},"end":{"line":227,"column":null}},"85":{"start":{"line":240,"column":14},"end":{"line":240,"column":49}},"86":{"start":{"line":241,"column":2},"end":{"line":241,"column":null}},"87":{"start":{"line":251,"column":14},"end":{"line":251,"column":49}},"88":{"start":{"line":252,"column":2},"end":{"line":252,"column":null}},"89":{"start":{"line":252,"column":32},"end":{"line":252,"column":56}},"90":{"start":{"line":262,"column":14},"end":{"line":262,"column":49}},"91":{"start":{"line":263,"column":2},"end":{"line":263,"column":null}},"92":{"start":{"line":263,"column":32},"end":{"line":263,"column":60}}},"fnMap":{"0":{"name":"getTransitionDuration","decl":{"start":{"line":18,"column":16},"end":{"line":18,"column":37}},"loc":{"start":{"line":18,"column":40},"end":{"line":39,"column":null}},"line":18},"1":{"name":"getTransitionDurations","decl":{"start":{"line":45,"column":16},"end":{"line":45,"column":38}},"loc":{"start":{"line":45,"column":41},"end":{"line":52,"column":null}},"line":45},"2":{"name":"(anonymous_2)","decl":{"start":{"line":59,"column":6},"end":{"line":59,"column":10}},"loc":{"start":{"line":59,"column":13},"end":{"line":59,"column":54}},"line":59},"3":{"name":"(anonymous_3)","decl":{"start":{"line":60,"column":6},"end":{"line":60,"column":12}},"loc":{"start":{"line":60,"column":15},"end":{"line":60,"column":58}},"line":60},"4":{"name":"(anonymous_4)","decl":{"start":{"line":61,"column":6},"end":{"line":61,"column":10}},"loc":{"start":{"line":61,"column":13},"end":{"line":61,"column":54}},"line":61},"5":{"name":"fadeIn","decl":{"start":{"line":70,"column":16},"end":{"line":70,"column":22}},"loc":{"start":{"line":70,"column":49},"end":{"line":100,"column":null}},"line":70},"6":{"name":"(anonymous_6)","decl":{"start":{"line":71,"column":21},"end":{"line":71,"column":22}},"loc":{"start":{"line":71,"column":34},"end":{"line":99,"column":3}},"line":71},"7":{"name":"(anonymous_7)","decl":{"start":{"line":90,"column":26},"end":{"line":90,"column":27}},"loc":{"start":{"line":90,"column":32},"end":{"line":92,"column":5}},"line":90},"8":{"name":"(anonymous_8)","decl":{"start":{"line":95,"column":15},"end":{"line":95,"column":16}},"loc":{"start":{"line":95,"column":21},"end":{"line":98,"column":5}},"line":95},"9":{"name":"fadeOut","decl":{"start":{"line":108,"column":16},"end":{"line":108,"column":23}},"loc":{"start":{"line":108,"column":50},"end":{"line":132,"column":null}},"line":108},"10":{"name":"(anonymous_10)","decl":{"start":{"line":109,"column":21},"end":{"line":109,"column":22}},"loc":{"start":{"line":109,"column":34},"end":{"line":131,"column":3}},"line":109},"11":{"name":"(anonymous_11)","decl":{"start":{"line":121,"column":26},"end":{"line":121,"column":27}},"loc":{"start":{"line":121,"column":32},"end":{"line":123,"column":5}},"line":121},"12":{"name":"(anonymous_12)","decl":{"start":{"line":126,"column":15},"end":{"line":126,"column":16}},"loc":{"start":{"line":126,"column":21},"end":{"line":130,"column":5}},"line":126},"13":{"name":"crossfade","decl":{"start":{"line":141,"column":16},"end":{"line":141,"column":25}},"loc":{"start":{"line":141,"column":67},"end":{"line":164,"column":null}},"line":141},"14":{"name":"(anonymous_14)","decl":{"start":{"line":142,"column":21},"end":{"line":142,"column":22}},"loc":{"start":{"line":142,"column":34},"end":{"line":163,"column":3}},"line":142},"15":{"name":"(anonymous_15)","decl":{"start":{"line":157,"column":17},"end":{"line":157,"column":18}},"loc":{"start":{"line":157,"column":23},"end":{"line":159,"column":7}},"line":157},"16":{"name":"fadeInFlex","decl":{"start":{"line":172,"column":16},"end":{"line":172,"column":26}},"loc":{"start":{"line":172,"column":53},"end":{"line":197,"column":null}},"line":172},"17":{"name":"(anonymous_17)","decl":{"start":{"line":173,"column":21},"end":{"line":173,"column":22}},"loc":{"start":{"line":173,"column":34},"end":{"line":196,"column":3}},"line":173},"18":{"name":"(anonymous_18)","decl":{"start":{"line":188,"column":26},"end":{"line":188,"column":27}},"loc":{"start":{"line":188,"column":32},"end":{"line":190,"column":5}},"line":188},"19":{"name":"(anonymous_19)","decl":{"start":{"line":192,"column":15},"end":{"line":192,"column":16}},"loc":{"start":{"line":192,"column":21},"end":{"line":195,"column":5}},"line":192},"20":{"name":"fadeInBlock","decl":{"start":{"line":205,"column":16},"end":{"line":205,"column":27}},"loc":{"start":{"line":205,"column":54},"end":{"line":230,"column":null}},"line":205},"21":{"name":"(anonymous_21)","decl":{"start":{"line":206,"column":21},"end":{"line":206,"column":22}},"loc":{"start":{"line":206,"column":34},"end":{"line":229,"column":3}},"line":206},"22":{"name":"(anonymous_22)","decl":{"start":{"line":221,"column":26},"end":{"line":221,"column":27}},"loc":{"start":{"line":221,"column":32},"end":{"line":223,"column":5}},"line":221},"23":{"name":"(anonymous_23)","decl":{"start":{"line":225,"column":15},"end":{"line":225,"column":16}},"loc":{"start":{"line":225,"column":21},"end":{"line":228,"column":5}},"line":225},"24":{"name":"swapPanels","decl":{"start":{"line":239,"column":16},"end":{"line":239,"column":26}},"loc":{"start":{"line":239,"column":70},"end":{"line":242,"column":null}},"line":239},"25":{"name":"waitForTransition","decl":{"start":{"line":250,"column":16},"end":{"line":250,"column":33}},"loc":{"start":{"line":250,"column":51},"end":{"line":253,"column":null}},"line":250},"26":{"name":"(anonymous_26)","decl":{"start":{"line":252,"column":21},"end":{"line":252,"column":28}},"loc":{"start":{"line":252,"column":32},"end":{"line":252,"column":56}},"line":252},"27":{"name":"waitForHalfTransition","decl":{"start":{"line":261,"column":16},"end":{"line":261,"column":37}},"loc":{"start":{"line":261,"column":55},"end":{"line":264,"column":null}},"line":261},"28":{"name":"(anonymous_28)","decl":{"start":{"line":263,"column":21},"end":{"line":263,"column":28}},"loc":{"start":{"line":263,"column":32},"end":{"line":263,"column":60}},"line":263}},"branchMap":{"0":{"loc":{"start":{"line":19,"column":2},"end":{"line":21,"column":null}},"type":"if","locations":[{"start":{"line":19,"column":2},"end":{"line":21,"column":null}},{"start":{},"end":{}}],"line":19},"1":{"loc":{"start":{"line":27,"column":2},"end":{"line":29,"column":null}},"type":"if","locations":[{"start":{"line":27,"column":2},"end":{"line":29,"column":null}},{"start":{},"end":{}}],"line":27},"2":{"loc":{"start":{"line":32,"column":2},"end":{"line":36,"column":null}},"type":"if","locations":[{"start":{"line":32,"column":2},"end":{"line":36,"column":null}},{"start":{"line":34,"column":9},"end":{"line":36,"column":null}}],"line":32},"3":{"loc":{"start":{"line":34,"column":9},"end":{"line":36,"column":null}},"type":"if","locations":[{"start":{"line":34,"column":9},"end":{"line":36,"column":null}},{"start":{},"end":{}}],"line":34},"4":{"loc":{"start":{"line":70,"column":32},"end":{"line":70,"column":47}},"type":"default-arg","locations":[{"start":{"line":70,"column":43},"end":{"line":70,"column":47}}],"line":70},"5":{"loc":{"start":{"line":72,"column":4},"end":{"line":75,"column":null}},"type":"if","locations":[{"start":{"line":72,"column":4},"end":{"line":75,"column":null}},{"start":{},"end":{}}],"line":72},"6":{"loc":{"start":{"line":77,"column":16},"end":{"line":77,"column":51}},"type":"binary-expr","locations":[{"start":{"line":77,"column":16},"end":{"line":77,"column":24}},{"start":{"line":77,"column":28},"end":{"line":77,"column":51}}],"line":77},"7":{"loc":{"start":{"line":108,"column":33},"end":{"line":108,"column":48}},"type":"default-arg","locations":[{"start":{"line":108,"column":44},"end":{"line":108,"column":48}}],"line":108},"8":{"loc":{"start":{"line":110,"column":4},"end":{"line":113,"column":null}},"type":"if","locations":[{"start":{"line":110,"column":4},"end":{"line":113,"column":null}},{"start":{},"end":{}}],"line":110},"9":{"loc":{"start":{"line":115,"column":16},"end":{"line":115,"column":51}},"type":"binary-expr","locations":[{"start":{"line":115,"column":16},"end":{"line":115,"column":24}},{"start":{"line":115,"column":28},"end":{"line":115,"column":51}}],"line":115},"10":{"loc":{"start":{"line":141,"column":50},"end":{"line":141,"column":65}},"type":"default-arg","locations":[{"start":{"line":141,"column":61},"end":{"line":141,"column":65}}],"line":141},"11":{"loc":{"start":{"line":143,"column":4},"end":{"line":146,"column":null}},"type":"if","locations":[{"start":{"line":143,"column":4},"end":{"line":146,"column":null}},{"start":{},"end":{}}],"line":143},"12":{"loc":{"start":{"line":143,"column":8},"end":{"line":143,"column":34}},"type":"binary-expr","locations":[{"start":{"line":143,"column":8},"end":{"line":143,"column":20}},{"start":{"line":143,"column":24},"end":{"line":143,"column":34}}],"line":143},"13":{"loc":{"start":{"line":148,"column":16},"end":{"line":148,"column":51}},"type":"binary-expr","locations":[{"start":{"line":148,"column":16},"end":{"line":148,"column":24}},{"start":{"line":148,"column":28},"end":{"line":148,"column":51}}],"line":148},"14":{"loc":{"start":{"line":151,"column":4},"end":{"line":153,"column":null}},"type":"if","locations":[{"start":{"line":151,"column":4},"end":{"line":153,"column":null}},{"start":{},"end":{}}],"line":151},"15":{"loc":{"start":{"line":155,"column":4},"end":{"line":160,"column":null}},"type":"if","locations":[{"start":{"line":155,"column":4},"end":{"line":160,"column":null}},{"start":{},"end":{}}],"line":155},"16":{"loc":{"start":{"line":172,"column":36},"end":{"line":172,"column":51}},"type":"default-arg","locations":[{"start":{"line":172,"column":47},"end":{"line":172,"column":51}}],"line":172},"17":{"loc":{"start":{"line":174,"column":4},"end":{"line":177,"column":null}},"type":"if","locations":[{"start":{"line":174,"column":4},"end":{"line":177,"column":null}},{"start":{},"end":{}}],"line":174},"18":{"loc":{"start":{"line":179,"column":16},"end":{"line":179,"column":51}},"type":"binary-expr","locations":[{"start":{"line":179,"column":16},"end":{"line":179,"column":24}},{"start":{"line":179,"column":28},"end":{"line":179,"column":51}}],"line":179},"19":{"loc":{"start":{"line":205,"column":37},"end":{"line":205,"column":52}},"type":"default-arg","locations":[{"start":{"line":205,"column":48},"end":{"line":205,"column":52}}],"line":205},"20":{"loc":{"start":{"line":207,"column":4},"end":{"line":210,"column":null}},"type":"if","locations":[{"start":{"line":207,"column":4},"end":{"line":210,"column":null}},{"start":{},"end":{}}],"line":207},"21":{"loc":{"start":{"line":212,"column":16},"end":{"line":212,"column":51}},"type":"binary-expr","locations":[{"start":{"line":212,"column":16},"end":{"line":212,"column":24}},{"start":{"line":212,"column":28},"end":{"line":212,"column":51}}],"line":212},"22":{"loc":{"start":{"line":239,"column":53},"end":{"line":239,"column":68}},"type":"default-arg","locations":[{"start":{"line":239,"column":64},"end":{"line":239,"column":68}}],"line":239},"23":{"loc":{"start":{"line":240,"column":14},"end":{"line":240,"column":49}},"type":"binary-expr","locations":[{"start":{"line":240,"column":14},"end":{"line":240,"column":22}},{"start":{"line":240,"column":26},"end":{"line":240,"column":49}}],"line":240},"24":{"loc":{"start":{"line":250,"column":34},"end":{"line":250,"column":49}},"type":"default-arg","locations":[{"start":{"line":250,"column":45},"end":{"line":250,"column":49}}],"line":250},"25":{"loc":{"start":{"line":251,"column":14},"end":{"line":251,"column":49}},"type":"binary-expr","locations":[{"start":{"line":251,"column":14},"end":{"line":251,"column":22}},{"start":{"line":251,"column":26},"end":{"line":251,"column":49}}],"line":251},"26":{"loc":{"start":{"line":261,"column":38},"end":{"line":261,"column":53}},"type":"default-arg","locations":[{"start":{"line":261,"column":49},"end":{"line":261,"column":53}}],"line":261},"27":{"loc":{"start":{"line":262,"column":14},"end":{"line":262,"column":49}},"type":"binary-expr","locations":[{"start":{"line":262,"column":14},"end":{"line":262,"column":22}},{"start":{"line":262,"column":26},"end":{"line":262,"column":49}}],"line":262}},"s":{"0":0,"1":0,"2":0,"3":0,"4":0,"5":0,"6":0,"7":0,"8":0,"9":0,"10":0,"11":0,"12":0,"13":0,"14":0,"15":0,"16":0,"17":0,"18":0,"19":0,"20":0,"21":0,"22":0,"23":0,"24":0,"25":0,"26":0,"27":0,"28":0,"29":0,"30":0,"31":0,"32":0,"33":0,"34":0,"35":0,"36":0,"37":0,"38":0,"39":0,"40":0,"41":0,"42":0,"43":0,"44":0,"45":0,"46":0,"47":0,"48":0,"49":0,"50":0,"51":0,"52":0,"53":0,"54":0,"55":0,"56":0,"57":0,"58":0,"59":0,"60":0,"61":0,"62":0,"63":0,"64":0,"65":0,"66":0,"67":0,"68":0,"69":0,"70":0,"71":0,"72":0,"73":0,"74":0,"75":0,"76":0,"77":0,"78":0,"79":0,"80":0,"81":0,"82":0,"83":0,"84":0,"85":0,"86":0,"87":0,"88":0,"89":0,"90":0,"91":0,"92":0},"f":{"0":0,"1":0,"2":0,"3":0,"4":0,"5":0,"6":0,"7":0,"8":0,"9":0,"10":0,"11":0,"12":0,"13":0,"14":0,"15":0,"16":0,"17":0,"18":0,"19":0,"20":0,"21":0,"22":0,"23":0,"24":0,"25":0,"26":0,"27":0,"28":0},"b":{"0":[0,0],"1":[0,0],"2":[0,0],"3":[0,0],"4":[0],"5":[0,0],"6":[0,0],"7":[0],"8":[0,0],"9":[0,0],"10":[0],"11":[0,0],"12":[0,0],"13":[0,0],"14":[0,0],"15":[0,0],"16":[0],"17":[0,0],"18":[0,0],"19":[0],"20":[0,0],"21":[0,0],"22":[0],"23":[0,0],"24":[0],"25":[0,0],"26":[0],"27":[0,0]},"meta":{"lastBranch":28,"lastFunction":29,"lastStatement":93,"seen":{"s:11:32:11:55":0,"f:18:16:18:37":0,"b:19:2:21:Infinity:undefined:undefined:undefined:undefined":0,"s:19:2:21:Infinity":1,"s:20:4:20:15":2,"s:23:15:23:39":3,"s:24:24:24:46":4,"s:25:24:25:86":5,"b:27:2:29:Infinity:undefined:undefined:undefined:undefined":1,"s:27:2:29:Infinity":6,"s:28:4:28:15":7,"b:32:2:36:Infinity:34:9:36:Infinity":2,"s:32:2:36:Infinity":8,"s:33:4:33:Infinity":9,"b:34:9:36:Infinity:undefined:undefined:undefined:undefined":3,"s:34:9:36:Infinity":10,"s:35:4:35:Infinity":11,"s:38:2:38:13":12,"f:45:16:45:38":1,"s:46:15:46:38":13,"s:47:2:51:Infinity":14,"s:58:35:62:1":15,"f:59:6:59:10":2,"s:59:15:59:52":16,"f:60:6:60:12":3,"s:60:17:60:56":17,"f:61:6:61:10":4,"s:61:15:61:52":18,"f:70:16:70:22":5,"b:70:43:70:47":4,"s:71:2:99:Infinity":19,"f:71:21:71:22":6,"b:72:4:75:Infinity:undefined:undefined:undefined:undefined":5,"s:72:4:75:Infinity":20,"s:73:6:73:Infinity":21,"s:74:6:74:Infinity":22,"s:77:16:77:51":23,"b:77:16:77:24:77:28:77:51":6,"s:80:4:80:Infinity":24,"s:81:4:81:Infinity":25,"s:84:4:84:Infinity":26,"s:87:4:87:Infinity":27,"s:90:4:92:Infinity":28,"f:90:26:90:27":7,"s:91:6:91:Infinity":29,"s:95:4:98:Infinity":30,"f:95:15:95:16":8,"s:96:6:96:Infinity":31,"s:97:6:97:Infinity":32,"f:108:16:108:23":9,"b:108:44:108:48":7,"s:109:2:131:Infinity":33,"f:109:21:109:22":10,"b:110:4:113:Infinity:undefined:undefined:undefined:undefined":8,"s:110:4:113:Infinity":34,"s:111:6:111:Infinity":35,"s:112:6:112:Infinity":36,"s:115:16:115:51":37,"b:115:16:115:24:115:28:115:51":9,"s:118:4:118:Infinity":38,"s:121:4:123:Infinity":39,"f:121:26:121:27":11,"s:122:6:122:Infinity":40,"s:126:4:130:Infinity":41,"f:126:15:126:16":12,"s:127:6:127:Infinity":42,"s:128:6:128:Infinity":43,"s:129:6:129:Infinity":44,"f:141:16:141:25":13,"b:141:61:141:65":10,"s:142:2:163:Infinity":45,"f:142:21:142:22":14,"b:143:4:146:Infinity:undefined:undefined:undefined:undefined":11,"s:143:4:146:Infinity":46,"b:143:8:143:20:143:24:143:34":12,"s:144:6:144:Infinity":47,"s:145:6:145:Infinity":48,"s:148:16:148:51":49,"b:148:16:148:24:148:28:148:51":13,"s:149:21:149:23":50,"b:151:4:153:Infinity:undefined:undefined:undefined:undefined":14,"s:151:4:153:Infinity":51,"s:152:6:152:Infinity":52,"b:155:4:160:Infinity:undefined:undefined:undefined:undefined":15,"s:155:4:160:Infinity":53,"s:157:6:159:Infinity":54,"f:157:17:157:18":15,"s:158:8:158:Infinity":55,"s:162:4:162:Infinity":56,"f:172:16:172:26":16,"b:172:47:172:51":16,"s:173:2:196:Infinity":57,"f:173:21:173:22":17,"b:174:4:177:Infinity:undefined:undefined:undefined:undefined":17,"s:174:4:177:Infinity":58,"s:175:6:175:Infinity":59,"s:176:6:176:Infinity":60,"s:179:16:179:51":61,"b:179:16:179:24:179:28:179:51":18,"s:181:4:181:Infinity":62,"s:182:4:182:Infinity":63,"s:184:4:184:Infinity":64,"s:186:4:186:Infinity":65,"s:188:4:190:Infinity":66,"f:188:26:188:27":18,"s:189:6:189:Infinity":67,"s:192:4:195:Infinity":68,"f:192:15:192:16":19,"s:193:6:193:Infinity":69,"s:194:6:194:Infinity":70,"f:205:16:205:27":20,"b:205:48:205:52":19,"s:206:2:229:Infinity":71,"f:206:21:206:22":21,"b:207:4:210:Infinity:undefined:undefined:undefined:undefined":20,"s:207:4:210:Infinity":72,"s:208:6:208:Infinity":73,"s:209:6:209:Infinity":74,"s:212:16:212:51":75,"b:212:16:212:24:212:28:212:51":21,"s:214:4:214:Infinity":76,"s:215:4:215:Infinity":77,"s:217:4:217:Infinity":78,"s:219:4:219:Infinity":79,"s:221:4:223:Infinity":80,"f:221:26:221:27":22,"s:222:6:222:Infinity":81,"s:225:4:228:Infinity":82,"f:225:15:225:16":23,"s:226:6:226:Infinity":83,"s:227:6:227:Infinity":84,"f:239:16:239:26":24,"b:239:64:239:68":22,"s:240:14:240:49":85,"b:240:14:240:22:240:26:240:49":23,"s:241:2:241:Infinity":86,"f:250:16:250:33":25,"b:250:45:250:49":24,"s:251:14:251:49":87,"b:251:14:251:22:251:26:251:49":25,"s:252:2:252:Infinity":88,"f:252:21:252:28":26,"s:252:32:252:56":89,"f:261:16:261:37":27,"b:261:49:261:53":26,"s:262:14:262:49":90,"b:262:14:262:22:262:26:262:49":27,"s:263:2:263:Infinity":91,"f:263:21:263:28":28,"s:263:32:263:60":92}}}
,"/mnt/extra/Projects/Philement/elements/003-lithium/src/core/utils.js": {"path":"/mnt/extra/Projects/Philement/elements/003-lithium/src/core/utils.js","statementMap":{"0":{"start":{"line":10,"column":18},"end":{"line":10,"column":39}},"1":{"start":{"line":13,"column":22},"end":{"line":22,"column":1}},"2":{"start":{"line":30,"column":2},"end":{"line":37,"column":null}},"3":{"start":{"line":31,"column":19},"end":{"line":31,"column":50}},"4":{"start":{"line":32,"column":4},"end":{"line":34,"column":null}},"5":{"start":{"line":33,"column":6},"end":{"line":33,"column":null}},"6":{"start":{"line":36,"column":4},"end":{"line":36,"column":null}},"7":{"start":{"line":40,"column":16},"end":{"line":40,"column":51}},"8":{"start":{"line":41,"column":2},"end":{"line":46,"column":null}},"9":{"start":{"line":42,"column":18},"end":{"line":42,"column":35}},"10":{"start":{"line":43,"column":4},"end":{"line":45,"column":null}},"11":{"start":{"line":44,"column":6},"end":{"line":44,"column":null}},"12":{"start":{"line":48,"column":2},"end":{"line":48,"column":null}},"13":{"start":{"line":56,"column":2},"end":{"line":62,"column":null}},"14":{"start":{"line":57,"column":20},"end":{"line":57,"column":36}},"15":{"start":{"line":58,"column":20},"end":{"line":58,"column":44}},"16":{"start":{"line":59,"column":4},"end":{"line":59,"column":null}},"17":{"start":{"line":61,"column":4},"end":{"line":61,"column":null}},"18":{"start":{"line":72,"column":16},"end":{"line":72,"column":32}},"19":{"start":{"line":73,"column":12},"end":{"line":73,"column":56}},"20":{"start":{"line":75,"column":2},"end":{"line":77,"column":null}},"21":{"start":{"line":76,"column":4},"end":{"line":76,"column":null}},"22":{"start":{"line":79,"column":24},"end":{"line":82,"column":3}},"23":{"start":{"line":84,"column":2},"end":{"line":84,"column":null}},"24":{"start":{"line":94,"column":16},"end":{"line":94,"column":32}},"25":{"start":{"line":95,"column":12},"end":{"line":95,"column":56}},"26":{"start":{"line":97,"column":2},"end":{"line":99,"column":null}},"27":{"start":{"line":98,"column":4},"end":{"line":98,"column":null}},"28":{"start":{"line":101,"column":24},"end":{"line":105,"column":3}},"29":{"start":{"line":107,"column":2},"end":{"line":107,"column":null}},"30":{"start":{"line":117,"column":16},"end":{"line":117,"column":32}},"31":{"start":{"line":118,"column":12},"end":{"line":118,"column":56}},"32":{"start":{"line":120,"column":2},"end":{"line":122,"column":null}},"33":{"start":{"line":121,"column":4},"end":{"line":121,"column":null}},"34":{"start":{"line":124,"column":24},"end":{"line":129,"column":3}},"35":{"start":{"line":131,"column":2},"end":{"line":131,"column":null}},"36":{"start":{"line":141,"column":16},"end":{"line":141,"column":32}},"37":{"start":{"line":143,"column":2},"end":{"line":145,"column":null}},"38":{"start":{"line":144,"column":4},"end":{"line":144,"column":null}},"39":{"start":{"line":147,"column":24},"end":{"line":151,"column":3}},"40":{"start":{"line":153,"column":2},"end":{"line":153,"column":null}},"41":{"start":{"line":164,"column":16},"end":{"line":164,"column":32}},"42":{"start":{"line":165,"column":15},"end":{"line":165,"column":64}},"43":{"start":{"line":167,"column":2},"end":{"line":169,"column":null}},"44":{"start":{"line":168,"column":4},"end":{"line":168,"column":null}},"45":{"start":{"line":171,"column":24},"end":{"line":175,"column":3}},"46":{"start":{"line":177,"column":2},"end":{"line":177,"column":null}},"47":{"start":{"line":187,"column":16},"end":{"line":187,"column":32}},"48":{"start":{"line":189,"column":2},"end":{"line":191,"column":null}},"49":{"start":{"line":190,"column":4},"end":{"line":190,"column":null}},"50":{"start":{"line":193,"column":24},"end":{"line":198,"column":3}},"51":{"start":{"line":200,"column":2},"end":{"line":200,"column":null}},"52":{"start":{"line":210,"column":16},"end":{"line":210,"column":32}},"53":{"start":{"line":211,"column":12},"end":{"line":211,"column":56}},"54":{"start":{"line":213,"column":2},"end":{"line":215,"column":null}},"55":{"start":{"line":214,"column":4},"end":{"line":214,"column":null}},"56":{"start":{"line":217,"column":14},"end":{"line":217,"column":24}},"57":{"start":{"line":218,"column":24},"end":{"line":218,"column":72}},"58":{"start":{"line":221,"column":2},"end":{"line":245,"column":null}},"59":{"start":{"line":222,"column":16},"end":{"line":225,"column":6}},"60":{"start":{"line":228,"column":23},"end":{"line":228,"column":46}},"61":{"start":{"line":229,"column":4},"end":{"line":231,"column":null}},"62":{"start":{"line":230,"column":6},"end":{"line":230,"column":null}},"63":{"start":{"line":232,"column":4},"end":{"line":234,"column":null}},"64":{"start":{"line":233,"column":6},"end":{"line":233,"column":null}},"65":{"start":{"line":235,"column":4},"end":{"line":237,"column":null}},"66":{"start":{"line":236,"column":6},"end":{"line":236,"column":null}},"67":{"start":{"line":238,"column":4},"end":{"line":240,"column":null}},"68":{"start":{"line":239,"column":6},"end":{"line":239,"column":null}},"69":{"start":{"line":241,"column":4},"end":{"line":243,"column":null}},"70":{"start":{"line":242,"column":6},"end":{"line":242,"column":null}},"71":{"start":{"line":244,"column":4},"end":{"line":244,"column":null}},"72":{"start":{"line":248,"column":2},"end":{"line":248,"column":null}},"73":
[...]
4:339:Infinity":95,"b:339:8:339:33:339:37:339:47":7,"s:339:49:339:Infinity":96,"s:342:4:342:Infinity":97,"s:344:22:351:7":98,"f:344:38:344:39":27,"s:344:50:351:5":99,"b:350:31:350:36:350:39:350:43":8,"s:353:4:399:Infinity":100,"f:368:21:368:22":28,"s:369:28:369:45":101,"s:370:28:370:53":102,"s:371:30:371:44":103,"s:373:23:373:52":104,"s:376:12:378:Infinity":105,"b:381:12:385:Infinity:undefined:undefined:undefined:undefined":9,"s:381:12:385:Infinity":106,"s:382:14:384:Infinity":107,"b:388:12:392:Infinity:undefined:undefined:undefined:undefined":10,"s:388:12:392:Infinity":108,"s:389:14:391:Infinity":109,"s:394:12:394:Infinity":110,"s:395:12:395:Infinity":111,"s:402:4:420:Infinity":112,"f:402:55:402:56":29,"s:403:18:403:55":113,"b:404:6:404:Infinity:undefined:undefined:undefined:undefined":11,"s:404:6:404:Infinity":114,"s:404:16:404:Infinity":115,"s:406:21:406:39":116,"s:407:22:407:50":117,"b:410:8:412:Infinity:413:8:415:Infinity:416:8:418:Infinity":12,"s:409:6:419:Infinity":118,"s:411:10:411:Infinity":119,"s:412:10:412:Infinity":120,"s:414:10:414:Infinity":121,"s:415:10:415:Infinity":122,"s:417:10:417:Infinity":123,"s:418:10:418:Infinity":124,"f:426:2:426:21":30,"b:427:4:427:Infinity:undefined:undefined:undefined:undefined":13,"s:427:4:427:Infinity":125,"s:427:36:427:Infinity":126,"s:430:4:430:Infinity":127,"s:432:4:437:Infinity":128,"f:432:24:432:25":31,"s:433:21:433:53":129,"s:434:6:434:Infinity":130,"s:435:6:435:Infinity":131,"s:436:6:436:Infinity":132,"f:443:8:443:22":32,"b:444:4:444:Infinity:undefined:undefined:undefined:undefined":14,"s:444:4:444:Infinity":133,"s:444:34:444:Infinity":134,"s:446:4:481:Infinity":135,"s:448:30:448:91":136,"s:449:136:449:196":137,"s:450:56:450:120":138,"s:451:22:451:86":139,"s:452:26:452:96":140,"s:454:25:471:8":141,"s:473:6:476:Infinity":142,"s:478:6:478:Infinity":143,"s:480:6:480:Infinity":144,"f:487:2:487:20":33,"b:488:4:488:Infinity:undefined:undefined:undefined:undefined":15,"s:488:4:488:Infinity":145,"b:488:8:488:16:488:20:488:32":16,"s:488:34:488:Infinity":146,"s:490:18:490:73":147,"f:490:35:490:36":34,"s:490:42:490:72":148,"b:491:4:491:Infinity:undefined:undefined:undefined:undefined":17,"s:491:4:491:Infinity":149,"s:491:16:491:Infinity":150,"s:493:16:493:45":151,"s:496:4:498:Infinity":152,"f:504:2:504:19":35,"s:505:14:505:52":153,"b:507:4:511:Infinity:undefined:undefined:undefined:undefined":18,"s:507:4:511:Infinity":154,"s:508:6:510:Infinity":155,"f:508:46:508:47":36,"s:509:8:509:Infinity":156,"s:513:4:513:Infinity":157,"b:515:4:517:Infinity:undefined:undefined:undefined:undefined":19,"s:515:4:517:Infinity":158,"s:516:6:516:Infinity":159,"s:519:4:519:Infinity":160,"f:525:2:525:12":37,"s:526:18:526:59":161,"f:526:35:526:36":38,"s:526:42:526:58":162,"b:527:4:527:Infinity:undefined:undefined:undefined:undefined":20,"s:527:4:527:Infinity":163,"s:527:16:527:Infinity":164,"s:529:4:529:Infinity":165,"s:532:4:532:Infinity":166,"s:535:4:539:Infinity":167,"f:545:2:545:17":39,"s:547:14:547:25":168,"b:549:4:553:Infinity:undefined:undefined:undefined:undefined":21,"s:549:4:553:Infinity":169,"s:550:6:552:Infinity":170,"f:550:46:550:47":40,"s:551:8:551:Infinity":171,"s:555:4:555:Infinity":172,"b:558:4:560:Infinity:undefined:undefined:undefined:undefined":22,"s:558:4:560:Infinity":173,"s:559:6:559:Infinity":174,"s:563:25:566:6":175,"s:569:18:569:58":176,"b:570:4:574:Infinity:undefined:undefined:undefined:undefined":23,"s:570:4:574:Infinity":177,"s:571:6:571:Infinity":178,"s:572:6:572:Infinity":179,"s:573:6:573:Infinity":180,"s:577:4:577:Infinity":181,"f:583:2:583:17":41,"b:584:4:584:Infinity:undefined:undefined:undefined:undefined":24,"s:584:4:584:Infinity":182,"s:584:22:584:Infinity":183,"s:586:16:586:48":184,"s:589:25:592:6":185,"s:595:18:595:58":186,"b:596:4:600:Infinity:undefined:undefined:undefined:undefined":25,"s:596:4:600:Infinity":187,"s:597:6:597:Infinity":188,"s:598:6:598:Infinity":189,"s:599:6:599:Infinity":190,"s:603:4:603:Infinity":191,"s:606:4:610:Infinity":192,"f:616:8:616:15":42,"b:617:4:617:Infinity:undefined:undefined:undefined:undefined":26,"s:617:4:617:Infinity":193,"b:617:8:617:20:617:24:617:57":27,"s:617:59:617:Infinity":194,"s:619:20:619:65":195,"s:620:18:620:59":196,"f:620:35:620:36":43,"s:620:42:620:58":197,"b:621:4:621:Infinity:undefined:undefined:undefined:undefined":28,"s:621:4:621:Infinity":198,"s:621:16:621:Infinity":199,"s:623:16:623:48":200,"s:626:25:629:6":201,"s:632:4:632:Infinity":202,"s:635:4:635:Infinity":203,"s:638:4:638:Infinity":204,"f:644:2:644:16":44,"b:644:25:644:29":29,"s:645:4:645:Infinity":205,"b:647:4:661:Infinity:654:11:661:Infinity":30,"s:647:4:661:Infinity":206,"s:649:6:649:Infinity":207,"s:650:6:650:Infinity":208,"s:651:6:651:Infinity":209,"s:652:6:652:Infinity":210,"b:652:58:652:73:652:77:652:79":31,"s:653:6:653:Infinity":211,"b:653:40:653:53:653:57:653:59":32,"s:656:6:656:Infinity":212,"s:657:6:657:Infinity":213,"s:658:6:658:Infinity":214,"s:659:6:659:Infinity":215,"s:660:6:660:Infinity":216,"s:663:4:663:Infinity":217,"f:669:2:669:17":45,"s:670:4:670:Infinity":218,"s:671:4:671:Infinity":219,"f:677:8:677:17":46,"s:678:17:678:55":220,"s:679:25:679:68":221,"s:680:19:680:59":222,"b:682:4:685:Infinity:undefined:undefined:undefined:undefined":33,"s:682:4:685:Infinity":223,"s:683:6:683:Infinity":224,"s:684:6:684:Infinity":225,"s:688:20:688:22":226,"s:689:4:696:Infinity":227,"b:690:6:692:Infinity:undefined:undefined:undefined:undefined":34,"s:690:6:692:Infinity":228,"s:691:8:691:Infinity":229,"s:694:6:694:Infinity":230,"s:695:6:695:Infinity":231,"s:699:28:702:6":232,"b:699:47:699:53:699:57:699:59":35,"s:704:20:704:48":233,"b:706:4:729:Infinity:715:11:729:Infinity":36,"s:706:4:729:Infinity":234,"s:708:20:708:75":235,"f:708:37:708:38":47,"s:708:44:708:74":236,"b:709:6:714:Infinity:undefined:undefined:undefined:undefined":37,"s:709:6:714:Infinity":237,"s:710:8:710:Infinity":238,"s:711:8:711:Infinity":239,"s:712:8:712:Infinity":240,"s:713:8:713:Infinity":241,"s:717:23:727:7":242,"s:728:6:728:Infinity":243,"s:732:4:732:Infinity":244,"s:733:4:733:Infinity":245,"s:736:4:736:Infinity":246,"s:739:4:739:Infinity":247,"b:739:36:739:51:739:54:739:69":38,"f:745:2:745:11":48,"s:746:18:746:59":248,"f:746:35:746:36":49,"s:746:42:746:58":249,"b:747:4:749:Infinity:undefined:undefined:undefined:undefined":39,"s:747:4:749:Infinity":250,"s:748:6:748:Infinity":251,"f:755:2:755:13":50,"s:756:18:756:59":252,"f:756:35:756:36":51,"s:756:42:756:58":253,"b:757:4:757:Infinity:undefined:undefined:undefined:undefined":40,"s:757:4:757:Infinity":254,"s:757:16:757:Infinity":255,"s:759:4:759:Infinity":256,"s:760:4:760:Infinity":257,"s:761:4:761:Infinity":258,"f:767:2:767:18":52,"s:768:4:768:Infinity":259,"s:769:4:769:Infinity":260,"f:775:8:775:21":53,"b:776:4:776:Infinity:undefined:undefined:undefined:undefined":41,"s:776:4:776:Infinity":261,"s:776:29:776:Infinity":262,"s:779:4:779:Infinity":263,"f:779:37:779:38":54,"s:779:44:779:71":264,"s:782:4:782:Infinity":265,"s:783:4:783:Infinity":266,"s:786:4:786:Infinity":267,"s:789:4:789:Infinity":268,"f:795:2:795:18":55,"s:797:4:797:Infinity":269,"s:800:4:800:Infinity":270,"f:806:2:806:11":56,"s:807:4:807:Infinity":271,"s:808:4:808:Infinity":272,"f:814:2:814:6":57,"s:815:4:817:Infinity":273,"f:815:26:815:27":58,"s:816:6:816:Infinity":274,"f:823:2:823:10":59,"b:825:4:828:Infinity:undefined:undefined:undefined:undefined":42,"s:825:4:828:Infinity":275,"s:826:6:826:Infinity":276,"s:827:6:827:Infinity":277,"b:831:4:834:Infinity:undefined:undefined:undefined:undefined":43,"s:831:4:834:Infinity":278,"s:832:6:832:Infinity":279,"s:833:6:833:Infinity":280,"s:837:4:837:Infinity":281}}}
,"/mnt/extra/Projects/Philement/elements/003-lithium/src/shared/lookups.js": {"path":"/mnt/extra/Projects/Philement/elements/003-lithium/src/shared/lookups.js","statementMap":{"0":{"start":{"line":13,"column":12},"end":{"line":13,"column":16}},"1":{"start":{"line":14,"column":19},"end":{"line":14,"column":23}},"2":{"start":{"line":23,"column":28},"end":{"line":23,"column":35}},"3":{"start":{"line":26,"column":2},"end":{"line":28,"column":null}},"4":{"start":{"line":27,"column":4},"end":{"line":27,"column":null}},"5":{"start":{"line":31,"column":2},"end":{"line":33,"column":null}},"6":{"start":{"line":32,"column":4},"end":{"line":32,"column":null}},"7":{"start":{"line":36,"column":2},"end":{"line":49,"column":null}},"8":{"start":{"line":39,"column":6},"end":{"line":39,"column":null}},"9":{"start":{"line":40,"column":6},"end":{"line":40,"column":null}},"10":{"start":{"line":41,"column":6},"end":{"line":41,"column":null}},"11":{"start":{"line":44,"column":6},"end":{"line":44,"column":null}},"12":{"start":{"line":45,"column":6},"end":{"line":45,"column":null}},"13":{"start":{"line":47,"column":6},"end":{"line":47,"column":null}},"14":{"start":{"line":48,"column":6},"end":{"line":48,"column":null}},"15":{"start":{"line":51,"column":2},"end":{"line":51,"column":null}},"16":{"start":{"line":62,"column":2},"end":{"line":65,"column":null}},"17":{"start":{"line":63,"column":4},"end":{"line":63,"column":null}},"18":{"start":{"line":64,"column":4},"end":{"line":64,"column":null}},"19":{"start":{"line":67,"column":23},"end":{"line":67,"column":38}},"20":{"start":{"line":68,"column":2},"end":{"line":70,"column":null}},"21":{"start":{"line":69,"column":4},"end":{"line":69,"column":null}},"22":{"start":{"line":72,"column":16},"end":{"line":72,"column":41}},"23":{"start":{"line":73,"column":2},"end":{"line":73,"column":null}},"24":{"start":{"line":83,"column":2},"end":{"line":83,"column":null}},"25":{"start":{"line":94,"column":19},"end":{"line":94,"column":42}},"26":{"start":{"line":95,"column":2},"end":{"line":95,"column":null}},"27":{"start":{"line":104,"column":2},"end":{"line":107,"column":null}},"28":{"start":{"line":105,"column":4},"end":{"line":105,"column":null}},"29":{"start":{"line":106,"column":4},"end":{"line":106,"column":null}},"30":{"start":{"line":108,"column":2},"end":{"line":108,"column":null}},"31":{"start":{"line":116,"column":2},"end":{"line":116,"column":null}},"32":{"start":{"line":124,"column":2},"end":{"line":124,"column":null}},"33":{"start":{"line":131,"column":2},"end":{"line":131,"column":null}},"34":{"start":{"line":132,"column":2},"end":{"line":132,"column":null}},"35":{"start":{"line":140,"column":2},"end":{"line":140,"column":null}},"36":{"start":{"line":141,"column":2},"end":{"line":141,"column":null}},"37":{"start":{"line":150,"column":2},"end":{"line":152,"column":null}},"38":{"start":{"line":151,"column":4},"end":{"line":151,"column":null}},"39":{"start":{"line":155,"column":2},"end":{"line":157,"column":null}},"40":{"start":{"line":156,"column":4},"end":{"line":156,"column":null}}},"fnMap":{"0":{"name":"fetchLookups","decl":{"start":{"line":22,"column":22},"end":{"line":22,"column":34}},"loc":{"start":{"line":22,"column":49},"end":{"line":52,"column":null}},"line":22},"1":{"name":"(anonymous_1)","decl":{"start":{"line":38,"column":10},"end":{"line":38,"column":11}},"loc":{"start":{"line":38,"column":20},"end":{"line":42,"column":5}},"line":38},"2":{"name":"(anonymous_2)","decl":{"start":{"line":43,"column":11},"end":{"line":43,"column":12}},"loc":{"start":{"line":43,"column":22},"end":{"line":49,"column":5}},"line":43},"3":{"name":"getLookup","decl":{"start":{"line":61,"column":16},"end":{"line":61,"column":25}},"loc":{"start":{"line":61,"column":62},"end":{"line":74,"column":null}},"line":61},"4":{"name":"getManagerName","decl":{"start":{"line":82,"column":16},"end":{"line":82,"column":30}},"loc":{"start":{"line":82,"column":62},"end":{"line":84,"column":null}},"line":82},"5":{"name":"getFeatureName","decl":{"start":{"line":93,"column":16},"end":{"line":93,"column":30}},"loc":{"start":{"line":93,"column":73},"end":{"line":96,"column":null}},"line":93},"6":{"name":"getLookupCategory","decl":{"start":{"line":103,"column":16},"end":{"line":103,"column":33}},"loc":{"start":{"line":103,"column":44},"end":{"line":109,"column":null}},"line":103},"7":{"name":"getAllLookups","decl":{"start":{"line":115,"column":16},"end":{"line":115,"column":29}},"loc":{"start":{"line":115,"column":32},"end":{"line":117,"column":null}},"line":115},"8":{"name":"isLoaded","decl":{"start":{"line":123,"column":16},"end":{"line":123,"column":24}},"loc":{"start":{"line":123,"column":27},"end":{"line":125,"column":null}},"line":123},"9":{"name":"clearCache","decl":{"start":{"line":130,"column":16},"end":{"line":130,"column":26}},"loc":{"start":{"line":130,"column":29},"end":{"line":133,"column":null}},"line":130},"10":{"name":"refreshLookups","decl":{"start":{"line":139,"column":22},"end":{"line":139,"column":36}},"loc":{"start":{"line":139,"column":39},"end":{"line":142,"column":null}},"line":139},"11":{"name":"init","decl":{"start":{"line":148,"column":16},"end":{"line":148,"column":20}},"loc":{"start":{"line":148,"column":23},"end":{"line":158,"column":null}},"line":148},"12":{"name":"(anonymous_12)","decl":{"start":{"line":150,"column":37},"end":{"line":150,"column":38}},"loc":{"start":{"line":150,"column":43},"end":{"line":152,"column":3}},"line":150},"13":{"name":"(anonymous_13)","decl":{"start":{"line":155,"column":34},"end":{"line":155,"column":35}},"loc":{"start":{"line":155,"column":40},"end":{"line":157,"column":3}},"line":155}},"branchMap":{"0":{"loc":{"start":{"line":22,"column":35},"end":{"line":22,"column":47}},"type":"default-arg","locations":[{"start":{"line":22,"column":45},"end":{"line":22,"column":47}}],"line":22},"1":{"loc":{"start":{"line":23,"column":10},"end":{"line":23,"column":23}},"type":"default-arg","locations":[{"start":{"line":23,"column":18},"end":{"line":23,"column":23}}],"line":23},"2":{"loc":{"start":{"line":26,"column":2},"end":{"line":28,"column":null}},"type":"if","locations":[{"start":{"line":26,"column":2},"end":{"line":28,"column":null}},{"start":{},"end":{}}],"line":26},"3":{"loc":{"start":{"line":26,"column":6},"end":{"line":26,"column":21}},"type":"binary-expr","locations":[{"start":{"line":26,"column":6},"end":{"line":26,"column":11}},{"start":{"line":26,"column":15},"end":{"line":26,"column":21}}],"line":26},"4":{"loc":{"start":{"line":31,"column":2},"end":{"line":33,"column":null}},"type":"if","locations":[{"start":{"line":31,"column":2},"end":{"line":33,"column":null}},{"start":{},"end":{}}],"line":31},"5":{"loc":{"start":{"line":31,"column":6},"end":{"line":31,"column":28}},"type":"binary-expr","locations":[{"start":{"line":31,"column":6},"end":{"line":31,"column":18}},{"start":{"line":31,"column":22},"end":{"line":31,"column":28}}],"line":31},"6":{"loc":{"start":{"line":39,"column":14},"end":{"line":39,"column":24}},"type":"binary-expr","locations":[{"start":{"line":39,"column":14},"end":{"line":39,"column":18}},{"start":{"line":39,"column":22},"end":{"line":39,"column":24}}],"line":39},"7":{"loc":{"start":{"line":47,"column":14},"end":{"line":47,"column":25}},"type":"binary-expr","locations":[{"start":{"line":47,"column":14},"end":{"line":47,"column":19}},{"start":{"line":47,"column":23},"end":{"line":47,"column":25}}],"line":47},"8":{"loc":{"start":{"line":61,"column":41},"end":{"line":61,"column":60}},"type":"default-arg","locations":[{"start":{"line":61,"column":56},"end":{"line":61,"column":60}}],"line":61},"9":{"loc":{"start":{"line":62,"column":2},"end":{"line":65,"column":null}},"type":"if","locations":[{"start":{"line":62,"column":2},"end":{"line":65,"column":null}},{"start":{},"end":{}}],"line":62},"10":{"loc":{"start":{"line":64,"column":11},"end":{"line":64,"column":53}},"type":"cond-expr","locations":[{"start":{"line":64,"column":35},"end":{"line":64,"column":47}},{"start":{"line":64,"column":50},"end":{"line":64,"column":53}}],"line":64},"11":{"loc":{"start":{"line":68,"column":2},"end":{"line":70,"column":null}},"type":"if","locations":[{"start":{"line":68,"column":2},"end":{"line":70,"column":null}},{"start":{},"end":{}}],"line":68},"12":{"loc":{"start":{"line":69,"column":11},"end":{"line":69,"column":53}},"type":"cond-expr","locations":[{"start":{"line":69,"column":35},"end":{"line":69,"column":47}},{"start":{"line":69,"column":50},"end":{"line":69,"column":53}}],"line":69},"13":{"loc":{"start":{"line":73,"column":9},"end":{"line":73,"column":81}},"type":"cond-expr","locations":[{"start":{"line":73,"column":31},"end":{"line":73,"column":36}},{"start":{"line":73,"column":39},"end":{"line":73,"column":81}}],"line":73},"14":{"loc":{"start":{"line":73,"column":39},"end":{"line":73,"column":81}},"type":"cond-expr","locations":[{"start":{"line":73,"column":63},"end":{"line":73,"column":75}},{"start":{"line":73,"column":78},"end":{"line":73,"column":81}}],"line":73},"15":{"loc":{"start":{"line":82,"column":42},"end":{"line":82,"column":60}},"type":"default-arg","locations":[{"start":{"line":82,"column":56},"end":{"line":82,"column":60}}],"line":82},"16":{"loc":{"start":{"line":93,"column":53},"end":{"line":93,"column":71}},"type":"default-arg","locations":[{"start":{"line":93,"column":67},"end":{"line":93,"column":71}}],"line":93},"17":{"loc":{"start":{"line":104,"column":2},"end":{"line":107,"column":null}},"type":"if","locations":[{"start":{"line":104,"column":2},"end":{"line":107,"column":null}},{"start":{},"end":{}}],"line":104},"18":{"loc":{"start":{"line":108,"column":9},"end":{"line":108,"column":32}},"type":"binary-expr","locations":[{"start":{"line":108,"column":9},"end":{"line":108,"column":24}},{"start":{"line":108,"column":28},"end":{"line":108,"column":32}}],"line":108}},"s":{"0":1,"1":1,"2":0,"3":0,"4":0,"5":0,"6":0,"7":0,"8":0,"9":0,"10":0,"11":0,"12":0,"13":0,"14":0,"15":0,"16":3,"17":3,"18":3,"19":0,"20":0,"21":0,"22":0,"23":0,"24":1,"25":1,"26":1,"27":1,"28":1,"29":1,"30":0,"31":1,"32":1,"33":6,"34":6,"35":0,"36":0,"37":0,"38":0,"39":0,"40":0},"f":{"0":0,"1":0,"2":0,"3":3,"4":1,"5":1,"6":1,"7":1,"8":1,"9":6,"10":0,"11":0,"12":0,"13":0},"b":{"0":[0],"1":[0],"2":[0,0],"3":[0,0],"4":[0,0],"5":[0,0],"6":[0,0],"7":[0,0],"8":[3],"9":[3,0],"10":[0,3],"11":[0,0],"12":[0,0],"13":[0,0],"14":[0,0],"15":[1],"16":[1],"17":[1,0],"18":[0,0]},"meta":{"lastBranch":19,"lastFunction":14,"lastStatement":41,"seen":{"s:13:12:13:16":0,"s:14:19:14:23":1,"f:22:22:22:34":0,"b:22:45:22:47":0,"s:23:28:23:35":2,"b:23:18:23:23":1,"b:26:2:28:Infinity:undefined:undefined:undefined:undefined":2,"s:26:2:28:Infinity":3,"b:26:6:26:11:26:15:26:21":3,"s:27:4:27:Infinity":4,"b:31:2:33:Infinity:undefined:undefined:undefined:undefined":4,"s:31:2:33:Infinity":5,"b:31:6:31:18:31:22:31:28":5,"s:32:4:32:Infinity":6,"s:36:2:49:Infinity":7,"f:38:10:38:11":1,"s:39:6:39:Infinity":8,"b:39:14:39:18:39:22:39:24":6,"s:40:6:40:Infinity":9,"s:41:6:41:Infinity":10,"f:43:11:43:12":2,"s:44:6:44:Infinity":11,"s:45:6:45:Infinity":12,"s:47:6:47:Infinity":13,"b:47:14:47:19:47:23:47:25":7,"s:48:6:48:Infinity":14,"s:51:2:51:Infinity":15,"f:61:16:61:25":3,"b:61:56:61:60":8,"b:62:2:65:Infinity:undefined:undefined:undefined:undefined":9,"s:62:2:65:Infinity":16,"s:63:4:63:Infinity":17,"s:64:4:64:Infinity":18,"b:64:35:64:47:64:50:64:53":10,"s:67:23:67:38":19,"b:68:2:70:Infinity:undefined:undefined:undefined:undefined":11,"s:68:2:70:Infinity":20,"s:69:4:69:Infinity":21,"b:69:35:69:47:69:50:69:53":12,"s:72:16:72:41":22,"s:73:2:73:Infinity":23,"b:73:31:73:36:73:39:73:81":13,"b:73:63:73:75:73:78:73:81":14,"f:82:16:82:30":4,"b:82:56:82:60":15,"s:83:2:83:Infinity":24,"f:93:16:93:30":5,"b:93:67:93:71":16,"s:94:19:94:42":25,"s:95:2:95:Infinity":26,"f:103:16:103:33":6,"b:104:2:107:Infinity:undefined:undefined:undefined:undefined":17,"s:104:2:107:Infinity":27,"s:105:4:105:Infinity":28,"s:106:4:106:Infinity":29,"s:108:2:108:Infinity":30,"b:108:9:108:24:108:28:108:32":18,"f:115:16:115:29":7,"s:116:2:116:Infinity":31,"f:123:16:123:24":8,"s:124:2:124:Infinity":32,"f:130:16:130:26":9,"s:131:2:131:Infinity":33,"s:132:2:132:Infinity":34,"f:139:22:139:36":10,"s:140:2:140:Infinity":35,"s:141:2:141:Infinity":36,"f:148:16:148:20":11,"s:150:2:152:Infinity":37,"f:150:37:150:38":12,"s:151:4:151:Infinity":38,"s:155:2:157:Infinity":39,"f:155:34:155:35":13,"s:156:4:156:Infinity":40}}}
}
