{"/mnt/extra/Projects/Philement/elements/003-lithium/src/core/config.js": {"path":"/mnt/extra/Projects/Philement/elements/003-lithium/src/core/config.js","statementMap":{"0":{"start":{"line":9,"column":23},"end":{"line":33,"column":1}},"1":{"start":{"line":35,"column":19},"end":{"line":35,"column":23}},"2":{"start":{"line":44,"column":17},"end":{"line":44,"column":30}},"3":{"start":{"line":46,"column":2},"end":{"line":52,"column":null}},"4":{"start":{"line":47,"column":4},"end":{"line":51,"column":null}},"5":{"start":{"line":48,"column":6},"end":{"line":48,"column":null}},"6":{"start":{"line":50,"column":6},"end":{"line":50,"column":null}},"7":{"start":{"line":54,"column":2},"end":{"line":54,"column":null}},"8":{"start":{"line":63,"column":2},"end":{"line":65,"column":null}},"9":{"start":{"line":64,"column":4},"end":{"line":64,"column":null}},"10":{"start":{"line":67,"column":2},"end":{"line":84,"column":null}},"11":{"start":{"line":68,"column":21},"end":{"line":68,"column":56}},"12":{"start":{"line":70,"column":4},"end":{"line":73,"column":null}},"13":{"start":{"line":71,"column":6},"end":{"line":71,"column":null}},"14":{"start":{"line":72,"column":6},"end":{"line":72,"column":null}},"15":{"start":{"line":75,"column":19},"end":{"line":75,"column":40}},"16":{"start":{"line":78,"column":4},"end":{"line":78,"column":null}},"17":{"start":{"line":80,"column":4},"end":{"line":80,"column":null}},"18":{"start":{"line":82,"column":4},"end":{"line":82,"column":null}},"19":{"start":{"line":83,"column":4},"end":{"line":83,"column":null}},"20":{"start":{"line":92,"column":2},"end":{"line":94,"column":null}},"21":{"start":{"line":93,"column":4},"end":{"line":93,"column":null}},"22":{"start":{"line":95,"column":2},"end":{"line":95,"column":null}},"23":{"start":{"line":105,"column":17},"end":{"line":105,"column":28}},"24":{"start":{"line":106,"column":16},"end":{"line":106,"column":31}},"25":{"start":{"line":108,"column":16},"end":{"line":108,"column":22}},"26":{"start":{"line":109,"column":2},"end":{"line":114,"column":null}},"27":{"start":{"line":110,"column":4},"end":{"line":112,"column":null}},"28":{"start":{"line":111,"column":6},"end":{"line":111,"column":null}},"29":{"start":{"line":113,"column":4},"end":{"line":113,"column":null}},"30":{"start":{"line":116,"column":2},"end":{"line":116,"column":null}},"31":{"start":{"line":123,"column":2},"end":{"line":123,"column":null}},"32":{"start":{"line":131,"column":2},"end":{"line":131,"column":null}}},"fnMap":{"0":{"name":"deepMerge","decl":{"start":{"line":43,"column":9},"end":{"line":43,"column":18}},"loc":{"start":{"line":43,"column":35},"end":{"line":55,"column":null}},"line":43},"1":{"name":"loadConfig","decl":{"start":{"line":61,"column":22},"end":{"line":61,"column":32}},"loc":{"start":{"line":61,"column":35},"end":{"line":85,"column":null}},"line":61},"2":{"name":"getConfig","decl":{"start":{"line":91,"column":16},"end":{"line":91,"column":25}},"loc":{"start":{"line":91,"column":28},"end":{"line":96,"column":null}},"line":91},"3":{"name":"getConfigValue","decl":{"start":{"line":104,"column":16},"end":{"line":104,"column":30}},"loc":{"start":{"line":104,"column":58},"end":{"line":117,"column":null}},"line":104},"4":{"name":"clearConfig","decl":{"start":{"line":122,"column":16},"end":{"line":122,"column":27}},"loc":{"start":{"line":122,"column":30},"end":{"line":124,"column":null}},"line":122},"5":{"name":"isConfigLoaded","decl":{"start":{"line":130,"column":16},"end":{"line":130,"column":30}},"loc":{"start":{"line":130,"column":33},"end":{"line":132,"column":null}},"line":130}},"branchMap":{"0":{"loc":{"start":{"line":47,"column":4},"end":{"line":51,"column":null}},"type":"if","locations":[{"start":{"line":47,"column":4},"end":{"line":51,"column":null}},{"start":{"line":49,"column":11},"end":{"line":51,"column":null}}],"line":47},"1":{"loc":{"start":{"line":47,"column":8},"end":{"line":47,"column":85}},"type":"binary-expr","locations":[{"start":{"line":47,"column":8},"end":{"line":47,"column":19}},{"start":{"line":47,"column":23},"end":{"line":47,"column":54}},{"start":{"line":47,"column":58},"end":{"line":47,"column":85}}],"line":47},"2":{"loc":{"start":{"line":48,"column":30},"end":{"line":48,"column":47}},"type":"binary-expr","locations":[{"start":{"line":48,"column":30},"end":{"line":48,"column":41}},{"start":{"line":48,"column":45},"end":{"line":48,"column":47}}],"line":48},"3":{"loc":{"start":{"line":63,"column":2},"end":{"line":65,"column":null}},"type":"if","locations":[{"start":{"line":63,"column":2},"end":{"line":65,"column":null}},{"start":{},"end":{}}],"line":63},"4":{"loc":{"start":{"line":70,"column":4},"end":{"line":73,"column":null}},"type":"if","locations":[{"start":{"line":70,"column":4},"end":{"line":73,"column":null}},{"start":{},"end":{}}],"line":70},"5":{"loc":{"start":{"line":92,"column":2},"end":{"line":94,"column":null}},"type":"if","locations":[{"start":{"line":92,"column":2},"end":{"line":94,"column":null}},{"start":{},"end":{}}],"line":92},"6":{"loc":{"start":{"line":104,"column":37},"end":{"line":104,"column":56}},"type":"default-arg","locations":[{"start":{"line":104,"column":52},"end":{"line":104,"column":56}}],"line":104},"7":{"loc":{"start":{"line":110,"column":4},"end":{"line":112,"column":null}},"type":"if","locations":[{"start":{"line":110,"column":4},"end":{"line":112,"column":null}},{"start":{},"end":{}}],"line":110},"8":{"loc":{"start":{"line":110,"column":8},"end":{"line":110,"column":71}},"type":"binary-expr","locations":[{"start":{"line":110,"column":8},"end":{"line":110,"column":24}},{"start":{"line":110,"column":28},"end":{"line":110,"column":49}},{"start":{"line":110,"column":53},"end":{"line":110,"column":71}}],"line":110},"9":{"loc":{"start":{"line":116,"column":9},"end":{"line":116,"column":55}},"type":"cond-expr","locations":[{"start":{"line":116,"column":33},"end":{"line":116,"column":40}},{"start":{"line":116,"column":43},"end":{"line":116,"column":55}}],"line":116}},"s":{"0":2,"1":2,"2":22,"3":22,"4":30,"5":13,"6":17,"7":22,"8":12,"9":1,"10":11,"11":11,"12":10,"13":1,"14":1,"15":9,"16":9,"17":9,"18":1,"19":1,"20":7,"21":1,"22":6,"23":5,"24":5,"25":5,"26":5,"27":9,"28":2,"29":7,"30":3,"31":14,"32":4},"f":{"0":22,"1":12,"2":7,"3":5,"4":14,"5":4},"b":{"0":[13,17],"1":[30,30,13],"2":[13,0],"3":[1,11],"4":[1,9],"5":[1,6],"6":[5],"7":[2,7],"8":[9,9,9],"9":[3,0]},"meta":{"lastBranch":10,"lastFunction":6,"lastStatement":33,"seen":{"s:9:23:33:1":0,"s:35:19:35:23":1,"f:43:9:43:18":0,"s:44:17:44:30":2,"s:46:2:52:Infinity":3,"b:47:4:51:Infinity:49:11:51:Infinity":0,"s:47:4:51:Infinity":4,"b:47:8:47:19:47:23:47:54:47:58:47:85":1,"s:48:6:48:Infinity":5,"b:48:30:48:41:48:45:48:47":2,"s:50:6:50:Infinity":6,"s:54:2:54:Infinity":7,"f:61:22:61:32":1,"b:63:2:65:Infinity:undefined:undefined:undefined:undefined":3,"s:63:2:65:Infinity":8,"s:64:4:64:Infinity":9,"s:67:2:84:Infinity":10,"s:68:21:68:56":11,"b:70:4:73:Infinity:undefined:undefined:undefined:undefined":4,"s:70:4:73:Infinity":12,"s:71:6:71:Infinity":13,"s:72:6:72:Infinity":14,"s:75:19:75:40":15,"s:78:4:78:Infinity":16,"s:80:4:80:Infinity":17,"s:82:4:82:Infinity":18,"s:83:4:83:Infinity":19,"f:91:16:91:25":2,"b:92:2:94:Infinity:undefined:undefined:undefined:undefined":5,"s:92:2:94:Infinity":20,"s:93:4:93:Infinity":21,"s:95:2:95:Infinity":22,"f:104:16:104:30":3,"b:104:52:104:56":6,"s:105:17:105:28":23,"s:106:16:106:31":24,"s:108:16:108:22":25,"s:109:2:114:Infinity":26,"b:110:4:112:Infinity:undefined:undefined:undefined:undefined":7,"s:110:4:112:Infinity":27,"b:110:8:110:24:110:28:110:49:110:53:110:71":8,"s:111:6:111:Infinity":28,"s:113:4:113:Infinity":29,"s:116:2:116:Infinity":30,"b:116:33:116:40:116:43:116:55":9,"f:122:16:122:27":4,"s:123:2:123:Infinity":31,"f:130:16:130:30":5,"s:131:2:131:Infinity":32}}}
,"/mnt/extra/Projects/Philement/elements/003-lithium/src/core/event-bus.js": {"path":"/mnt/extra/Projects/Philement/elements/003-lithium/src/core/event-bus.js","statementMap":{"0":{"start":{"line":26,"column":18},"end":{"line":26,"column":54}},"1":{"start":{"line":27,"column":16},"end":{"line":27,"column":80}},"2":{"start":{"line":28,"column":2},"end":{"line":28,"column":null}},"3":{"start":{"line":39,"column":22},"end":{"line":39,"column":47}},"4":{"start":{"line":42,"column":21},"end":{"line":42,"column":38}},"5":{"start":{"line":43,"column":19},"end":{"line":43,"column":66}},"6":{"start":{"line":44,"column":20},"end":{"line":44,"column":89}},"7":{"start":{"line":45,"column":3},"end":{"line":45,"column":null}},"8":{"start":{"line":46,"column":4},"end":{"line":46,"column":null}},"9":{"start":{"line":57,"column":4},"end":{"line":57,"column":null}},"10":{"start":{"line":66,"column":4},"end":{"line":66,"column":null}},"11":{"start":{"line":75,"column":4},"end":{"line":75,"column":null}},"12":{"start":{"line":84,"column":4},"end":{"line":84,"column":null}},"13":{"start":{"line":89,"column":24},"end":{"line":89,"column":38}},"14":{"start":{"line":92,"column":22},"end":{"line":131,"column":1}}},"fnMap":{"0":{"name":"_subsystemFromEvent","decl":{"start":{"line":25,"column":9},"end":{"line":25,"column":28}},"loc":{"start":{"line":25,"column":40},"end":{"line":29,"column":null}},"line":25},"1":{"name":"(anonymous_1)","decl":{"start":{"line":38,"column":2},"end":{"line":38,"column":6}},"loc":{"start":{"line":38,"column":28},"end":{"line":47,"column":null}},"line":38},"2":{"name":"(anonymous_2)","decl":{"start":{"line":56,"column":2},"end":{"line":56,"column":12}},"loc":{"start":{"line":56,"column":34},"end":{"line":58,"column":null}},"line":56},"3":{"name":"(anonymous_3)","decl":{"start":{"line":65,"column":2},"end":{"line":65,"column":4}},"loc":{"start":{"line":65,"column":20},"end":{"line":67,"column":null}},"line":65},"4":{"name":"(anonymous_4)","decl":{"start":{"line":74,"column":2},"end":{"line":74,"column":5}},"loc":{"start":{"line":74,"column":21},"end":{"line":76,"column":null}},"line":74},"5":{"name":"(anonymous_5)","decl":{"start":{"line":83,"column":2},"end":{"line":83,"column":6}},"loc":{"start":{"line":83,"column":22},"end":{"line":85,"column":null}},"line":83}},"branchMap":{"0":{"loc":{"start":{"line":26,"column":18},"end":{"line":26,"column":54}},"type":"binary-expr","locations":[{"start":{"line":26,"column":18},"end":{"line":26,"column":41}},{"start":{"line":26,"column":45},"end":{"line":26,"column":54}}],"line":26},"1":{"loc":{"start":{"line":38,"column":13},"end":{"line":38,"column":26}},"type":"default-arg","locations":[{"start":{"line":38,"column":22},"end":{"line":38,"column":26}}],"line":38},"2":{"loc":{"start":{"line":43,"column":19},"end":{"line":43,"column":66}},"type":"cond-expr","locations":[{"start":{"line":43,"column":35},"end":{"line":43,"column":59}},{"start":{"line":43,"column":62},"end":{"line":43,"column":66}}],"line":43},"3":{"loc":{"start":{"line":44,"column":20},"end":{"line":44,"column":89}},"type":"cond-expr","locations":[{"start":{"line":44,"column":38},"end":{"line":44,"column":84}},{"start":{"line":44,"column":87},"end":{"line":44,"column":89}}],"line":44},"4":{"loc":{"start":{"line":56,"column":19},"end":{"line":56,"column":32}},"type":"default-arg","locations":[{"start":{"line":56,"column":28},"end":{"line":56,"column":32}}],"line":56}},"s":{"0":6,"1":6,"2":6,"3":1,"4":6,"5":6,"6":6,"7":0,"8":6,"9":0,"10":5,"11":1,"12":1,"13":1,"14":1},"f":{"0":6,"1":1,"2":0,"3":5,"4":1,"5":1},"b":{"0":[6,0],"1":[1],"2":[6,0],"3":[5,1],"4":[0]},"meta":{"lastBranch":5,"lastFunction":6,"lastStatement":15,"seen":{"f:25:9:25:28":0,"s:26:18:26:54":0,"b:26:18:26:41:26:45:26:54":0,"s:27:16:27:80":1,"s:28:2:28:Infinity":2,"f:38:2:38:6":1,"b:38:22:38:26":1,"s:39:22:39:47":3,"s:42:21:42:38":4,"s:43:19:43:66":5,"b:43:35:43:59:43:62:43:66":2,"s:44:20:44:89":6,"b:44:38:44:84:44:87:44:89":3,"s:45:3:45:Infinity":7,"s:46:4:46:Infinity":8,"f:56:2:56:12":2,"b:56:28:56:32":4,"s:57:4:57:Infinity":9,"f:65:2:65:4":3,"s:66:4:66:Infinity":10,"f:74:2:74:5":4,"s:75:4:75:Infinity":11,"f:83:2:83:6":5,"s:84:4:84:Infinity":12,"s:89:24:89:38":13,"s:92:22:131:1":14}}}
,"/mnt/extra/Projects/Philement/elements/003-lithium/src/core/icons.js": {"path":"/mnt/extra/Projects/Philement/elements/003-lithium/src/core/icons.js","statementMap":{"0":{"start":{"line":18,"column":15},"end":{"line":18,"column":19}},"1":{"start":{"line":19,"column":17},"end":{"line":19,"column":21}},"2":{"start":{"line":20,"column":18},"end":{"line":20,"column":22}},"3":{"start":{"line":21,"column":20},"end":{"line":21,"column":25}},"4":{"start":{"line":24,"column":22},"end":{"line":35,"column":1}},"5":{"start":{"line":38,"column":26},"end":{"line":38,"column":104}},"6":{"start":{"line":41,"column":21},"end":{"line":41,"column":149}},"7":{"start":{"line":44,"column":26},"end":{"line":44,"column":123}},"8":{"start":{"line":47,"column":24},"end":{"line":54,"column":1}},"9":{"start":{"line":61,"column":2},"end":{"line":68,"column":null}},"10":{"start":{"line":62,"column":4},"end":{"line":67,"column":null}},"11":{"start":{"line":69,"column":2},"end":{"line":69,"column":null}},"12":{"start":{"line":77,"column":17},"end":{"line":77,"column":32}},"13":{"start":{"line":80,"column":2},"end":{"line":82,"column":null}},"14":{"start":{"line":81,"column":4},"end":{"line":81,"column":null}},"15":{"start":{"line":85,"column":20},"end":{"line":85,"column":54}},"16":{"start":{"line":89,"column":2},"end":{"line":89,"column":null}},"17":{"start":{"line":97,"column":17},"end":{"line":97,"column":32}},"18":{"start":{"line":100,"column":2},"end":{"line":102,"column":null}},"19":{"start":{"line":101,"column":4},"end":{"line":101,"column":null}},"20":{"start":{"line":104,"column":2},"end":{"line":104,"column":null}},"21":{"start":{"line":113,"column":2},"end":{"line":118,"column":null}},"22":{"start":{"line":114,"column":4},"end":{"line":117,"column":null}},"23":{"start":{"line":116,"column":6},"end":{"line":116,"column":26}},"24":{"start":{"line":119,"column":2},"end":{"line":119,"column":null}},"25":{"start":{"line":128,"column":2},"end":{"line":128,"column":null}},"26":{"start":{"line":128,"column":31},"end":{"line":128,"column":60}},"27":{"start":{"line":137,"column":2},"end":{"line":139,"column":null}},"28":{"start":{"line":138,"column":4},"end":{"line":138,"column":null}},"29":{"start":{"line":141,"column":2},"end":{"line":143,"column":null}},"30":{"start":{"line":142,"column":4},"end":{"line":142,"column":null}},"31":{"start":{"line":146,"column":22},"end":{"line":146,"column":91}},"32":{"start":{"line":149,"column":17},"end":{"line":152,"column":4}},"33":{"start":{"line":150,"column":16},"end":{"line":150,"column":79}},"34":{"start":{"line":151,"column":4},"end":{"line":151,"column":null}},"35":{"start":{"line":154,"column":2},"end":{"line":156,"column":null}},"36":{"start":{"line":155,"column":4},"end":{"line":155,"column":null}},"37":{"start":{"line":159,"column":19},"end":{"line":159,"column":65}},"38":{"start":{"line":161,"column":2},"end":{"line":163,"column":null}},"39":{"start":{"line":162,"column":4},"end":{"line":162,"column":null}},"40":{"start":{"line":166,"column":16},"end":{"line":166,"column":56}},"41":{"start":{"line":167,"column":2},"end":{"line":176,"column":null}},"42":{"start":{"line":168,"column":20},"end":{"line":168,"column":41}},"43":{"start":{"line":169,"column":21},"end":{"line":169,"column":43}},"44":{"start":{"line":170,"column":22},"end":{"line":170,"column":52}},"45":{"start":{"line":172,"column":4},"end":{"line":175,"column":null}},"46":{"start":{"line":178,"column":2},"end":{"line":178,"column":null}},"47":{"start":{"line":186,"column":21},"end":{"line":186,"column":53}},"48":{"start":{"line":187,"column":18},"end":{"line":187,"column":20}},"49":{"start":{"line":188,"column":19},"end":{"line":188,"column":23}},"50":{"start":{"line":189,"column":17},"end":{"line":189,"column":21}},"51":{"start":{"line":192,"column":2},"end":{"line":220,"column":null}},"52":{"start":{"line":193,"column":17},"end":{"line":193,"column":26}},"53":{"start":{"line":194,"column":18},"end":{"line":194,"column":28}},"54":{"start":{"line":196,"column":4},"end":{"line":219,"column":null}},"55":{"start":{"line":198,"column":6},"end":{"line":198,"column":null}},"56":{"start":{"line":199,"column":11},"end":{"line":219,"column":null}},"57":{"start":{"line":201,"column":6},"end":{"line":201,"column":null}},"58":{"start":{"line":202,"column":11},"end":{"line":219,"column":null}},"59":{"start":{"line":204,"column":6},"end":{"line":204,"column":null}},"60":{"start":{"line":205,"column":11},"end":{"line":219,"column":null}},"61":{"start":{"line":207,"column":6},"end":{"line":207,"column":null}},"62":{"start":{"line":210,"column":24},"end":{"line":210,"column":42}},"63":{"start":{"line":213,"column":6},"end":{"line":218,"column":null}},"64":{"start":{"line":214,"column":8},"end":{"line":214,"column":null}},"65":{"start":{"line":217,"column":8},"end":{"line":217,"column":null}},"66":{"start":{"line":223,"column":2},"end":{"line":231,"column":null}},"67":{"start":{"line":224,"column":17},"end":{"line":224,"column":45}},"68":{"start":{"line":225,"column":4},"end":{"line":230,"column":null}},"69":{"start":{"line":226,"column":6},"end":{"line":226,"column":null}},"70":{"start":{"line":227,"column":11},"end":{"line":230,"column":null}},"71":{"start":{"line":229,"column":6},"end":{"line":229,"column":null}},"72":{"start":{"line":234,"column":22},"end":{"line":234,"column":26}},"73":{"start":{"line":235,"column":23},"end":{"line":235,"column":25}},"74":{"start":{"line":237,"column":2},"end":{"line":244,"column":null}},"75":{"start":{"line":239,"column":23},"end":{"line":239,"column":48}},"76":{"start":{"line":240,"column":4},"end":{"line":243,"column":null}},"77":{"start":{"line":241,"column":6},"end":{"line":241,"column":null}},"78":{"start":{"line":242,"column":6},"end":{"line":242,"column":null}},"79":{"start":{"line":247,"column":2},"end":{"line":249,"column":null}},"80":{"start":{"line":248,"column":4},"end":{"line":248,"column":null}},"81":{"start":{"line":252,"column":27},"end":{"line":252,"column":57}},"82":{"start":{"line":253,"column":2},"end":{"line":253,"column":null}},"83":{"start":{"line":256,"column":19},"end":{"line":256,"column":46}},"84":{"start":{"line":259,"column":17},"end":{"line":259,"column":30}},"85":{"start":{"line":260,"column":22},"end":{"line":260,"column":40}},"86":{"start":{"line":261,"column":20},"end":{"line":261,"column":28}},"87":{"start":{"line":263,"column":2},"end":{"line":265,"column":null}},"88":{"start":{"line":264,"column":4},"end":{"line":264,"column":null}},"89":{"start":{"line":267,"column":2},"end":{"line":269,"column":null}},"90":{"start":{"line":268,"column":4},"end":{"line":268,"column":null}},"91":{"start":{"line":272,"column":2},"end":{"line":272,"column":null}},"92":{"start":{"line":275,"column":2},"end":{"line":275,"column":null}},"93":{"start":{"line":278,"column":2},"end":{"line":282,"column":null}},"94":{"start":{"line":279,"column":4},"end":{"line":281,"column":null}},"95":{"start":{"line":280,"column":6},"end":{"line":280,"column":null}},"96":{"start":{"line":285,"column":2},"end":{"line":287,"column":null}},"97":{"start":{"line":286,"column":4},"end":{"line":286,"column":null}},"98":{"start":{"line":290,"column":2},"end":{"line":292,"column":null}},"99":{"start":{"line":291,"column":4},"end":{"line":291,"column":null}},"100":{"start":{"line":295,"column":2},"end":{"line":297,"column":null}},"101":{"start":{"line":296,"column":4},"end":{"line":296,"column":null}},"102":{"start":{"line":300,"column":2},"end":{"line":304,"column":null}},"103":{"start":{"line":301,"column":4},"end":{"line":303,"column":null}},"104":{"start":{"line":302,"column":6},"end":{"line":302,"column":null}},"105":{"start":{"line":307,"column":2},"end":{"line":307,"column":null}},"106":{"start":{"line":309,"column":2},"end":{"line":309,"column":null}},"107":{"start":{"line":317,"column":21},"end":{"line":317,"column":53}},"108":{"start":{"line":319,"column":2},"end":{"line":325,"column":null}},"109":{"start":{"line":320,"column":4},"end":{"line":324,"column":null}},"110":{"start":{"line":321,"column":6},"end":{"line":321,"column":null}},"111":{"start":{"line":327,"column":2},"end":{"line":327,"column":null}},"112":{"start":{"line":334,"column":2},"end":{"line":336,"column":null}},"113":{"start":{"line":335,"column":4},"end":{"line":335,"column":11}},"114":{"start":{"line":338,"column":2},"end":{"line":359,"column":null}},"115":{"start":{"line":339,"column":24},"end":{"line":339,"column":29}},"116":{"start":{"line":341,"column":4},"end":{"line":353,"column":null}},"117":{"start":{"line":343,"column":6},"end":{"line":350,"column":null}},"118":{"start":{"line":344,"column":8},"end":{"line":349,"column":null}},"119":{"start":{"line":345,"column":10},"end":{"line":348,"column":null}},"120":{"start":{"line":346,"column":12},"end":{"line":346,"column":null}},"121":{"start":{"line":347,"column":12},"end":{"line":347,"column":null}},"122":{"start":{"line":352,"column":6},"end":{"line":352,"column":null}},"123":{"start":{"line":352,"column":25},"end":{"line":352,"column":null}},"124":{"start":{"line":355,"column":4},"end":{"line":358,"column":null}},"125":{"start":{"line":357,"column":6},"end":{"line":357,"column":null}},"126":{"start":{"line":362,"column":2},"end":{"line":365,"column":null}},"127":{"start":{"line":372,"column":2},"end":{"line":372,"column":null}},"128":{"start":{"line":380,"column":2},"end":{"line":380,"column":null}},"129":{"start":{"line":393,"column":2},"end":{"line":395,"column":null}},"130":{"start":{"line":394,"column":4},"end":{"line":394,"column":null}},"131":{"start":{"line":397,"column":17},"end":{"line":397,"column":32}},"132":{"start":{"line":398,"column":14},"end":{"line":398,"column":39}},"133":{"start":{"line":399,"column":17},"end":{"line":399,"column":48}},"134":{"start":{"line":402,"column":17},"end":{"line":402,"column":44}},"135":{"start":{"line":405,"column":20},"end":{"line":405,"column":28}},"136":{"start":{"line":408,"column":2},"end":{"line":410,"column":null}},"137":{"start":{"line":409,"column":4},"end":{"line":409,"column":null}},"138":{"start":{"line":413,"column":2},"end":{"line":413,"column":null}},"139":{"start":{"line":416,"column":2},"end":{"line":418,"column":null}},"140":{"start":{"line":417,"column":4},"end":{"line":417,"column":null}},"141":{"start":{"line":420,"column":2},"end":{"line":420,"column":null}},"142":{"start":{"line":430,"column":18},"end":{"line":430,"column":45}},"143":{"start":{"line":431,"column":2},"end":{"line":431,"column":null}},"144":{"start":{"line":432,"column":2},"end":{"line":432,"column":null}},"145":{"start":{"line":441,"column":2},"end":{"line":443,"column":null}},"146":{"start":{"line":442,"column":4},"end":{"line":442,"column":null}},"147":{"start":{"line":445,"column":29},"end":{"line":445,"column":36}},"148":{"start":{"line":448,"column":2},"end":{"line":450,"column":null}},"149":{"start":{"line":449,"column":4},"end":{"line":449,"column":null}},"150":{"start":{"line":453,"column":2},"end":{"line":455,"column":null}},"151":{"start":{"line":454,"column":4},"end":{"line":454,"column":null}},"152":{"start":{"line":458,"column":2},"end":{"line":462,"column":null}},"153":{"start":{"line":459,"column":4},"end":{"line":459,"column":null}},"154":{"start":{"line":461,"column":4},"end":{"line":461,"column":null}},"155":{"start":{"line":465,"column":2},"end":{"line":468,"column":null}},"156":{"start":{"line":466,"column":4},"end":{"line":466,"column":null}},"157":{"start":{"line":467,"column":4},"end":{"line":467,"column":null}},"158":{"start":{"line":470,"column":2},"end":{"line":470,"column":null}},"159":{"start":{"line":477,"column":2},"end":{"line":480,"column":null}},"160":{"start":{"line":478,"column":4},"end":{"line":478,"column":null}},"161":{"start":{"line":479,"column":4},"end":{"line":479,"column":null}},"162":{"start":{"line":482,"column":2},"end":{"line":482,"column":null}},"163":{"start":{"line":483,"column":2},"end":{"line":483,"column":null}},"164":{"start":{"line":484,"column":2},"end":{"line":484,"column":null}},"165":{"start":{"line":492,"column":2},"end":{"line":492,"column":null}}},"fnMap":{"0":{"name":"getIconConfig","decl":{"start":{"line":60,"column":9},"end":{"line":60,"column":22}},"loc":{"start":{"line":60,"column":25},"end":{"line":70,"column":null}},"line":60},"1":{"name":"buildPrefix","decl":{"start":{"line":76,"column":9},"end":{"line":76,"column":20}},"loc":{"start":{"line":76,"column":23},"end":{"line":90,"column":null}},"line":76},"2":{"name":"buildWeightClass","decl":{"start":{"line":96,"column":9},"end":{"line":96,"column":25}},"loc":{"start":{"line":96,"column":28},"end":{"line":105,"column":null}},"line":96},"3":{"name":"parseIconName","decl":{"start":{"line":112,"column":9},"end":{"line":112,"column":22}},"loc":{"start":{"line":112,"column":32},"end":{"line":120,"column":null}},"line":112},"4":{"name":"extractUtilityClasses","decl":{"start":{"line":127,"column":9},"end":{"line":127,"column":30}},"loc":{"start":{"line":127,"column":40},"end":{"line":129,"column":null}},"line":127},"5":{"name":"(anonymous_5)","decl":{"start":{"line":128,"column":24},"end":{"line":128,"column":27}},"loc":{"start":{"line":128,"column":31},"end":{"line":128,"column":60}},"line":128},"6":{"name":"getLookupIcon","decl":{"start":{"line":136,"column":9},"end":{"line":136,"column":22}},"loc":{"start":{"line":136,"column":29},"end":{"line":179,"column":null}},"line":136},"7":{"name":"(anonymous_7)","decl":{"start":{"line":149,"column":34},"end":{"line":149,"column":38}},"loc":{"start":{"line":149,"column":42},"end":{"line":152,"column":3}},"line":149},"8":{"name":"processIconElement","decl":{"start":{"line":185,"column":9},"end":{"line":185,"column":27}},"loc":{"start":{"line":185,"column":39},"end":{"line":310,"column":null}},"line":185},"9":{"name":"processIcons","decl":{"start":{"line":316,"column":16},"end":{"line":316,"column":28}},"loc":{"start":{"line":316,"column":51},"end":{"line":328,"column":null}},"line":316},"10":{"name":"(anonymous_10)","decl":{"start":{"line":319,"column":21},"end":{"line":319,"column":22}},"loc":{"start":{"line":319,"column":34},"end":{"line":325,"column":3}},"line":319},"11":{"name":"setupMutationObserver","decl":{"start":{"line":333,"column":9},"end":{"line":333,"column":30}},"loc":{"start":{"line":333,"column":33},"end":{"line":366,"column":null}},"line":333},"12":{"name":"(anonymous_12)","decl":{"start":{"line":338,"column":34},"end":{"line":338,"column":35}},"loc":{"start":{"line":338,"column":49},"end":{"line":359,"column":3}},"line":338},"13":{"name":"refreshIconLookups","decl":{"start":{"line":371,"column":16},"end":{"line":371,"column":34}},"loc":{"start":{"line":371,"column":37},"end":{"line":373,"column":null}},"line":371},"14":{"name":"getIconConfiguration","decl":{"start":{"line":379,"column":16},"end":{"line":379,"column":36}},"loc":{"start":{"line":379,"column":39},"end":{"line":381,"column":null}},"line":379},"15":{"name":"setIcon","decl":{"start":{"line":392,"column":16},"end":{"line":392,"column":23}},"loc":{"start":{"line":392,"column":57},"end":{"line":421,"column":null}},"line":392},"16":{"name":"createIcon","decl":{"start":{"line":429,"column":16},"end":{"line":429,"column":26}},"loc":{"start":{"line":429,"column":51},"end":{"line":433,"column":null}},"line":429},"17":{"name":"init","decl":{"start":{"line":440,"column":16},"end":{"line":440,"column":20}},"loc":{"start":{"line":440,"column":35},"end":{"line":471,"column":null}},"line":440},"18":{"name":"(anonymous_18)","decl":{"start":{"line":458,"column":37},"end":{"line":458,"column":38}},"loc":{"start":{"line":458,"column":43},"end":{"line":462,"column":3}},"line":458},"19":{"name":"(anonymous_19)","decl":{"start":{"line":465,"column":38},"end":{"line":465,"column":39}},"loc":{"start":{"line":465,"column":44},"end":{"line":468,"column":3}},"line":465},"20":{"name":"teardown","decl":{"start":{"line":476,"column":16},"end":{"line":476,"column":24}},"loc":{"start":{"line":476,"column":27},"end":{"line":485,"column":null}},"line":476},"21":{"name":"isReady","decl":{"start":{"line":491,"column":16},"end":{"line":491,"column":23}},"loc":{"start":{"line":491,"column":26},"end":{"line":493,"column":null}},"line":491}},"branchMap":{"0":{"loc":{"start":{"line":61,"column":2},"end":{"line":68,"column":null}},"type":"if","locations":[{"start":{"line":61,"column":2},"end":{"line":68,"column":null}},{"start":{},"end":{}}],"line":61},"1":{"loc":{"start":{"line":80,"column":2},"end":{"line":82,"column":null}},"type":"if","locations":[{"start":{"line":80,"column":2},"end":{"line":82,"column":null}},{"start":{},"end":{}}],"line":80},"2":{"loc":{"start":{"line":85,"column":20},"end":{"line":85,"column":54}},"type":"binary-expr","locations":[{"start":{"line":85,"column":20},"end":{"line":85,"column":45}},{"start":{"line":85,"column":49},"end":{"line":85,"column":54}}],"line":85},"3":{"loc":{"start":{"line":100,"column":2},"end":{"line":102,"column":null}},"type":"if","locations":[{"start":{"line":100,"column":2},"end":{"line":102,"column":null}},{"start":{},"end":{}}],"line":100},"4":{"loc":{"start":{"line":100,"column":6},"end":{"line":100,"column":116}},"type":"binary-expr","locations":[{"start":{"line":100,"column":6},"end":{"line":100,"column":19}},{"start":{"line":100,"column":23},"end":{"line":100,"column":116}}],"line":100},"5":{"loc":{"start":{"line":114,"column":4},"end":{"line":117,"column":null}},"type":"if","locations":[{"start":{"line":114,"column":4},"end":{"line":117,"column":null}},{"start":{},"end":{}}],"line":114},"6":{"loc":{"start":{"line":114,"column":8},"end":{"line":114,"column":63}},"type":"binary-expr","locations":[{"start":{"line":114,"column":8},"end":{"line":114,"column":29}},{"start":{"line":114,"column":33},"end":{"line":114,"column":63}}],"line":114},"7":{"loc":{"start":{"line":137,"column":2},"end":{"line":139,"column":null}},"type":"if","locations":[{"start":{"line":137,"column":2},"end":{"line":139,"column":null}},{"start":{},"end":{}}],"line":137},"8":{"loc":{"start":{"line":141,"column":2},"end":{"line":143,"column":null}},"type":"if","locations":[{"start":{"line":141,"column":2},"end":{"line":143,"column":null}},{"start":{},"end":{}}],"line":141},"9":{"loc":{"start":{"line":146,"column":22},"end":{"line":146,"column":91}},"type":"cond-expr","locations":[{"start":{"line":146,"column":51},"end":{"line":146,"column":62}},{"start":{"line":146,"column":65},"end":{"line":146,"column":91}}],"line":146},"10":{"loc":{"start":{"line":150,"column":16},"end":{"line":150,"column":79}},"type":"binary-expr","locations":[{"start":{"line":150,"column":16},"end":{"line":150,"column":33}},{"start":{"line":150,"column":37},"end":{"line":150,"column":47}},{"start":{"line":150,"column":51},"end":{"line":150,"column":60}},{"start":{"line":150,"column":64},"end":{"line":150,"column":79}}],"line":150},"11":{"loc":{"start":{"line":154,"column":2},"end":{"line":156,"column":null}},"type":"if","locations":[{"start":{"line":154,"column":2},"end":{"line":156,"column":null}},{"start":{},"end":{}}],"line":154},"12":{"loc":{"start":{"line":159,"column":19},"end":{"line":159,"column":65}},"type":"binary-expr","locations":[{"start":{"line":159,"column":19},"end":{"line":159,"column":35}},{"start":{"line":159,"column":39},"end":{"line":159,"column":50}},{"start":{"line":159,"column":54},"end":{"line":159,"column":65}}],"line":159},"13":{"loc":{"start":{"line":161,"column":2},"end":{"line":163,"column":null}},"type":"if","locations":[{"start":{"line":161,"column":2},"end":{"line":163,"column":null}},{"start":{},"end":{}}],"line":161},"14":{"loc":{"start":{"line":167,"column":2},"end":{"line":176,"column":null}},"type":"if","locations":[{"start":{"line":167,"column":2},"end":{"line":176,"column":null}},{"start":{},"end":{}}],"line":167},"15":{"loc":{"start":{"line":196,"column":4},"end":{"line":219,"column":null}},"type":"if","locations":[{"start":{"line":196,"column":4},"end":{"line":219,"column":null}},{"start":{"line":199,"column":11},"end":{"line":219,"column":null}}],"line":196},"16":{"loc":{"start":{"line":199,"column":11},"end":{"line":219,"column":null}},"type":"if","locations":[{"start":{"line":199,"column":11},"end":{"line":219,"column":null}},{"start":{"line":202,"column":11},"end":{"line":219,"column":null}}],"line":199},"17":{"loc":{"start":{"line":202,"column":11},"end":{"line":219,"column":null}},"type":"if","locations":[{"start":{"line":202,"column":11},"end":{"line":219,"column":null}},{"start":{"line":205,"column":11},"end":{"line":219,"column":null}}],"line":202},"18":{"loc":{"start":{"line":205,"column":11},"end":{"line":219,"column":null}},"type":"if","locations":[{"start":{"line":205,"column":11},"end":{"line":219,"column":null}},{"start":{"line":208,"column":11},"end":{"line":219,"column":null}}],"line":205},"19":{"loc":{"start":{"line":213,"column":6},"end":{"line":218,"column":null}},"type":"if","locations":[{"start":{"line":213,"column":6},"end":{"line":218,"column":null}},{"start":{"line":215,"column":13},"end":{"line":218,"column":null}}],"line":213},"20":{"loc":{"start":{"line":223,"column":2},"end":{"line":231,"column":null}},"type":"if","locations":[{"start":{"line":223,"column":2},"end":{"line":231,"column":null}},{"start":{},"end":{}}],"line":223},"21":{"loc":{"start":{"line":223,"column":6},"end":{"line":223,"column":62}},"type":"binary-expr","locations":[{"start":{"line":223,"column":6},"end":{"line":223,"column":17}},{"start":{"line":223,"column":21},"end":{"line":223,"column":30}},{"start":{"line":223,"column":34},"end":{"line":223,"column":62}}],"line":223},"22":{"loc":{"start":{"line":225,"column":4},"end":{"line":230,"column":null}},"type":"if","locations":[{"start":{"line":225,"column":4},"end":{"line":230,"column":null}},{"start":{"line":227,"column":11},"end":{"line":230,"column":null}}],"line":225},"23":{"loc":{"start":{"line":227,"column":11},"end":{"line":230,"column":null}},"type":"if","locations":[{"start":{"line":227,"column":11},"end":{"line":230,"column":null}},{"start":{},"end":{}}],"line":227},"24":{"loc":{"start":{"line":237,"column":2},"end":{"line":244,"column":null}},"type":"if","locations":[{"start":{"line":237,"column":2},"end":{"line":244,"column":null}},{"start":{},"end":{}}],"line":237},"25":{"loc":{"start":{"line":240,"column":4},"end":{"line":243,"column":null}},"type":"if","locations":[{"start":{"line":240,"column":4},"end":{"line":243,"column":null}},{"start":{},"end":{}}],"line":240},"26":{"loc":{"start":{"line":247,"column":2},"end":{"line":249,"column":null}},"type":"if","locations":[{"start":{"line":247,"column":2},"end":{"line":249,"column":null}},{"start":{},"end":{}}],"line":247},"27":{"loc":{"start":{"line":263,"column":2},"end":{"line":265,"column":null}},"type":"if","locations":[{"start":{"line":263,"column":2},"end":{"line":265,"column":null}},{"start":{},"end":{}}],"line":263},"28":{"loc":{"start":{"line":267,"column":2},"end":{"line":269,"column":null}},"type":"if","locations":[{"start":{"line":267,"column":2},"end":{"line":269,"column":null}},{"start":{},"end":{}}],"line":267},"29":{"loc":{"start":{"line":279,"column":4},"end":{"line":281,"column":null}},"type":"if","locations":[{"start":{"line":279,"column":4},"end":{"line":281,"column":null}},{"start":{},"end":{}}],"line":279},"30":{"loc":{"start":{"line":285,"column":2},"end":{"line":287,"column":null}},"type":"if","locations":[{"start":{"line":285,"column":2},"end":{"line":287,"column":null}},{"start":{},"end":{}}],"line":285},"31":{"loc":{"start":{"line":290,"column":2},"end":{"line":292,"column":null}},"type":"if","locations":[{"start":{"line":290,"column":2},"end":{"line":292,"column":null}},{"start":{},"end":{}}],"line":290},"32":{"loc":{"start":{"line":295,"column":2},"end":{"line":297,"column":null}},"type":"if","locations":[{"start":{"line":295,"column":2},"end":{"line":297,"column":null}},{"start":{},"end":{}}],"line":295},"33":{"loc":{"start":{"line":301,"column":4},"end":{"line":303,"column":null}},"type":"if","locations":[{"start":{"line":301,"column":4},"end":{"line":303,"column":null}},{"start":{},"end":{}}],"line":301},"34":{"loc":{"start":{"line":316,"column":29},"end":{"line":316,"column":49}},"type":"default-arg","locations":[{"start":{"line":316,"column":41},"end":{"line":316,"column":49}}],"line":316},"35":{"loc":{"start":{"line":334,"column":2},"end":{"line":336,"column":null}},"type":"if","locations":[{"start":{"line":334,"column":2},"end":{"line":336,"column":null}},{"start":{},"end":{}}],"line":334},"36":{"loc":{"start":{"line":344,"column":8},"end":{"line":349,"column":null}},"type":"if","locations":[{"start":{"line":344,"column":8},"end":{"line":349,"column":null}},{"start":{},"end":{}}],"line":344},"37":{"loc":{"start":{"line":345,"column":10},"end":{"line":348,"column":null}},"type":"if","locations":[{"start":{"line":345,"column":10},"end":{"line":348,"column":null}},{"start":{},"end":{}}],"line":345},"38":{"loc":{"start":{"line":345,"column":14},"end":{"line":345,"column":79}},"type":"binary-expr","locations":[{"start":{"line":345,"column":14},"end":{"line":345,"column":49}},{"start":{"line":345,"column":53},"end":{"line":345,"column":79}}],"line":345},"39":{"loc":{"start":{"line":352,"column":6},"end":{"line":352,"column":null}},"type":"if","locations":[{"start":{"line":352,"column":6},"end":{"line":352,"column":null}},{"start":{},"end":{}}],"line":352},"40":{"loc":{"start":{"line":355,"column":4},"end":{"line":358,"column":null}},"type":"if","locations":[{"start":{"line":355,"column":4},"end":{"line":358,"column":null}},{"start":{},"end":{}}],"line":355},"41":{"loc":{"start":{"line":392,"column":43},"end":{"line":392,"column":55}},"type":"default-arg","locations":[{"start":{"line":392,"column":53},"end":{"line":392,"column":55}}],"line":392},"42":{"loc":{"start":{"line":393,"column":2},"end":{"line":395,"column":null}},"type":"if","locations":[{"start":{"line":393,"column":2},"end":{"line":395,"column":null}},{"start":{},"end":{}}],"line":393},"43":{"loc":{"start":{"line":398,"column":14},"end":{"line":398,"column":39}},"type":"binary-expr","locations":[{"start":{"line":398,"column":14},"end":{"line":398,"column":25}},{"start":{"line":398,"column":29},"end":{"line":398,"column":39}}],"line":398},"44":{"loc":{"start":{"line":399,"column":17},"end":{"line":399,"column":48}},"type":"binary-expr","locations":[{"start":{"line":399,"column":17},"end":{"line":399,"column":31}},{"start":{"line":399,"column":35},"end":{"line":399,"column":48}}],"line":399},"45":{"loc":{"start":{"line":402,"column":17},"end":{"line":402,"column":44}},"type":"binary-expr","locations":[{"start":{"line":402,"column":17},"end":{"line":402,"column":35}},{"start":{"line":402,"column":39},"end":{"line":402,"column":44}}],"line":402},"46":{"loc":{"start":{"line":408,"column":2},"end":{"line":410,"column":null}},"type":"if","locations":[{"start":{"line":408,"column":2},"end":{"line":410,"column":null}},{"start":{},"end":{}}],"line":408},"47":{"loc":{"start":{"line":408,"column":6},"end":{"line":408,"column":102}},"type":"binary-expr","locations":[{"start":{"line":408,"column":6},"end":{"line":408,"column":12}},{"start":{"line":408,"column":16},"end":{"line":408,"column":102}}],"line":408},"48":{"loc":{"start":{"line":416,"column":2},"end":{"line":418,"column":null}},"type":"if","locations":[{"start":{"line":416,"column":2},"end":{"line":418,"column":null}},{"start":{},"end":{}}],"line":416},"49":{"loc":{"start":{"line":429,"column":37},"end":{"line":429,"column":49}},"type":"default-arg","locations":[{"start":{"line":429,"column":47},"end":{"line":429,"column":49}}],"line":429},"50":{"loc":{"start":{"line":440,"column":21},"end":{"line":440,"column":33}},"type":"default-arg","locations":[{"start":{"line":440,"column":31},"end":{"line":440,"column":33}}],"line":440},"51":{"loc":{"start":{"line":441,"column":2},"end":{"line":443,"column":null}},"type":"if","locations":[{"start":{"line":441,"column":2},"end":{"line":443,"column":null}},{"start":{},"end":{}}],"line":441},"52":{"loc":{"start":{"line":445,"column":10},"end":{"line":445,"column":24}},"type":"default-arg","locations":[{"start":{"line":445,"column":20},"end":{"line":445,"column":24}}],"line":445},"53":{"loc":{"start":{"line":448,"column":2},"end":{"line":450,"column":null}},"type":"if","locations":[{"start":{"line":448,"column":2},"end":{"line":450,"column":null}},{"start":{},"end":{}}],"line":448},"54":{"loc":{"start":{"line":453,"column":2},"end":{"line":455,"column":null}},"type":"if","locations":[{"start":{"line":453,"column":2},"end":{"line":455,"column":null}},{"start":{},"end":{}}],"line":453},"55":{"loc":{"start":{"line":477,"column":2},"end":{"line":480,"column":null}},"type":"if","locations":[{"start":{"line":477,"column":2},"end":{"line":480,"column":null}},{"start":{},"end":{}}],"line":477}},"s":{"0":1,"1":1,"2":1,"3":1,"4":1,"5":1,"6":1,"7":1,"8":1,"9":35,"10":19,"11":35,"12":14,"13":14,"14":0,"15":14,"16":14,"17":14,"18":14,"19":11,"20":3,"21":14,"22":13,"23":13,"24":1,"25":14,"26":16,"27":2,"28":1,"29":2,"30":0,"31":2,"32":2,"33":2,"34":2,"35":2,"36":2,"37":0,"38":2,"39":0,"40":0,"41":0,"42":0,"43":0,"44":0,"45":0,"46":0,"47":14,"48":14,"49":14,"50":14,"51":14,"52":20,"53":20,"54":20,"55":0,"56":20,"57":0,"58":20,"59":16,"60":4,"61":2,"62":2,"63":2,"64":0,"65":2,"66":14,"67":0,"68":0,"69":0,"70":0,"71":0,"72":14,"73":14,"74":14,"75":2,"76":2,"77":0,"78":0,"79":14,"80":14,"81":14,"82":14,"83":14,"84":14,"85":14,"86":14,"87":14,"88":11,"89":14,"90":13,"91":14,"92":14,"93":14,"94":20,"95":2,"96":14,"97":0,"98":14,"99":1,"100":14,"101":0,"102":14,"103":20,"104":0,"105":14,"106":14,"107":17,"108":17,"109":14,"110":14,"111":17,"112":0,"113":0,"114":0,"115":0,"116":0,"117":0,"118":0,"119":0,"120":0,"121":0,"122":0,"123":0,"124":0,"125":0,"126":0,"127":1,"128":2,"129":6,"130":1,"131":5,"132":5,"133":6,"134":6,"135":6,"136":6,"137":3,"138":5,"139":5,"140":2,"141":5,"142":2,"143":2,"144":2,"145":6,"146":1,"147":5,"148":5,"149":5,"150":5,"151":0,"152":5,"153":0,"154":0,"155":5,"156":0,"157":0,"158":5,"159":53,"160":0,"161":0,"162":53,"163":53,"164":53,"165":6},"f":{"0":35,"1":14,"2":14,"3":14,"4":14,"5":16,"6":2,"7":2,"8":14,"9":17,"10":14,"11":0,"12":0,"13":1,"14":2,"15":6,"16":2,"17":6,"18":0,"19":0,"20":53,"21":6},"b":{"0":[19,16],"1":[0,14],"2":[14,0],"3":[11,3],"4":[14,11],"5":[13,0],"6":[13,13],"7":[1,1],"8":[0,2],"9":[2,0],"10":[2,0,0,0],"11":[2,0],"12":[0,0,0],"13":[0,2],"14":[0,0],"15":[0,20],"16":[0,20],"17":[16,4],"18":[2,2],"19":[0,2],"20":[0,14],"21":[14,12,12],"22":[0,0],"23":[0,0],"24":[2,12],"25":[0,2],"26":[14,0],"27":[11,3],"28":[13,1],"29":[2,18],"30":[0,14],"31":[1,13],"32":[0,14],"33":[0,20],"34":[17],"35":[0,0],"36":[0,0],"37":[0,0],"38":[0,0],"39":[0,0],"40":[0,0],"41":[6],"42":[1,5],"43":[5,3],"44":[6,5],"45":[6,0],"46":[3,3],"47":[6,5],"48":[2,3],"49":[2],"50":[6],"51":[1,5],"52":[5],"53":[5,0],"54":[0,5],"55":[0,53]},"meta":{"lastBranch":56,"lastFunction":22,"lastStatement":166,"seen":{"s:18:15:18:19":0,"s:19:17:19:21":1,"s:20:18:20:22":2,"s:21:20:21:25":3,"s:24:22:35:1":4,"s:38:26:38:104":5,"s:41:21:41:149":6,"s:44:26:44:123":7,"s:47:24:54:1":8,"f:60:9:60:22":0,"b:61:2:68:Infinity:undefined:undefined:undefined:undefined":0,"s:61:2:68:Infinity":9,"s:62:4:67:Infinity":10,"s:69:2:69:Infinity":11,"f:76:9:76:20":1,"s:77:17:77:32":12,"b:80:2:82:Infinity:undefined:undefined:undefined:undefined":1,"s:80:2:82:Infinity":13,"s:81:4:81:Infinity":14,"s:85:20:85:54":15,"b:85:20:85:45:85:49:85:54":2,"s:89:2:89:Infinity":16,"f:96:9:96:25":2,"s:97:17:97:32":17,"b:100:2:102:Infinity:undefined:undefined:undefined:undefined":3,"s:100:2:102:Infinity":18,"b:100:6:100:19:100:23:100:116":4,"s:101:4:101:Infinity":19,"s:104:2:104:Infinity":20,"f:112:9:112:22":3,"s:113:2:118:Infinity":21,"b:114:4:117:Infinity:undefined:undefined:undefined:undefined":5,"s:114:4:117:Infinity":22,"b:114:8:114:29:114:33:114:63":6,"s:116:6:116:26":23,"s:119:2:119:Infinity":24,"f:127:9:127:30":4,"s:128:2:128:Infinity":25,"f:128:24:128:27":5,"s:128:31:128:60":26,"f:136:9:136:22":6,"b:137:2:139:Infinity:undefined:undefined:undefined:undefined":7,"s:137:2:139:Infinity":27,"s:138:4:138:Infinity":28,"b:141:2:143:Infinity:undefined:undefined:undefined:undefined":8,"s:141:2:143:Infinity":29,"s:142:4:142:Infinity":30,"s:146:22:146:91":31,"b:146:51:146:62:146:65:146:91":9,"s:149:17:152:4":32,"f:149:34:149:38":7,"s:150:16:150:79":33,"b:150:16:150:33:150:37:150:47:150:51:150:60:150:64:150:79":10,"s:151:4:151:Infinity":34,"b:154:2:156:Infinity:undefined:undefined:undefined:undefined":11,"s:154:2:156:Infinity":35,"s:155:4:155:Infinity":36,"s:159:19:159:65":37,"b:159:19:159:35:159:39:159:50:159:54:159:65":12,"b:161:2:163:Infinity:undefined:undefined:undefined:undefined":13,"s:161:2:163:Infinity":38,"s:162:4:162:Infinity":39,"s:166:16:166:56":40,"b:167:2:176:Infinity:undefined:undefined:undefined:undefined":14,"s:167:2:176:Infinity":41,"s:168:20:168:41":42,"s:169:21:169:43":43,"s:170:22:170:52":44,"s:172:4:175:Infinity":45,"s:178:2:178:Infinity":46,"f:185:9:185:27":8,"s:186:21:186:53":47,"s:187:18:187:20":48,"s:188:19:188:23":49,"s:189:17:189:21":50,"s:192:2:220:Infinity":51,"s:193:17:193:26":52,"s:194:18:194:28":53,"b:196:4:219:Infinity:199:11:219:Infinity":15,"s:196:4:219:Infinity":54,"s:198:6:198:Infinity":55,"b:199:11:219:Infinity:202:11:219:Infinity":16,"s:199:11:219:Infinity":56,"s:201:6:201:Infinity":57,"b:202:11:219:Infinity:205:11:219:Infinity":17,"s:202:11:219:Infinity":58,"s:204:6:204:Infinity":59,"b:205:11:219:Infinity:208:11:219:Infinity":18,"s:205:11:219:Infinity":60,"s:207:6:207:Infinity":61,"s:210:24:210:42":62,"b:213:6:218:Infinity:215:13:218:Infinity":19,"s:213:6:218:Infinity":63,"s:214:8:214:Infinity":64,"s:217:8:217:Infinity":65,"b:223:2:231:Infinity:undefined:undefined:undefined:undefined":20,"s:223:2:231:Infinity":66,"b:223:6:223:17:223:21:223:30:223:34:223:62":21,"s:224:17:224:45":67,"b:225:4:230:Infinity:227:11:230:Infinity":22,"s:225:4:230:Infinity":68,"s:226:6:226:Infinity":69,"b:227:11:230:Infinity:undefined:undefined:undefined:undefined":23,"s:227:11:230:Infinity":70,"s:229:6:229:Infinity":71,"s:234:22:234:26":72,"s:235:23:235:25":73,"b:237:2:244:Infinity:undefined:undefined:undefined:undefined":24,"s:237:2:244:Infinity":74,"s:239:23:239:48":75,"b:240:4:243:Infinity:undefined:undefined:undefined:undefined":25,"s:240:4:243:Infinity":76,"s:241:6:241:Infinity":77,"s:242:6:242:Infinity":78,"b:247:2:249:Infinity:undefined:undefined:undefined:undefined":26,"s:247:2:249:Infinity":79,"s:248:4:248:Infinity":80,"s:252:27:252:57":81,"s:253:2:253:Infinity":82,"s:256:19:256:46":83,"s:259:17:259:30":84,"s:260:22:260:40":85,"s:261:20:261:28":86,"b:263:2:265:Infinity:undefined:undefined:undefined:undefined":27,"s:263:2:265:Infinity":87,"s:264:4:264:Infinity":88,"b:267:2:269:Infinity:undefined:undefined:undefined:undefined":28,"s:267:2:269:Infinity":89,"s:268:4:268:Infinity":90,"s:272:2:272:Infinity":91,"s:275:2:275:Infinity":92,"s:278:2:282:Infinity":93,"b:279:4:281:Infinity:undefined:undefined:undefined:undefined":29,"s:279:4:281:Infinity":94,"s:280:6:280:Infinity":95,"b:285:2:287:Infinity:undefined:undefined:undefined:undefined":30,"s:285:2:287:Infinity":96,"s:286:4:286:Infinity":97,"b:290:2:292:Infinity:undefined:undefined:undefined:undefined":31,"s:290:2:292:Infinity":98,"s:291:4:291:Infinity":99,"b:295:2:297:Infinity:undefined:undefined:undefined:undefined":32,"s:295:2:297:Infinity":100,"s:296:4:296:Infinity":101,"s:300:2:304:Infinity":102,"b:301:4:303:Infinity:undefined:undefined:undefined:undefined":33,"s:301:4:303:Infinity":103,"s:302:6:302:Infinity":104,"s:307:2:307:Infinity":105,"s:309:2:309:Infinity":106,"f:316:16:316:28":9,"b:316:41:316:49":34,"s:317:21:317:53":107,"s:319:2:325:Infinity":108,"f:319:21:319:22":10,"s:320:4:324:Infinity":109,"s:321:6:321:Infinity":110,"s:327:2:327:Infinity":111,"f:333:9:333:30":11,"b:334:2:336:Infinity:undefined:undefined:undefined:undefined":35,"s:334:2:336:Infinity":112,"s:335:4:335:11":113,"s:338:2:359:Infinity":114,"f:338:34:338:35":12,"s:339:24:339:29":115,"s:341:4:353:Infinity":116,"s:343:6:350:Infinity":117,"b:344:8:349:Infinity:undefined:undefined:undefined:undefined":36,"s:344:8:349:Infinity":118,"b:345:10:348:Infinity:undefined:undefined:undefined:undefined":37,"s:345:10:348:Infinity":119,"b:345:14:345:49:345:53:345:79":38,"s:346:12:346:Infinity":120,"s:347:12:347:Infinity":121,"b:352:6:352:Infinity:undefined:undefined:undefined:undefined":39,"s:352:6:352:Infinity":122,"s:352:25:352:Infinity":123,"b:355:4:358:Infinity:undefined:undefined:undefined:undefined":40,"s:355:4:358:Infinity":124,"s:357:6:357:Infinity":125,"s:362:2:365:Infinity":126,"f:371:16:371:34":13,"s:372:2:372:Infinity":127,"f:379:16:379:36":14,"s:380:2:380:Infinity":128,"f:392:16:392:23":15,"b:392:53:392:55":41,"b:393:2:395:Infinity:undefined:undefined:undefined:undefined":42,"s:393:2:395:Infinity":129,"s:394:4:394:Infinity":130,"s:397:17:397:32":131,"s:398:14:398:39":132,"b:398:14:398:25:398:29:398:39":43,"s:399:17:399:48":133,"b:399:17:399:31:399:35:399:48":44,"s:402:17:402:44":134,"b:402:17:402:35:402:39:402:44":45,"s:405:20:405:28":135,"b:408:2:410:Infinity:undefined:undefined:undefined:undefined":46,"s:408:2:410:Infinity":136,"b:408:6:408:12:408:16:408:102":47,"s:409:4:409:Infinity":137,"s:413:2:413:Infinity":138,"b:416:2:418:Infinity:undefined:undefined:undefined:undefined":48,"s:416:2:418:Infinity":139,"s:417:4:417:Infinity":140,"s:420:2:420:Infinity":141,"f:429:16:429:26":16,"b:429:47:429:49":49,"s:430:18:430:45":142,"s:431:2:431:Infinity":143,"s:432:2:432:Infinity":144,"f:440:16:440:20":17,"b:440:31:440:33":50,"b:441:2:443:Infinity:undefined:undefined:undefined:undefined":51,"s:441:2:443:Infinity":145,"s:442:4:442:Infinity":146,"s:445:29:445:36":147,"b:445:20:445:24":52,"b:448:2:450:Infinity:undefined:undefined:undefined:undefined":53,"s:448:2:450:Infinity":148,"s:449:4:449:Infinity":149,"b:453:2:455:Infinity:undefined:undefined:undefined:undefined":54,"s:453:2:455:Infinity":150,"s:454:4:454:Infinity":151,"s:458:2:462:Infinity":152,"f:458:37:458:38":18,"s:459:4:459:Infinity":153,"s:461:4:461:Infinity":154,"s:465:2:468:Infinity":155,"f:465:38:465:39":19,"s:466:4:466:Infinity":156,"s:467:4:467:Infinity":157,"s:470:2:470:Infinity":158,"f:476:16:476:24":20,"b:477:2:480:Infinity:undefined:undefined:undefined:undefined":55,"s:477:2:480:Infinity":159,"s:478:4:478:Infinity":160,"s:479:4:479:Infinity":161,"s:482:2:482:Infinity":162,"s:483:2:483:Infinity":163,"s:484:2:484:Infinity":164,"f:491:16:491:23":21,"s:492:2:492:Infinity":165}}}
,"/mnt/extra/Projects/Philement/elements/003-lithium/src/core/json-request.js": {"path":"/mnt/extra/Projects/Philement/elements/003-lithium/src/core/json-request.js","statementMap":{"0":{"start":{"line":19,"column":18},"end":{"line":19,"column":43}},"1":{"start":{"line":20,"column":20},"end":{"line":20,"column":56}},"2":{"start":{"line":23,"column":2},"end":{"line":25,"column":null}},"3":{"start":{"line":24,"column":4},"end":{"line":24,"column":null}},"4":{"start":{"line":28,"column":20},"end":{"line":28,"column":63}},"5":{"start":{"line":31,"column":2},"end":{"line":31,"column":null}},"6":{"start":{"line":40,"column":18},"end":{"line":43,"column":3}},"7":{"start":{"line":45,"column":2},"end":{"line":50,"column":null}},"8":{"start":{"line":46,"column":17},"end":{"line":46,"column":31}},"9":{"start":{"line":47,"column":4},"end":{"line":49,"column":null}},"10":{"start":{"line":48,"column":6},"end":{"line":48,"column":null}},"11":{"start":{"line":52,"column":2},"end":{"line":52,"column":null}},"12":{"start":{"line":62,"column":13},"end":{"line":62,"column":17}},"13":{"start":{"line":63,"column":22},"end":{"line":63,"column":58}},"14":{"start":{"line":65,"column":2},"end":{"line":71,"column":null}},"15":{"start":{"line":66,"column":4},"end":{"line":70,"column":null}},"16":{"start":{"line":67,"column":6},"end":{"line":67,"column":null}},"17":{"start":{"line":74,"column":2},"end":{"line":103,"column":null}},"18":{"start":{"line":75,"column":18},"end":{"line":75,"column":95}},"19":{"start":{"line":76,"column":4},"end":{"line":76,"column":null}},"20":{"start":{"line":77,"column":4},"end":{"line":77,"column":null}},"21":{"start":{"line":78,"column":4},"end":{"line":78,"column":null}},"22":{"start":{"line":81,"column":4},"end":{"line":100,"column":null}},"23":{"start":{"line":84,"column":8},"end":{"line":84,"column":null}},"24":{"start":{"line":85,"column":8},"end":{"line":85,"column":null}},"25":{"start":{"line":87,"column":8},"end":{"line":87,"column":null}},"26":{"start":{"line":88,"column":8},"end":{"line":88,"column":null}},"27":{"start":{"line":91,"column":27},"end":{"line":91,"column":62}},"28":{"start":{"line":92,"column":8},"end":{"line":92,"column":null}},"29":{"start":{"line":93,"column":8},"end":{"line":93,"column":null}},"30":{"start":{"line":98,"column":8},"end":{"line":98,"column":null}},"31":{"start":{"line":99,"column":8},"end":{"line":99,"column":null}},"32":{"start":{"line":102,"column":4},"end":{"line":102,"column":null}},"33":{"start":{"line":105,"column":2},"end":{"line":105,"column":null}},"34":{"start":{"line":115,"column":20},"end":{"line":115,"column":30}},"35":{"start":{"line":116,"column":58},"end":{"line":116,"column":65}},"36":{"start":{"line":118,"column":14},"end":{"line":118,"column":36}},"37":{"start":{"line":119,"column":20},"end":{"line":119,"column":48}},"38":{"start":{"line":121,"column":19},"end":{"line":125,"column":4}},"39":{"start":{"line":127,"column":19},"end":{"line":127,"column":41}},"40":{"start":{"line":128,"column":24},"end":{"line":128,"column":67}},"41":{"start":{"line":130,"column":2},"end":{"line":134,"column":null}},"42":{"start":{"line":131,"column":3},"end":{"line":131,"column":null}},"43":{"start":{"line":133,"column":3},"end":{"line":133,"column":null}},"44":{"start":{"line":136,"column":2},"end":{"line":136,"column":null}},"45":{"start":{"line":147,"column":20},"end":{"line":147,"column":30}},"46":{"start":{"line":148,"column":58},"end":{"line":148,"column":65}},"47":{"start":{"line":150,"column":14},"end":{"line":150,"column":36}},"48":{"start":{"line":151,"column":20},"end":{"line":151,"column":49}},"49":{"start":{"line":153,"column":19},"end":{"line":158,"column":4}},"50":{"start":{"line":160,"column":19},"end":{"line":160,"column":41}},"51":{"start":{"line":161,"column":24},"end":{"line":161,"column":67}},"52":{"start":{"line":163,"column":2},"end":{"line":167,"column":null}},"53":{"start":{"line":164,"column":3},"end":{"line":164,"column":null}},"54":{"start":{"line":166,"column":3},"end":{"line":166,"column":null}},"55":{"start":{"line":169,"column":2},"end":{"line":169,"column":null}},"56":{"start":{"line":180,"column":20},"end":{"line":180,"column":30}},"57":{"start":{"line":181,"column":58},"end":{"line":181,"column":65}},"58":{"start":{"line":183,"column":14},"end":{"line":183,"column":36}},"59":{"start":{"line":184,"column":20},"end":{"line":184,"column":48}},"60":{"start":{"line":186,"column":19},"end":{"line":191,"column":4}},"61":{"start":{"line":193,"column":19},"end":{"line":193,"column":41}},"62":{"start":{"line":194,"column":24},"end":{"line":194,"column":67}},"63":{"start":{"line":196,"column":2},"end":{"line":200,"column":null}},"64":{"start":{"line":197,"column":3},"end":{"line":197,"column":null}},"65":{"start":{"line":199,"column":3},"end":{"line":199,"column":null}},"66":{"start":{"line":202,"column":2},"end":{"line":202,"column":null}},"67":{"start":{"line":212,"column":20},"end":{"line":212,"column":30}},"68":{"start":{"line":213,"column":58},"end":{"line":213,"column":65}},"69":{"start":{"line":215,"column":14},"end":{"line":215,"column":36}},"70":{"start":{"line":216,"column":20},"end":{"line":216,"column":51}},"71":{"start":{"line":218,"column":19},"end":{"line":222,"column":4}},"72":{"start":{"line":224,"column":19},"end":{"line":224,"column":41}},"73":{"start":{"line":225,"column":24},"end":{"line":225,"column":67}},"74":{"start":{"line":227,"column":2},"end":{"line":231,"column":null}},"75":{"start":{"line":228,"column":3},"end":{"line":228,"column":null}},"76":{"start":{"line":230,"column":3},"end":{"line":230,"column":null}},"77":{"start":{"line":233,"column":2},"end":{"line":233,"column":null}},"78":{"start":{"line":244,"column":20},"end":{"line":244,"column":30}},"79":{"start":{"line":245,"column":58},"end":{"line":245,"column":65}},"80":{"start":{"line":247,"column":14},"end":{"line":247,"column":36}},"81":{"start":{"line":248,"column":20},"end":{"line":248,"column":50}},"82":{"start":{"line":250,"column":19},"end":{"line":255,"column":4}},"83":{"start":{"line":257,"column":19},"end":{"line":257,"column":41}},"84":{"start":{"line":258,"column":24},"end":{"line":258,"column":67}},"85":{"start":{"line":260,"column":2},"end":{"line":264,"column":null}},"86":{"start":{"line":261,"column":3},"end":{"line":261,"column":null}},"87":{"start":{"line":263,"column":3},"end":{"line":263,"column":null}},"88":{"start":{"line":266,"column":2},"end":{"line":266,"column":null}},"89":{"start":{"line":275,"column":2},"end":{"line":281,"column":null}},"90":{"start":{"line":276,"column":33},"end":{"line":276,"column":81}},"91":{"start":{"line":277,"column":40},"end":{"line":277,"column":95}},"92":{"start":{"line":278,"column":39},"end":{"line":278,"column":93}},"93":{"start":{"line":279,"column":33},"end":{"line":279,"column":81}},"94":{"start":{"line":280,"column":41},"end":{"line":280,"column":97}}},"fnMap":{"0":{"name":"buildUrl","decl":{"start":{"line":18,"column":9},"end":{"line":18,"column":17}},"loc":{"start":{"line":18,"column":32},"end":{"line":32,"column":null}},"line":18},"1":{"name":"getHeaders","decl":{"start":{"line":39,"column":9},"end":{"line":39,"column":19}},"loc":{"start":{"line":39,"column":40},"end":{"line":53,"column":null}},"line":39},"2":{"name":"handleResponse","decl":{"start":{"line":60,"column":15},"end":{"line":60,"column":29}},"loc":{"start":{"line":60,"column":40},"end":{"line":106,"column":null}},"line":60},"3":{"name":"get","decl":{"start":{"line":114,"column":22},"end":{"line":114,"column":25}},"loc":{"start":{"line":114,"column":46},"end":{"line":137,"column":null}},"line":114},"4":{"name":"post","decl":{"start":{"line":146,"column":22},"end":{"line":146,"column":26}},"loc":{"start":{"line":146,"column":53},"end":{"line":170,"column":null}},"line":146},"5":{"name":"put","decl":{"start":{"line":179,"column":22},"end":{"line":179,"column":25}},"loc":{"start":{"line":179,"column":52},"end":{"line":203,"column":null}},"line":179},"6":{"name":"del","decl":{"start":{"line":211,"column":22},"end":{"line":211,"column":25}},"loc":{"start":{"line":211,"column":46},"end":{"line":234,"column":null}},"line":211},"7":{"name":"patch","decl":{"start":{"line":243,"column":22},"end":{"line":243,"column":27}},"loc":{"start":{"line":243,"column":54},"end":{"line":267,"column":null}},"line":243},"8":{"name":"createRequest","decl":{"start":{"line":274,"column":16},"end":{"line":274,"column":29}},"loc":{"start":{"line":274,"column":45},"end":{"line":282,"column":null}},"line":274},"9":{"name":"(anonymous_9)","decl":{"start":{"line":276,"column":9},"end":{"line":276,"column":10}},"loc":{"start":{"line":276,"column":33},"end":{"line":276,"column":81}},"line":276},"10":{"name":"(anonymous_10)","decl":{"start":{"line":277,"column":10},"end":{"line":277,"column":11}},"loc":{"start":{"line":277,"column":40},"end":{"line":277,"column":95}},"line":277},"11":{"name":"(anonymous_11)","decl":{"start":{"line":278,"column":9},"end":{"line":278,"column":10}},"loc":{"start":{"line":278,"column":39},"end":{"line":278,"column":93}},"line":278},"12":{"name":"(anonymous_12)","decl":{"start":{"line":279,"column":9},"end":{"line":279,"column":10}},"loc":{"start":{"line":279,"column":33},"end":{"line":279,"column":81}},"line":279},"13":{"name":"(anonymous_13)","decl":{"start":{"line":280,"column":11},"end":{"line":280,"column":12}},"loc":{"start":{"line":280,"column":41},"end":{"line":280,"column":97}},"line":280}},"branchMap":{"0":{"loc":{"start":{"line":19,"column":18},"end":{"line":19,"column":43}},"type":"binary-expr","locations":[{"start":{"line":19,"column":18},"end":{"line":19,"column":37}},{"start":{"line":19,"column":41},"end":{"line":19,"column":43}}],"line":19},"1":{"loc":{"start":{"line":20,"column":20},"end":{"line":20,"column":56}},"type":"binary-expr","locations":[{"start":{"line":20,"column":20},"end":{"line":20,"column":46}},{"start":{"line":20,"column":50},"end":{"line":20,"column":56}}],"line":20},"2":{"loc":{"start":{"line":23,"column":2},"end":{"line":25,"column":null}},"type":"if","locations":[{"start":{"line":23,"column":2},"end":{"line":25,"column":null}},{"start":{},"end":{}}],"line":23},"3":{"loc":{"start":{"line":28,"column":20},"end":{"line":28,"column":63}},"type":"cond-expr","locations":[{"start":{"line":28,"column":43},"end":{"line":28,"column":56}},{"start":{"line":28,"column":59},"end":{"line":28,"column":63}}],"line":28},"4":{"loc":{"start":{"line":39,"column":20},"end":{"line":39,"column":38}},"type":"default-arg","locations":[{"start":{"line":39,"column":34},"end":{"line":39,"column":38}}],"line":39},"5":{"loc":{"start":{"line":45,"column":2},"end":{"line":50,"column":null}},"type":"if","locations":[{"start":{"line":45,"column":2},"end":{"line":50,"column":null}},{"start":{},"end":{}}],"line":45},"6":{"loc":{"start":{"line":47,"column":4},"end":{"line":49,"column":null}},"type":"if","locations":[{"start":{"line":47,"column":4},"end":{"line":49,"column":null}},{"start":{},"end":{}}],"line":47},"7":{"loc":{"start":{"line":65,"column":2},"end":{"line":71,"column":null}},"type":"if","locations":[{"start":{"line":65,"column":2},"end":{"line":71,"column":null}},{"start":{},"end":{}}],"line":65},"8":{"loc":{"start":{"line":65,"column":6},"end":{"line":65,"column":61}},"type":"binary-expr","locations":[{"start":{"line":65,"column":6},"end":{"line":65,"column":17}},{"start":{"line":65,"column":21},"end":{"line":65,"column":61}}],"line":65},"9":{"loc":{"start":{"line":74,"column":2},"end":{"line":103,"column":null}},"type":"if","locations":[{"start":{"line":74,"column":2},"end":{"line":103,"column":null}},{"start":{},"end":{}}],"line":74},"10":{"loc":{"start":{"line":75,"column":28},"end":{"line":75,"column":94}},"type":"binary-expr","locations":[{"start":{"line":75,"column":28},"end":{"line":75,"column":41}},{"start":{"line":75,"column":45},"end":{"line":75,"column":94}}],"line":75},"11":{"loc":{"start":{"line":81,"column":4},"end":{"line":100,"column":null}},"type":"switch","locations":[{"start":{"line":82,"column":6},"end":{"line":85,"column":null}},{"start":{"line":86,"column":6},"end":{"line":88,"column":null}},{"start":{"line":89,"column":6},"end":{"line":93,"column":null}},{"start":{"line":94,"column":6},"end":{"line":94,"column":null}},{"start":{"line":95,"column":6},"end":{"line":95,"column":null}},{"start":{"line":96,"column":6},"end":{"line":96,"column":null}},{"start":{"line":97,"column":6},"end":{"line":99,"column":null}}],"line":81},"12":{"loc":{"start":{"line":87,"column":24},"end":{"line":87,"column":59}},"type":"binary-expr","locations":[{"start":{"line":87,"column":24},"end":{"line":87,"column":37}},{"start":{"line":87,"column":41},"end":{"line":87,"column":59}}],"line":87},"13":{"loc":{"start":{"line":92,"column":27},"end":{"line":92,"column":71}},"type":"cond-expr","locations":[{"start":{"line":92,"column":40},"end":{"line":92,"column":64}},{"start":{"line":92,"column":67},"end":{"line":92,"column":71}}],"line":92},"14":{"loc":{"start":{"line":98,"column":24},"end":{"line":98,"column":80}},"type":"binary-expr","locations":[{"start":{"line":98,"column":24},"end":{"line":98,"column":37}},{"start":{"line":98,"column":41},"end":{"line":98,"column":80}}],"line":98},"15":{"loc":{"start":{"line":114,"column":32},"end":{"line":114,"column":44}},"type":"default-arg","locations":[{"start":{"line":114,"column":42},"end":{"line":114,"column":44}}],"line":114},"16":{"loc":{"start":{"line":116,"column":18},"end":{"line":116,"column":36}},"type":"default-arg","locations":[{"start":{"line":116,"column":32},"end":{"line":116,"column":36}}],"line":116},"17":{"loc":{"start":{"line":128,"column":24},"end":{"line":128,"column":67}},"type":"binary-expr","locations":[{"start":{"line":128,"column":24},"end":{"line":128,"column":62}},{"start":{"line":128,"column":66},"end":{"line":128,"column":67}}],"line":128},"18":{"loc":{"start":{"line":130,"column":2},"end":{"line":134,"column":null}},"type":"if","locations":[{"start":{"line":130,"column":2},"end":{"line":134,"column":null}},{"start":{"line":132,"column":9},"end":{"line":134,"column":null}}],"line":130},"19":{"loc":{"start":{"line":146,"column":39},"end":{"line":146,"column":51}},"type":"default-arg","locations":[{"start":{"line":146,"column":49},"end":{"line":146,"column":51}}],"line":146},"20":{"loc":{"start":{"line":148,"column":18},"end":{"line":148,"column":36}},"type":"default-arg","locations":[{"start":{"line":148,"column":32},"end":{"line":148,"column":36}}],"line":148},"21":{"loc":{"start":{"line":161,"column":24},"end":{"line":161,"column":67}},"type":"binary-expr","locations":[{"start":{"line":161,"column":24},"end":{"line":161,"column":62}},{"start":{"line":161,"column":66},"end":{"line":161,"column":67}}],"line":161},"22":{"loc":{"start":{"line":163,"column":2},"end":{"line":167,"column":null}},"type":"if","locations":[{"start":{"line":163,"column":2},"end":{"line":167,"column":null}},{"start":{"line":165,"column":9},"end":{"line":167,"column":null}}],"line":163},"23":{"loc":{"start":{"line":179,"column":38},"end":{"line":179,"column":50}},"type":"default-arg","locations":[{"start":{"line":179,"column":48},"end":{"line":179,"column":50}}],"line":179},"24":{"loc":{"start":{"line":181,"column":18},"end":{"line":181,"column":36}},"type":"default-arg","locations":[{"start":{"line":181,"column":32},"end":{"line":181,"column":36}}],"line":181},"25":{"loc":{"start":{"line":194,"column":24},"end":{"line":194,"column":67}},"type":"binary-expr","locations":[{"start":{"line":194,"column":24},"end":{"line":194,"column":62}},{"start":{"line":194,"column":66},"end":{"line":194,"column":67}}],"line":194},"26":{"loc":{"start":{"line":196,"column":2},"end":{"line":200,"column":null}},"type":"if","locations":[{"start":{"line":196,"column":2},"end":{"line":200,"column":null}},{"start":{"line":198,"column":9},"end":{"line":200,"column":null}}],"line":196},"27":{"loc":{"start":{"line":211,"column":32},"end":{"line":211,"column":44}},"type":"default-arg","locations":[{"start":{"line":211,"column":42},"end":{"line":211,"column":44}}],"line":211},"28":{"loc":{"start":{"line":213,"column":18},"end":{"line":213,"column":36}},"type":"default-arg","locations":[{"start":{"line":213,"column":32},"end":{"line":213,"column":36}}],"line":213},"29":{"loc":{"start":{"line":225,"column":24},"end":{"line":225,"column":67}},"type":"binary-expr","locations":[{"start":{"line":225,"column":24},"end":{"line":225,"column":62}},{"start":{"line":225,"column":66},"end":{"line":225,"column":67}}],"line":225},"30":{"loc":{"start":{"line":227,"column":2},"end":{"line":231,"column":null}},"type":"if","locations":[{"start":{"line":227,"column":2},"end":{"line":231,"column":null}},{"start":{"line":229,"column":9},"end":{"line":231,"column":null}}],"line":227},"31":{"loc":{"start":{"line":243,"column":40},"end":{"line":243,"column":52}},"type":"default-arg","locations":[{"start":{"line":243,"column":50},"end":{"line":243,"column":52}}],"line":243},"32":{"loc":{"start":{"line":245,"column":18},"end":{"line":245,"column":36}},"type":"default-arg","locations":[{"start":{"line":245,"column":32},"end":{"line":245,"column":36}}],"line":245},"33":{"loc":{"start":{"line":258,"column":24},"end":{"line":258,"column":67}},"type":"binary-expr","locations":[{"start":{"line":258,"column":24},"end":{"line":258,"column":62}},{"start":{"line":258,"column":66},"end":{"line":258,"column":67}}],"line":258},"34":{"loc":{"start":{"line":260,"column":2},"end":{"line":264,"column":null}},"type":"if","locations":[{"start":{"line":260,"column":2},"end":{"line":264,"column":null}},{"start":{"line":262,"column":9},"end":{"line":264,"column":null}}],"line":260},"35":{"loc":{"start":{"line":276,"column":16},"end":{"line":276,"column":28}},"type":"default-arg","locations":[{"start":{"line":276,"column":26},"end":{"line":276,"column":28}}],"line":276},"36":{"loc":{"start":{"line":277,"column":23},"end":{"line":277,"column":35}},"type":"default-arg","locations":[{"start":{"line":277,"column":33},"end":{"line":277,"column":35}}],"line":277},"37":{"loc":{"start":{"line":278,"column":22},"end":{"line":278,"column":34}},"type":"default-arg","locations":[{"start":{"line":278,"column":32},"end":{"line":278,"column":34}}],"line":278},"38":{"loc":{"start":{"line":279,"column":16},"end":{"line":279,"column":28}},"type":"default-arg","locations":[{"start":{"line":279,"column":26},"end":{"line":279,"column":28}}],"line":279},"39":{"loc":{"start":{"line":280,"column":24},"end":{"line":280,"column":36}},"type":"default-arg","locations":[{"start":{"line":280,"column":34},"end":{"line":280,"column":36}}],"line":280}},"s":{"0":1,"1":18,"2":1,"3":1,"4":18,"5":18,"6":4,"7":0,"8":4,"9":4,"10":4,"11":4,"12":1,"13":1,"14":1,"15":1,"16":1,"17":0,"18":0,"19":1,"20":1,"21":1,"22":1,"23":10,"24":10,"25":10,"26":10,"27":10,"28":10,"29":10,"30":6,"31":4,"32":4,"33":10,"34":1,"35":2,"36":2,"37":2,"38":2,"39":2,"40":2,"41":2,"42":2,"43":2,"44":0,"45":2,"46":2,"47":2,"48":2,"49":2,"50":2,"51":2,"52":2,"53":2,"54":0,"55":1,"56":2,"57":2,"58":2,"59":2,"60":2,"61":2,"62":2,"63":0,"64":0,"65":1,"66":1,"67":2,"68":2,"69":2,"70":2,"71":2,"72":2,"73":2,"74":0,"75":0,"76":1,"77":1,"78":1,"79":1,"80":1,"81":1,"82":1,"83":0,"84":0,"85":0,"86":0,"87":0,"88":0,"89":0,"90":0,"91":0,"92":0,"93":0,"94":0},"f":{"0":17,"1":0,"2":1,"3":1,"4":1,"5":2,"6":2,"7":1,"8":0,"9":0,"10":0,"11":0,"12":0,"13":0},"b":{"0":[1,17],"1":[18,1],"2":[1,0],"3":[18,18],"4":[18],"5":[4,-4],"6":[4,0],"7":[1,0],"8":[1,1],"9":[0,0],"10":[1,4],"11":[10,10,10,6,6,6,6],"12":[10,10],"13":[10,10],"14":[6,4],"15":[1],"16":[2],"17":[2,2],"18":[2,2],"19":[2],"20":[2],"21":[2,2],"22":[2,0],"23":[2],"24":[2],"25":[2,0],"26":[0,1],"27":[2],"28":[2],"29":[2,0],"30":[0,1],"31":[1],"32":[1],"33":[0,0],"34":[0,0],"35":[0],"36":[0],"37":[0],"38":[0],"39":[0]},"meta":{"lastBranch":40,"lastFunction":14,"lastStatement":95,"seen":{"f:18:9:18:17":0,"s:19:18:19:43":0,"b:19:18:19:37:19:41:19:43":0,"s:20:20:20:56":1,"b:20:20:20:46:20:50:20:56":1,"b:23:2:25:Infinity:undefined:undefined:undefined:undefined":2,"s:23:2:25:Infinity":2,"s:24:4:24:Infinity":3,"s:28:20:28:63":4,"b:28:43:28:56:28:59:28:63":3,"s:31:2:31:Infinity":5,"f:39:9:39:19":1,"b:39:34:39:38":4,"s:40:18:43:3":6,"b:45:2:50:Infinity:undefined:undefined:undefined:undefined":5,"s:45:2:50:Infinity":7,"s:46:17:46:31":8,"b:47:4:49:Infinity:undefined:undefined:undefined:undefined":6,"s:47:4:49:Infinity":9,"s:48:6:48:Infinity":10,"s:52:2:52:Infinity":11,"f:60:15:60:29":2,"s:62:13:62:17":12,"s:63:22:63:58":13,"b:65:2:71:Infinity:undefined:undefined:undefined:undefined":7,"s:65:2:71:Infinity":14,"b:65:6:65:17:65:21:65:61":8,"s:66:4:70:Infinity":15,"s:67:6:67:Infinity":16,"b:74:2:103:Infinity:undefined:undefined:undefined:undefined":9,"s:74:2:103:Infinity":17,"s:75:18:75:95":18,"b:75:28:75:41:75:45:75:94":10,"s:76:4:76:Infinity":19,"s:77:4:77:Infinity":20,"s:78:4:78:Infinity":21,"b:82:6:85:Infinity:86:6:88:Infinity:89:6:93:Infinity:94:6:94:Infinity:95:6:95:Infinity:96:6:96:Infinity:97:6:99:Infinity":11,"s:81:4:100:Infinity":22,"s:84:8:84:Infinity":23,"s:85:8:85:Infinity":24,"s:87:8:87:Infinity":25,"b:87:24:87:37:87:41:87:59":12,"s:88:8:88:Infinity":26,"s:91:27:91:62":27,"s:92:8:92:Infinity":28,"b:92:40:92:64:92:67:92:71":13,"s:93:8:93:Infinity":29,"s:98:8:98:Infinity":30,"b:98:24:98:37:98:41:98:80":14,"s:99:8:99:Infinity":31,"s:102:4:102:Infinity":32,"s:105:2:105:Infinity":33,"f:114:22:114:25":3,"b:114:42:114:44":15,"s:115:20:115:30":34,"s:116:58:116:65":35,"b:116:32:116:36":16,"s:118:14:118:36":36,"s:119:20:119:48":37,"s:121:19:125:4":38,"s:127:19:127:41":39,"s:128:24:128:67":40,"b:128:24:128:62:128:66:128:67":17,"b:130:2:134:Infinity:132:9:134:Infinity":18,"s:130:2:134:Infinity":41,"s:131:3:131:Infinity":42,"s:133:3:133:Infinity":43,"s:136:2:136:Infinity":44,"f:146:22:146:26":4,"b:146:49:146:51":19,"s:147:20:147:30":45,"s:148:58:148:65":46,"b:148:32:148:36":20,"s:150:14:150:36":47,"s:151:20:151:49":48,"s:153:19:158:4":49,"s:160:19:160:41":50,"s:161:24:161:67":51,"b:161:24:161:62:161:66:161:67":21,"b:163:2:167:Infinity:165:9:167:Infinity":22,"s:163:2:167:Infinity":52,"s:164:3:164:Infinity":53,"s:166:3:166:Infinity":54,"s:169:2:169:Infinity":55,"f:179:22:179:25":5,"b:179:48:179:50":23,"s:180:20:180:30":56,"s:181:58:181:65":57,"b:181:32:181:36":24,"s:183:14:183:36":58,"s:184:20:184:48":59,"s:186:19:191:4":60,"s:193:19:193:41":61,"s:194:24:194:67":62,"b:194:24:194:62:194:66:194:67":25,"b:196:2:200:Infinity:198:9:200:Infinity":26,"s:196:2:200:Infinity":63,"s:197:3:197:Infinity":64,"s:199:3:199:Infinity":65,"s:202:2:202:Infinity":66,"f:211:22:211:25":6,"b:211:42:211:44":27,"s:212:20:212:30":67,"s:213:58:213:65":68,"b:213:32:213:36":28,"s:215:14:215:36":69,"s:216:20:216:51":70,"s:218:19:222:4":71,"s:224:19:224:41":72,"s:225:24:225:67":73,"b:225:24:225:62:225:66:225:67":29,"b:227:2:231:Infinity:229:9:231:Infinity":30,"s:227:2:231:Infinity":74,"s:228:3:228:Infinity":75,"s:230:3:230:Infinity":76,"s:233:2:233:Infinity":77,"f:243:22:243:27":7,"b:243:50:243:52":31,"s:244:20:244:30":78,"s:245:58:245:65":79,"b:245:32:245:36":32,"s:247:14:247:36":80,"s:248:20:248:50":81,"s:250:19:255:4":82,"s:257:19:257:41":83,"s:258:24:258:67":84,"b:258:24:258:62:258:66:258:67":33,"b:260:2:264:Infinity:262:9:264:Infinity":34,"s:260:2:264:Infinity":85,"s:261:3:261:Infinity":86,"s:263:3:263:Infinity":87,"s:266:2:266:Infinity":88,"f:274:16:274:29":8,"s:275:2:281:Infinity":89,"f:276:9:276:10":9,"s:276:33:276:81":90,"b:276:26:276:28":35,"f:277:10:277:11":10,"s:277:40:277:95":91,"b:277:33:277:35":36,"f:278:9:278:10":11,"s:278:39:278:93":92,"b:278:32:278:34":37,"f:279:9:279:10":12,"s:279:33:279:81":93,"b:279:26:279:28":38,"f:280:11:280:12":13,"s:280:41:280:97":94,"b:280:34:280:36":39}}}
,"/mnt/extra/Projects/Philement/elements/003-lithium/src/core/jwt.js": {"path":"/mnt/extra/Projects/Philement/elements/003-lithium/src/core/jwt.js","statementMap":{"0":{"start":{"line":8,"column":20},"end":{"line":8,"column":33}},"1":{"start":{"line":17,"column":15},"end":{"line":17,"column":62}},"2":{"start":{"line":20,"column":18},"end":{"line":20,"column":35}},"3":{"start":{"line":21,"column":2},"end":{"line":23,"column":null}},"4":{"start":{"line":22,"column":4},"end":{"line":22,"column":null}},"5":{"start":{"line":26,"column":2},"end":{"line":37,"column":null}},"6":{"start":{"line":27,"column":4},"end":{"line":36,"column":null}},"7":{"start":{"line":29,"column":22},"end":{"line":29,"column":34}},"8":{"start":{"line":31,"column":6},"end":{"line":33,"column":null}},"9":{"start":{"line":32,"column":8},"end":{"line":32,"column":null}},"10":{"start":{"line":35,"column":6},"end":{"line":35,"column":null}},"11":{"start":{"line":40,"column":2},"end":{"line":42,"column":null}},"12":{"start":{"line":41,"column":4},"end":{"line":41,"column":null}},"13":{"start":{"line":44,"column":2},"end":{"line":44,"column":null}},"14":{"start":{"line":53,"column":2},"end":{"line":55,"column":null}},"15":{"start":{"line":54,"column":4},"end":{"line":54,"column":null}},"16":{"start":{"line":57,"column":16},"end":{"line":57,"column":32}},"17":{"start":{"line":58,"column":2},"end":{"line":60,"column":null}},"18":{"start":{"line":59,"column":4},"end":{"line":59,"column":null}},"19":{"start":{"line":62,"column":2},"end":{"line":67,"column":null}},"20":{"start":{"line":63,"column":20},"end":{"line":63,"column":45}},"21":{"start":{"line":64,"column":4},"end":{"line":64,"column":null}},"22":{"start":{"line":66,"column":4},"end":{"line":66,"column":null}},"23":{"start":{"line":77,"column":2},"end":{"line":88,"column":null}},"24":{"start":{"line":78,"column":19},"end":{"line":78,"column":71}},"25":{"start":{"line":80,"column":4},"end":{"line":82,"column":null}},"26":{"start":{"line":81,"column":6},"end":{"line":81,"column":19}},"27":{"start":{"line":84,"column":16},"end":{"line":84,"column":45}},"28":{"start":{"line":85,"column":4},"end":{"line":85,"column":null}},"29":{"start":{"line":87,"column":4},"end":{"line":87,"column":16}},"30":{"start":{"line":97,"column":2},"end":{"line":99,"column":null}},"31":{"start":{"line":98,"column":4},"end":{"line":98,"column":null}},"32":{"start":{"line":101,"column":2},"end":{"line":111,"column":null}},"33":{"start":{"line":102,"column":19},"end":{"line":102,"column":35}},"34":{"start":{"line":104,"column":4},"end":{"line":106,"column":null}},"35":{"start":{"line":105,"column":6},"end":{"line":105,"column":null}},"36":{"start":{"line":108,"column":4},"end":{"line":108,"column":null}},"37":{"start":{"line":110,"column":4},"end":{"line":110,"column":null}},"38":{"start":{"line":120,"column":2},"end":{"line":124,"column":null}},"39":{"start":{"line":121,"column":4},"end":{"line":121,"column":null}},"40":{"start":{"line":123,"column":4},"end":{"line":123,"column":null}},"41":{"start":{"line":132,"column":2},"end":{"line":134,"column":null}},"42":{"start":{"line":133,"column":4},"end":{"line":133,"column":null}},"43":{"start":{"line":135,"column":2},"end":{"line":135,"column":null}},"44":{"start":{"line":143,"column":2},"end":{"line":143,"column":null}},"45":{"start":{"line":150,"column":2},"end":{"line":150,"column":null}},"46":{"start":{"line":159,"column":2},"end":{"line":170,"column":null}},"47":{"start":{"line":160,"column":19},"end":{"line":160,"column":71}},"48":{"start":{"line":162,"column":4},"end":{"line":164,"column":null}},"49":{"start":{"line":163,"column":6},"end":{"line":163,"column":null}},"50":{"start":{"line":166,"column":16},"end":{"line":166,"column":45}},"51":{"start":{"line":167,"column":4},"end":{"line":167,"column":null}},"52":{"start":{"line":169,"column":4},"end":{"line":169,"column":null}},"53":{"start":{"line":179,"column":26},"end":{"line":179,"column":51}},"54":{"start":{"line":181,"column":2},"end":{"line":183,"column":null}},"55":{"start":{"line":182,"column":4},"end":{"line":182,"column":null}},"56":{"start":{"line":185,"column":2},"end":{"line":187,"column":null}},"57":{"start":{"line":186,"column":4},"end":{"line":186,"column":null}},"58":{"start":{"line":190,"column":2},"end":{"line":190,"column":null}}},"fnMap":{"0":{"name":"base64UrlDecode","decl":{"start":{"line":15,"column":9},"end":{"line":15,"column":24}},"loc":{"start":{"line":15,"column":36},"end":{"line":45,"column":null}},"line":15},"1":{"name":"(anonymous_1)","decl":{"start":{"line":31,"column":54},"end":{"line":31,"column":55}},"loc":{"start":{"line":32,"column":8},"end":{"line":32,"column":null}},"line":32},"2":{"name":"decodeJWT","decl":{"start":{"line":52,"column":16},"end":{"line":52,"column":25}},"loc":{"start":{"line":52,"column":33},"end":{"line":68,"column":null}},"line":52},"3":{"name":"isExpired","decl":{"start":{"line":76,"column":16},"end":{"line":76,"column":25}},"loc":{"start":{"line":76,"column":49},"end":{"line":89,"column":null}},"line":76},"4":{"name":"validateJWT","decl":{"start":{"line":96,"column":16},"end":{"line":96,"column":27}},"loc":{"start":{"line":96,"column":35},"end":{"line":112,"column":null}},"line":96},"5":{"name":"getClaims","decl":{"start":{"line":119,"column":16},"end":{"line":119,"column":25}},"loc":{"start":{"line":119,"column":33},"end":{"line":125,"column":null}},"line":119},"6":{"name":"storeJWT","decl":{"start":{"line":131,"column":16},"end":{"line":131,"column":24}},"loc":{"start":{"line":131,"column":32},"end":{"line":136,"column":null}},"line":131},"7":{"name":"retrieveJWT","decl":{"start":{"line":142,"column":16},"end":{"line":142,"column":27}},"loc":{"start":{"line":142,"column":30},"en
[...]
"end":{"line":72,"column":45}},{"start":{"line":72,"column":48},"end":{"line":72,"column":55}}],"line":72},"6":{"loc":{"start":{"line":125,"column":4},"end":{"line":127,"column":null}},"type":"if","locations":[{"start":{"line":125,"column":4},"end":{"line":127,"column":null}},{"start":{},"end":{}}],"line":125},"7":{"loc":{"start":{"line":125,"column":8},"end":{"line":125,"column":29}},"type":"binary-expr","locations":[{"start":{"line":125,"column":8},"end":{"line":125,"column":15}},{"start":{"line":125,"column":19},"end":{"line":125,"column":29}}],"line":125},"8":{"loc":{"start":{"line":131,"column":4},"end":{"line":134,"column":null}},"type":"if","locations":[{"start":{"line":131,"column":4},"end":{"line":134,"column":null}},{"start":{},"end":{}}],"line":131},"9":{"loc":{"start":{"line":189,"column":4},"end":{"line":198,"column":null}},"type":"if","locations":[{"start":{"line":189,"column":4},"end":{"line":198,"column":null}},{"start":{},"end":{}}],"line":189},"10":{"loc":{"start":{"line":221,"column":2},"end":{"line":226,"column":null}},"type":"if","locations":[{"start":{"line":221,"column":2},"end":{"line":226,"column":null}},{"start":{},"end":{}}],"line":221},"11":{"loc":{"start":{"line":245,"column":2},"end":{"line":248,"column":null}},"type":"if","locations":[{"start":{"line":245,"column":2},"end":{"line":248,"column":null}},{"start":{},"end":{}}],"line":245},"12":{"loc":{"start":{"line":245,"column":6},"end":{"line":245,"column":84}},"type":"binary-expr","locations":[{"start":{"line":245,"column":6},"end":{"line":245,"column":19}},{"start":{"line":245,"column":23},"end":{"line":245,"column":44}},{"start":{"line":245,"column":48},"end":{"line":245,"column":84}}],"line":245},"13":{"loc":{"start":{"line":252,"column":4},"end":{"line":255,"column":null}},"type":"if","locations":[{"start":{"line":252,"column":4},"end":{"line":255,"column":null}},{"start":{},"end":{}}],"line":252},"14":{"loc":{"start":{"line":253,"column":55},"end":{"line":253,"column":86}},"type":"binary-expr","locations":[{"start":{"line":253,"column":55},"end":{"line":253,"column":67}},{"start":{"line":253,"column":71},"end":{"line":253,"column":86}}],"line":253},"15":{"loc":{"start":{"line":258,"column":17},"end":{"line":258,"column":34}},"type":"binary-expr","locations":[{"start":{"line":258,"column":17},"end":{"line":258,"column":28}},{"start":{"line":258,"column":32},"end":{"line":258,"column":34}}],"line":258},"16":{"loc":{"start":{"line":261,"column":4},"end":{"line":284,"column":null}},"type":"switch","locations":[{"start":{"line":262,"column":6},"end":{"line":265,"column":null}},{"start":{"line":267,"column":6},"end":{"line":270,"column":null}},{"start":{"line":272,"column":6},"end":{"line":275,"column":null}},{"start":{"line":277,"column":6},"end":{"line":280,"column":null}},{"start":{"line":282,"column":6},"end":{"line":283,"column":null}}],"line":261},"17":{"loc":{"start":{"line":264,"column":30},"end":{"line":264,"column":43}},"type":"binary-expr","locations":[{"start":{"line":264,"column":30},"end":{"line":264,"column":37}},{"start":{"line":264,"column":41},"end":{"line":264,"column":43}}],"line":264},"18":{"loc":{"start":{"line":297,"column":35},"end":{"line":297,"column":47}},"type":"default-arg","locations":[{"start":{"line":297,"column":45},"end":{"line":297,"column":47}}],"line":297},"19":{"loc":{"start":{"line":298,"column":10},"end":{"line":298,"column":23}},"type":"default-arg","locations":[{"start":{"line":298,"column":18},"end":{"line":298,"column":23}}],"line":298},"20":{"loc":{"start":{"line":298,"column":25},"end":{"line":298,"column":39}},"type":"default-arg","locations":[{"start":{"line":298,"column":34},"end":{"line":298,"column":39}}],"line":298},"21":{"loc":{"start":{"line":301,"column":2},"end":{"line":303,"column":null}},"type":"if","locations":[{"start":{"line":301,"column":2},"end":{"line":303,"column":null}},{"start":{},"end":{}}],"line":301},"22":{"loc":{"start":{"line":301,"column":6},"end":{"line":301,"column":21}},"type":"binary-expr","locations":[{"start":{"line":301,"column":6},"end":{"line":301,"column":11}},{"start":{"line":301,"column":15},"end":{"line":301,"column":21}}],"line":301},"23":{"loc":{"start":{"line":306,"column":2},"end":{"line":308,"column":null}},"type":"if","locations":[{"start":{"line":306,"column":2},"end":{"line":308,"column":null}},{"start":{},"end":{}}],"line":306},"24":{"loc":{"start":{"line":306,"column":6},"end":{"line":306,"column":28}},"type":"binary-expr","locations":[{"start":{"line":306,"column":6},"end":{"line":306,"column":18}},{"start":{"line":306,"column":22},"end":{"line":306,"column":28}}],"line":306},"25":{"loc":{"start":{"line":311,"column":2},"end":{"line":328,"column":null}},"type":"if","locations":[{"start":{"line":311,"column":2},"end":{"line":328,"column":null}},{"start":{},"end":{}}],"line":311},"26":{"loc":{"start":{"line":311,"column":6},"end":{"line":311,"column":22}},"type":"binary-expr","locations":[{"start":{"line":311,"column":6},"end":{"line":311,"column":12}},{"start":{"line":311,"column":16},"end":{"line":311,"column":22}}],"line":311},"27":{"loc":{"start":{"line":313,"column":4},"end":{"line":327,"column":null}},"type":"if","locations":[{"start":{"line":313,"column":4},"end":{"line":327,"column":null}},{"start":{},"end":{}}],"line":313},"28":{"loc":{"start":{"line":321,"column":6},"end":{"line":323,"column":null}},"type":"if","locations":[{"start":{"line":321,"column":6},"end":{"line":323,"column":null}},{"start":{},"end":{}}],"line":321},"29":{"loc":{"start":{"line":340,"column":33},"end":{"line":340,"column":47}},"type":"default-arg","locations":[{"start":{"line":340,"column":42},"end":{"line":340,"column":47}}],"line":340},"30":{"loc":{"start":{"line":342,"column":4},"end":{"line":344,"column":null}},"type":"if","locations":[{"start":{"line":342,"column":4},"end":{"line":344,"column":null}},{"start":{},"end":{}}],"line":342},"31":{"loc":{"start":{"line":362,"column":4},"end":{"line":364,"column":null}},"type":"if","locations":[{"start":{"line":362,"column":4},"end":{"line":364,"column":null}},{"start":{},"end":{}}],"line":362},"32":{"loc":{"start":{"line":373,"column":4},"end":{"line":378,"column":null}},"type":"if","locations":[{"start":{"line":373,"column":4},"end":{"line":378,"column":null}},{"start":{},"end":{}}],"line":373},"33":{"loc":{"start":{"line":374,"column":6},"end":{"line":376,"column":null}},"type":"if","locations":[{"start":{"line":374,"column":6},"end":{"line":376,"column":null}},{"start":{},"end":{}}],"line":374},"34":{"loc":{"start":{"line":394,"column":9},"end":{"line":394,"column":56}},"type":"binary-expr","locations":[{"start":{"line":394,"column":9},"end":{"line":394,"column":23}},{"start":{"line":394,"column":27},"end":{"line":394,"column":56}}],"line":394},"35":{"loc":{"start":{"line":404,"column":41},"end":{"line":404,"column":60}},"type":"default-arg","locations":[{"start":{"line":404,"column":56},"end":{"line":404,"column":60}}],"line":404},"36":{"loc":{"start":{"line":405,"column":2},"end":{"line":408,"column":null}},"type":"if","locations":[{"start":{"line":405,"column":2},"end":{"line":408,"column":null}},{"start":{},"end":{}}],"line":405},"37":{"loc":{"start":{"line":407,"column":11},"end":{"line":407,"column":53}},"type":"cond-expr","locations":[{"start":{"line":407,"column":35},"end":{"line":407,"column":47}},{"start":{"line":407,"column":50},"end":{"line":407,"column":53}}],"line":407},"38":{"loc":{"start":{"line":411,"column":2},"end":{"line":413,"column":null}},"type":"if","locations":[{"start":{"line":411,"column":2},"end":{"line":413,"column":null}},{"start":{},"end":{}}],"line":411},"39":{"loc":{"start":{"line":412,"column":11},"end":{"line":412,"column":53}},"type":"cond-expr","locations":[{"start":{"line":412,"column":35},"end":{"line":412,"column":47}},{"start":{"line":412,"column":50},"end":{"line":412,"column":53}}],"line":412},"40":{"loc":{"start":{"line":416,"column":9},"end":{"line":416,"column":81}},"type":"cond-expr","locations":[{"start":{"line":416,"column":31},"end":{"line":416,"column":36}},{"start":{"line":416,"column":39},"end":{"line":416,"column":81}}],"line":416},"41":{"loc":{"start":{"line":416,"column":39},"end":{"line":416,"column":81}},"type":"cond-expr","locations":[{"start":{"line":416,"column":63},"end":{"line":416,"column":75}},{"start":{"line":416,"column":78},"end":{"line":416,"column":81}}],"line":416},"42":{"loc":{"start":{"line":425,"column":42},"end":{"line":425,"column":60}},"type":"default-arg","locations":[{"start":{"line":425,"column":56},"end":{"line":425,"column":60}}],"line":425},"43":{"loc":{"start":{"line":434,"column":9},"end":{"line":434,"column":32}},"type":"binary-expr","locations":[{"start":{"line":434,"column":9},"end":{"line":434,"column":24}},{"start":{"line":434,"column":28},"end":{"line":434,"column":32}}],"line":434},"44":{"loc":{"start":{"line":442,"column":9},"end":{"line":442,"column":30}},"type":"binary-expr","locations":[{"start":{"line":442,"column":9},"end":{"line":442,"column":22}},{"start":{"line":442,"column":26},"end":{"line":442,"column":30}}],"line":442},"45":{"loc":{"start":{"line":450,"column":9},"end":{"line":450,"column":29}},"type":"binary-expr","locations":[{"start":{"line":450,"column":9},"end":{"line":450,"column":21}},{"start":{"line":450,"column":25},"end":{"line":450,"column":29}}],"line":450},"46":{"loc":{"start":{"line":458,"column":9},"end":{"line":458,"column":35}},"type":"binary-expr","locations":[{"start":{"line":458,"column":9},"end":{"line":458,"column":27}},{"start":{"line":458,"column":31},"end":{"line":458,"column":35}}],"line":458},"47":{"loc":{"start":{"line":466,"column":9},"end":{"line":466,"column":36}},"type":"binary-expr","locations":[{"start":{"line":466,"column":9},"end":{"line":466,"column":28}},{"start":{"line":466,"column":32},"end":{"line":466,"column":36}}],"line":466},"48":{"loc":{"start":{"line":476,"column":53},"end":{"line":476,"column":71}},"type":"default-arg","locations":[{"start":{"line":476,"column":67},"end":{"line":476,"column":71}}],"line":476},"49":{"loc":{"start":{"line":487,"column":2},"end":{"line":490,"column":null}},"type":"if","locations":[{"start":{"line":487,"column":2},"end":{"line":490,"column":null}},{"start":{},"end":{}}],"line":487},"50":{"loc":{"start":{"line":491,"column":9},"end":{"line":491,"column":32}},"type":"binary-expr","locations":[{"start":{"line":491,"column":9},"end":{"line":491,"column":24}},{"start":{"line":491,"column":28},"end":{"line":491,"column":32}}],"line":491},"51":{"loc":{"start":{"line":525,"column":37},"end":{"line":525,"column":49}},"type":"default-arg","locations":[{"start":{"line":525,"column":47},"end":{"line":525,"column":49}}],"line":525},"52":{"loc":{"start":{"line":526,"column":10},"end":{"line":526,"column":24}},"type":"default-arg","locations":[{"start":{"line":526,"column":19},"end":{"line":526,"column":24}}],"line":526}},"s":{"0":1,"1":1,"2":1,"3":12,"4":4,"5":0,"6":1,"7":0,"8":0,"9":0,"10":0,"11":0,"12":0,"13":0,"14":0,"15":0,"16":0,"17":0,"18":0,"19":0,"20":0,"21":0,"22":0,"23":0,"24":1,"25":1,"26":1,"27":1,"28":1,"29":0,"30":0,"31":0,"32":0,"33":0,"34":0,"35":0,"36":0,"37":0,"38":0,"39":0,"40":0,"41":0,"42":0,"43":0,"44":0,"45":0,"46":0,"47":12,"48":12,"49":12,"50":12,"51":0,"52":0,"53":0,"54":0,"55":0,"56":0,"57":0,"58":0,"59":0,"60":0,"61":0,"62":0,"63":0,"64":0,"65":0,"66":0,"67":0,"68":0,"69":0,"70":0,"71":0,"72":0,"73":0,"74":0,"75":0,"76":0,"77":0,"78":0,"79":0,"80":0,"81":0,"82":0,"83":0,"84":0,"85":0,"86":0,"87":0,"88":0,"89":0,"90":0,"91":0,"92":0,"93":0,"94":0,"95":0,"96":0,"97":0,"98":0,"99":0,"100":0,"101":0,"102":0,"103":0,"104":0,"105":0,"106":0,"107":0,"108":0,"109":0,"110":0,"111":0,"112":0,"113":0,"114":0,"115":0,"116":0,"117":0,"118":0,"119":0,"120":0,"121":0,"122":0,"123":0,"124":0,"125":0,"126":0,"127":0,"128":0,"129":0,"130":0,"131":0,"132":0,"133":0,"134":0,"135":0,"136":4,"137":3,"138":3,"139":3,"140":0,"141":0,"142":0,"143":0,"144":0,"145":1,"146":1,"147":1,"148":1,"149":1,"150":1,"151":1,"152":1,"153":1,"154":1,"155":1,"156":0,"157":1,"158":1,"159":12,"160":12,"161":12,"162":0,"163":0,"164":0},"f":{"0":12,"1":4,"2":0,"3":0,"4":0,"5":0,"6":0,"7":12,"8":0,"9":0,"10":0,"11":0,"12":0,"13":0,"14":0,"15":0,"16":4,"17":3,"18":1,"19":1,"20":1,"21":1,"22":1,"23":1,"24":1,"25":1,"26":1,"27":1,"28":12,"29":0,"30":0},"b":{"0":[0,0],"1":[0,0],"2":[0,0],"3":[0,0],"4":[0,0],"5":[0,0],"6":[0,0],"7":[0,0],"8":[0,0],"9":[0,0],"10":[0,0],"11":[0,0],"12":[0,0,0],"13":[0,0],"14":[0,0],"15":[0,0],"16":[0,0,0,0,0],"17":[0,0],"18":[0],"19":[0],"20":[0],"21":[0,0],"22":[0,0],"23":[0,0],"24":[0,0],"25":[0,0],"26":[0,0],"27":[0,0],"28":[0,0],"29":[0],"30":[0,0],"31":[0,0],"32":[0,0],"33":[0,0],"34":[4,0],"35":[3],"36":[3,0],"37":[0,3],"38":[0,0],"39":[0,0],"40":[0,0],"41":[0,0],"42":[1],"43":[1,1],"44":[1,1],"45":[1,1],"46":[1,1],"47":[1,1],"48":[1],"49":[1,0],"50":[0,0],"51":[0],"52":[0]},"meta":{"lastBranch":53,"lastFunction":31,"lastStatement":165,"seen":{"s:21:12:21:16":0,"s:22:19:22:23":1,"s:25:15:35:1":2,"f:26:8:26:9":0,"s:27:3:27:Infinity":3,"f:29:8:29:9":1,"s:30:3:30:Infinity":4,"f:32:9:32:10":2,"s:33:3:33:Infinity":5,"s:39:20:44:1":6,"f:57:9:57:26":3,"b:60:2:62:Infinity:undefined:undefined:undefined:undefined":0,"s:60:2:62:Infinity":7,"s:61:4:61:Infinity":8,"s:65:2:96:Infinity":9,"f:65:23:65:31":4,"s:66:22:66:50":10,"s:67:17:67:39":11,"s:68:18:68:84":12,"b:68:40:68:51:68:54:68:84":1,"b:68:66:68:70:68:74:68:76":2,"s:69:17:69:38":13,"s:70:18:70:46":14,"b:70:25:70:35:70:38:70:46":3,"s:71:21:71:49":15,"b:71:28:71:41:71:44:71:49":4,"s:72:23:72:55":16,"b:72:30:72:45:72:48:72:55":5,"s:75:18:75:20":17,"s:76:4:81:Infinity":18,"s:77:20:77:73":19,"s:78:6:78:Infinity":20,"s:80:6:80:Infinity":21,"s:85:3:92:Infinity":22,"s:95:4:95:Infinity":23,"s:100:25:106:1":24,"s:109:24:109:70":25,"s:112:20:112:37":26,"s:113:30:113:57":27,"s:114:21:114:40":28,"f:120:9:120:29":5,"s:121:2:141:Infinity":29,"s:122:19:122:52":30,"s:123:22:123:65":31,"b:125:4:127:Infinity:undefined:undefined:undefined:undefined":6,"s:125:4:127:Infinity":32,"b:125:8:125:15:125:19:125:29":7,"s:126:6:126:Infinity":33,"s:130:16:130:52":34,"b:131:4:134:Infinity:undefined:undefined:undefined:undefined":8,"s:131:4:134:Infinity":35,"s:132:6:132:Infinity":36,"s:133:6:133:Infinity":37,"s:136:17:136:35":38,"s:137:4:137:Infinity":39,"s:139:4:139:Infinity":40,"s:140:4:140:Infinity":41,"f:148:9:148:27":6,"s:149:2:155:Infinity":42,"s:150:4:150:Infinity":43,"s:151:4:151:Infinity":44,"s:152:4:152:Infinity":45,"s:154:4:154:Infinity":46,"f:161:9:161:26":7,"s:162:2:168:Infinity":47,"s:163:4:163:Infinity":48,"s:164:4:164:Infinity":49,"s:165:4:165:Infinity":50,"s:167:4:167:Infinity":51,"f:177:15:177:32":8,"s:178:19:178:73":52,"s:179:19:179:63":53,"s:180:18:180:69":54,"s:181:20:181:37":55,"s:184:16:184:51":56,"s:187:18:204:4":57,"f:187:32:187:35":9,"b:189:4:198:Infinity:undefined:undefined:undefined:undefined":9,"s:189:4:198:Infinity":58,"s:190:6:197:Infinity":59,"s:200:4:203:Infinity":60,"s:207:22:207:65":61,"s:208:20:208:56":62,"s:210:19:217:4":63,"s:219:19:219:60":64,"b:221:2:226:Infinity:undefined:undefined:undefined:undefined":10,"s:221:2:226:Infinity":65,"s:222:3:222:Infinity":66,"s:223:18:223:54":67,"s:224:4:224:Infinity":68,"s:225:4:225:Infinity":69,"s:228:15:228:36":70,"s:229:16:229:43":71,"s:232:1:232:Infinity":72,"s:234:2:234:Infinity":73,"f:242:9:242:28":10,"s:243:18:243:20":74,"b:245:2:248:Infinity:undefined:undefined:undefined:undefined":11,"s:245:2:248:Infinity":75,"b:245:6:245:19:245:23:245:44:245:48:245:84":12,"s:246:4:246:Infinity":76,"s:247:4:247:Infinity":77,"s:251:2:285:Infinity":78,"f:251:31:251:37":11,"b:252:4:255:Infinity:undefined:undefined:undefined:undefined":13,"s:252:4:255:Infinity":79,"s:253:6:253:Infinity":80,"b:253:55:253:67:253:71:253:86":14,"s:254:6:254:Infinity":81,"s:257:21:257:37":82,"s:258:17:258:34":83,"b:258:17:258:28:258:32:258:34":15,"b:262:6:265:Infinity:267:6:270:Infinity:272:6:275:Infinity:277:6:280:Infinity:282:6:283:Infinity":16,"s:261:4:284:Infinity":84,"s:264:8:264:Infinity":85,"b:264:30:264:37:264:41:264:43":17,"s:265:8:265:Infinity":86,"s:269:8:269:Infinity":87,"s:270:8:270:Infinity":88,"s:274:8:274:Infinity":89,"s:275:8:275:Infinity":90,"s:279:8:279:Infinity":91,"s:280:8:280:Infinity":92,"s:283:8:283:Infinity":93,"s:287:2:287:Infinity":94,"f:297:22:297:34":12,"b:297:45:297:47":18,"s:298:44:298:51":95,"b:298:18:298:23":19,"b:298:34:298:39":20,"b:301:2:303:Infinity:undefined:undefined:undefined:undefined":21,"s:301:2:303:Infinity":96,"b:301:6:301:11:301:15:301:21":22,"s:302:4:302:Infinity":97,"b:306:2:308:Infinity:undefined:undefined:undefined:undefined":23,"s:306:2:308:Infinity":98,"b:306:6:306:18:306:22:306:28":24,"s:307:4:307:Infinity":99,"b:311:2:328:Infinity:undefined:undefined:undefined:undefined":25,"s:311:2:328:Infinity":100,"b:311:6:311:12:311:16:311:22":26,"s:312:22:312:44":101,"b:313:4:327:Infinity:undefined:undefined:undefined:undefined":27,"s:313:4:327:Infinity":102,"s:314:6:314:Infinity":103,"s:315:20:318:19":104,"f:316:13:316:14":13,"s:316:18:316:42":105,"s:319:6:319:Infinity":106,"b:321:6:323:Infinity:undefined:undefined:undefined:undefined":28,"s:321:6:323:Infinity":107,"s:322:8:322:Infinity":108,"s:325:6:325:Infinity":109,"s:326:6:326:Infinity":110,"s:331:2:331:Infinity":111,"s:332:2:332:Infinity":112,"f:340:15:340:32":14,"b:340:42:340:47":29,"s:341:2:385:Infinity":113,"b:342:4:344:Infinity:undefined:undefined:undefined:undefined":30,"s:342:4:344:Infinity":114,"s:343:6:343:Infinity":115,"s:347:22:347:37":116,"s:348:23:348:80":117,"f:348:37:348:38":15,"s:348:42:348:68":118,"s:349:4:349:Infinity":119,"s:350:25:350:66":120,"s:353:25:353:58":121,"s:356:4:356:Infinity":122,"s:359:4:359:Infinity":123,"b:362:4:364:Infinity:undefined:undefined:undefined:undefined":31,"s:362:4:364:Infinity":124,"s:363:6:363:Infinity":125,"s:366:4:366:Infinity":126,"s:367:4:367:Infinity":127,"s:369:4:369:Infinity":128,"s:370:4:370:Infinity":129,"b:373:4:378:Infinity:undefined:undefined:undefined:undefined":32,"s:373:4:378:Infinity":130,"b:374:6:376:Infinity:undefined:undefined:undefined:undefined":33,"s:374:6:376:Infinity":131,"s:375:8:375:Infinity":132,"s:377:6:377:Infinity":133,"s:381:4:381:Infinity":134,"s:384:4:384:Infinity":135,"f:393:16:393:25":16,"s:394:2:394:Infinity":136,"b:394:9:394:23:394:27:394:56":34,"f:404:16:404:25":17,"b:404:56:404:60":35,"b:405:2:408:Infinity:undefined:undefined:undefined:undefined":36,"s:405:2:408:Infinity":137,"s:406:4:406:Infinity":138,"s:407:4:407:Infinity":139,"b:407:35:407:47:407:50:407:53":37,"s:410:23:410:38":140,"b:411:2:413:Infinity:undefined:undefined:undefined:undefined":38,"s:411:2:413:Infinity":141,"s:412:4:412:Infinity":142,"b:412:35:412:47:412:50:412:53":39,"s:415:16:415:41":143,"s:416:2:416:Infinity":144,"b:416:31:416:36:416:39:416:81":40,"b:416:63:416:75:416:78:416:81":41,"f:425:16:425:30":18,"b:425:56:425:60":42,"s:426:2:426:Infinity":145,"f:433:16:433:27":19,"s:434:2:434:Infinity":146,"b:434:9:434:24:434:28:434:32":43,"f:441:16:441:25":20,"s:442:2:442:Infinity":147,"b:442:9:442:22:442:26:442:30":44,"f:449:16:449:24":21,"s:450:2:450:Infinity":148,"b:450:9:450:21:450:25:450:29":45,"f:457:16:457:29":22,"s:458:2:458:Infinity":149,"b:458:9:458:27:458:31:458:35":46,"f:465:16:465:30":23,"s:466:2:466:Infinity":150,"b:466:9:466:28:466:32:466:36":47,"f:476:16:476:30":24,"b:476:67:476:71":48,"s:477:19:477:42":151,"s:478:2:478:Infinity":152,"f:486:16:486:33":25,"b:487:2:490:Infinity:undefined:undefined:undefined:undefined":49,"s:487:2:490:Infinity":153,"s:488:4:488:Infinity":154,"s:489:4:489:Infinity":155,"s:491:2:491:Infinity":156,"b:491:9:491:24:491:28:491:32":50,"f:498:16:498:29":26,"s:499:2:499:Infinity":157,"f:506:16:506:24":27,"s:507:2:507:Infinity":158,"f:513:16:513:26":28,"s:514:2:514:Infinity":159,"s:515:2:515:Infinity":160,"s:516:2:516:Infinity":161,"f:525:22:525:36":29,"b:525:47:525:49":51,"s:526:29:526:36":162,"b:526:19:526:24":52,"s:527:2:527:Infinity":163,"s:528:2:528:Infinity":164,"f:535:16:535:20":30}}}
}
