        -:    0:Source:/mnt/extra/Projects/Philement/elements/001-hydrogen/hydrogen/src/api/wschat/helpers/local_mcp.c
        -:    0:Graph:build/unity/src/api/wschat/helpers/local_mcp.gcno
        -:    0:Data:build/unity/src/api/wschat/helpers/local_mcp.gcda
        -:    0:Runs:5
        -:    1:#include <src/hydrogen.h>
        -:    2:#include <src/mcp/mcp_client.h>
        -:    3:#include <src/globals.h>
        -:    4:#include "local_mcp.h"
        -:    5:#include "proxy.h"
        -:    6:#include "proxy_multi.h"
        -:    7:
        2:    8:void chat_local_mcp_server_cleanup(ChatLocalMcpServer *server) {
        2:    9:    if (!server) {
    #####:   10:        return;
        -:   11:    }
        2:   12:    free(server->url);
        2:   13:    free(server->authorization);
        2:   14:    if (server->allowed_tools) {
        4:   15:        for (size_t i = 0; i < server->allowed_tool_count; i++) {
        2:   16:            free(server->allowed_tools[i]);
        -:   17:        }
        2:   18:        free(server->allowed_tools);
        -:   19:    }
        2:   20:    server->url = NULL;
        2:   21:    server->authorization = NULL;
        2:   22:    server->allowed_tools = NULL;
        2:   23:    server->allowed_tool_count = 0;
        -:   24:}
        -:   25:
       12:   26:void chat_local_mcp_config_cleanup(ChatLocalMcpConfig *cfg) {
       12:   27:    if (!cfg) {
    #####:   28:        return;
        -:   29:    }
       12:   30:    if (cfg->servers) {
        4:   31:        for (size_t i = 0; i < cfg->server_count; i++) {
        2:   32:            chat_local_mcp_server_cleanup(&cfg->servers[i]);
        -:   33:        }
        2:   34:        free(cfg->servers);
        -:   35:    }
       12:   36:    cfg->servers = NULL;
       12:   37:    cfg->server_count = 0;
       12:   38:    cfg->enabled = false;
        -:   39:}
        -:   40:
        2:   41:bool chat_local_mcp_load_allowed(json_t *allowed_obj, ChatLocalMcpServer *server) {
        -:   42:    size_t i;
        -:   43:    size_t n;
        -:   44:
        2:   45:    if (!allowed_obj || !json_is_array(allowed_obj) || !server) {
    #####:   46:        return false;
        -:   47:    }
        2:   48:    n = json_array_size(allowed_obj);
        2:   49:    if (n == 0) {
    #####:   50:        return false;
        -:   51:    }
        2:   52:    server->allowed_tools = calloc(n, sizeof(char *));
        2:   53:    if (!server->allowed_tools) {
    #####:   54:        return false;
        -:   55:    }
        2:   56:    server->allowed_tool_count = 0;
        4:   57:    for (i = 0; i < n; i++) {
        2:   58:        json_t *item = json_array_get(allowed_obj, i);
       2*:   59:        if (!json_is_string(item)) {
    #####:   60:            continue;
        -:   61:        }
        2:   62:        server->allowed_tools[server->allowed_tool_count] = strdup(json_string_value(item));
        2:   63:        if (server->allowed_tools[server->allowed_tool_count]) {
        2:   64:            server->allowed_tool_count += 1;
        -:   65:        }
        -:   66:    }
        2:   67:    return server->allowed_tool_count > 0;
        -:   68:}
        -:   69:
        2:   70:bool chat_local_mcp_config_load(json_t *collection, ChatLocalMcpConfig *out) {
        -:   71:    json_t *obj;
        -:   72:    json_t *enabled;
        -:   73:    json_t *servers;
        -:   74:    size_t i;
        -:   75:    size_t n;
        2:   76:    size_t loaded = 0;
        -:   77:
        2:   78:    if (!out) {
    #####:   79:        return false;
        -:   80:    }
        2:   81:    memset(out, 0, sizeof(*out));
        2:   82:    if (!collection || !json_is_object(collection)) {
    #####:   83:        return true;
        -:   84:    }
        2:   85:    obj = json_object_get(collection, "local_mcp");
        2:   86:    if (!obj || !json_is_object(obj)) {
    #####:   87:        return true;
        -:   88:    }
        2:   89:    enabled = json_object_get(obj, "enabled");
       2*:   90:    out->enabled = enabled && json_is_boolean(enabled) && json_boolean_value(enabled);
        2:   91:    servers = json_object_get(obj, "servers");
        2:   92:    if (!servers || !json_is_array(servers)) {
    #####:   93:        return true;
        -:   94:    }
        2:   95:    n = json_array_size(servers);
        2:   96:    if (n == 0) {
    #####:   97:        return true;
        -:   98:    }
        2:   99:    out->servers = calloc(n, sizeof(ChatLocalMcpServer));
        2:  100:    if (!out->servers) {
    #####:  101:        out->enabled = false;
    #####:  102:        return false;
        -:  103:    }
        4:  104:    for (i = 0; i < n; i++) {
        2:  105:        json_t *row = json_array_get(servers, i);
        -:  106:        json_t *url;
        -:  107:        json_t *auth;
        -:  108:        json_t *allowed;
        -:  109:        ChatLocalMcpServer *dst;
        -:  110:
       2*:  111:        if (!json_is_object(row)) {
    #####:  112:            continue;
        -:  113:        }
        2:  114:        url = json_object_get(row, "url");
        2:  115:        allowed = json_object_get(row, "allowed_tools");
       2*:  116:        if (!url || !json_is_string(url) || json_string_value(url)[0] == '\0') {
    #####:  117:            continue;
        -:  118:        }
        2:  119:        dst = &out->servers[loaded];
        2:  120:        dst->url = strdup(json_string_value(url));
        2:  121:        auth = json_object_get(row, "authorization");
       2*:  122:        if (auth && json_is_string(auth)) {
    #####:  123:            dst->authorization = strdup(json_string_value(auth));
        -:  124:        }
       2*:  125:        if (!chat_local_mcp_load_allowed(allowed, dst)) {
    #####:  126:            chat_local_mcp_server_cleanup(dst);
    #####:  127:            continue;
        -:  128:        }
        2:  129:        loaded += 1;
        -:  130:    }
        2:  131:    out->server_count = loaded;
        2:  132:    if (loaded == 0) {
    #####:  133:        free(out->servers);
    #####:  134:        out->servers = NULL;
        -:  135:    }
        2:  136:    return true;
        -:  137:}
        -:  138:
    #####:  139:json_t *chat_local_mcp_list_tools(const ChatEngineConfig *engine, const char *correlation_id) {
        -:  140:    json_t *all;
        -:  141:    size_t i;
        -:  142:
    #####:  143:    if (!engine || !engine->local_mcp.enabled || engine->local_mcp.server_count == 0) {
    #####:  144:        return NULL;
        -:  145:    }
    #####:  146:    all = json_array();
    #####:  147:    if (!all) {
    #####:  148:        return NULL;
        -:  149:    }
    #####:  150:    for (i = 0; i < engine->local_mcp.server_count; i++) {
    #####:  151:        const ChatLocalMcpServer *server = &engine->local_mcp.servers[i];
    #####:  152:        json_t *tools = mcp_client_fetch_tools(server->url,
    #####:  153:                                               server->authorization,
    #####:  154:                                               server->allowed_tools,
    #####:  155:                                               server->allowed_tool_count,
        -:  156:                                               correlation_id);
    #####:  157:        if (!tools) {
    #####:  158:            continue;
        -:  159:        }
        -:  160:        size_t t;
    #####:  161:        size_t n = json_array_size(tools);
    #####:  162:        for (t = 0; t < n; t++) {
    #####:  163:            json_array_append(all, json_array_get(tools, t));
        -:  164:        }
    #####:  165:        json_decref(tools);
        -:  166:    }
    #####:  167:    if (json_array_size(all) == 0) {
    #####:  168:        json_decref(all);
    #####:  169:        return NULL;
        -:  170:    }
    #####:  171:    return all;
        -:  172:}
        -:  173:
        9:  174:void chat_request_append_local_mcp_tools(json_t *root, json_t *mcp_tools, ChatEngineProvider provider,
        -:  175:                                         bool use_responses_api) {
        -:  176:    json_t *converted;
        -:  177:    json_t *tools;
        -:  178:
        9:  179:    if (!root || !mcp_tools || !json_is_array(mcp_tools) || json_array_size(mcp_tools) == 0) {
        5:  180:        return;
        -:  181:    }
        4:  182:    if (provider == CEC_PROVIDER_ANTHROPIC) {
        1:  183:        converted = mcp_client_tools_to_anthropic(mcp_tools);
        3:  184:    } else if (use_responses_api) {
        1:  185:        converted = mcp_client_tools_to_responses(mcp_tools);
        -:  186:    } else {
        2:  187:        converted = mcp_client_tools_to_openai(mcp_tools);
        -:  188:    }
        4:  189:    if (!converted) {
    #####:  190:        return;
        -:  191:    }
        4:  192:    tools = json_object_get(root, "tools");
        4:  193:    if (!tools || !json_is_array(tools)) {
        3:  194:        json_object_set_new(root, "tools", converted);
        3:  195:        return;
        -:  196:    }
        -:  197:    size_t i;
        1:  198:    size_t n = json_array_size(converted);
        2:  199:    for (i = 0; i < n; i++) {
        1:  200:        json_array_append(tools, json_array_get(converted, i));
        -:  201:    }
        1:  202:    json_decref(converted);
        -:  203:}
        -:  204:
       15:  205:json_t *chat_local_mcp_normalize_call(const char *id, const char *name, json_t *arguments) {
        -:  206:    json_t *out;
        -:  207:
       15:  208:    if (!name || name[0] == '\0') {
        4:  209:        return NULL;
        -:  210:    }
       11:  211:    out = json_object();
       11:  212:    if (!out) {
    #####:  213:        return NULL;
        -:  214:    }
       11:  215:    json_object_set_new(out, "id", json_string(id ? id : ""));
       11:  216:    json_object_set_new(out, "name", json_string(name));
       11:  217:    if (arguments) {
        8:  218:        json_object_set(out, "arguments", arguments);
        -:  219:    } else {
        3:  220:        json_object_set_new(out, "arguments", json_object());
        -:  221:    }
       11:  222:    return out;
        -:  223:}
        -:  224:
        5:  225:json_t *chat_local_mcp_extract_openai(json_t *root) {
        -:  226:    json_t *out;
        -:  227:    json_t *choices;
        -:  228:    json_t *first;
        -:  229:    json_t *message;
        -:  230:    json_t *calls;
        -:  231:    size_t i;
        -:  232:    size_t n;
        -:  233:
        5:  234:    out = json_array();
        5:  235:    if (!out || !root) {
    #####:  236:        json_decref(out);
    #####:  237:        return json_array();
        -:  238:    }
        5:  239:    choices = json_object_get(root, "choices");
        5:  240:    if (!choices || !json_is_array(choices)) {
        1:  241:        return out;
        -:  242:    }
        4:  243:    first = json_array_get(choices, 0);
        4:  244:    if (!first) {
    #####:  245:        return out;
        -:  246:    }
        4:  247:    message = json_object_get(first, "message");
        4:  248:    if (!message) {
        1:  249:        message = json_object_get(first, "delta");
        -:  250:    }
        4:  251:    if (!message) {
    #####:  252:        return out;
        -:  253:    }
        4:  254:    calls = json_object_get(message, "tool_calls");
        4:  255:    if (!calls || !json_is_array(calls)) {
        1:  256:        return out;
        -:  257:    }
        3:  258:    n = json_array_size(calls);
        5:  259:    for (i = 0; i < n; i++) {
        2:  260:        json_t *call = json_array_get(calls, i);
        -:  261:        json_t *fn;
        -:  262:        json_t *id;
        -:  263:        json_t *name;
        -:  264:        json_t *args;
        2:  265:        json_t *parsed_args = NULL;
        -:  266:        json_t *normalized;
        -:  267:
       2*:  268:        if (!json_is_object(call)) {
    #####:  269:            continue;
        -:  270:        }
        2:  271:        id = json_object_get(call, "id");
        2:  272:        fn = json_object_get(call, "function");
       2*:  273:        if (!fn) {
    #####:  274:            continue;
        -:  275:        }
        2:  276:        name = json_object_get(fn, "name");
        2:  277:        args = json_object_get(fn, "arguments");
        2:  278:        if (args && json_is_string(args)) {
        1:  279:            const char *args_str = json_string_value(args);
       1*:  280:            parsed_args = json_loads(args_str ? args_str : "{}", 0, NULL);
        1:  281:            if (!parsed_args) {
    #####:  282:                parsed_args = json_object();
        -:  283:            }
        1:  284:            args = parsed_args;
        -:  285:        }
       6*:  286:        normalized = chat_local_mcp_normalize_call(
        2:  287:            id && json_is_string(id) ? json_string_value(id) : "",
        2:  288:            name && json_is_string(name) ? json_string_value(name) : NULL,
        -:  289:            args);
        2:  290:        if (parsed_args) {
        1:  291:            json_decref(parsed_args);
        -:  292:        }
        2:  293:        if (normalized) {
        2:  294:            json_array_append_new(out, normalized);
        -:  295:        }
        -:  296:    }
        3:  297:    return out;
        -:  298:}
        -:  299:
        3:  300:json_t *chat_local_mcp_extract_anthropic(json_t *root) {
        -:  301:    json_t *out;
        -:  302:    json_t *content;
        -:  303:    size_t i;
        -:  304:    size_t n;
        -:  305:
        3:  306:    out = json_array();
        3:  307:    if (!out || !root) {
    #####:  308:        json_decref(out);
    #####:  309:        return json_array();
        -:  310:    }
        3:  311:    content = json_object_get(root, "content");
        3:  312:    if (!content || !json_is_array(content)) {
        1:  313:        return out;
        -:  314:    }
        2:  315:    n = json_array_size(content);
        4:  316:    for (i = 0; i < n; i++) {
        2:  317:        json_t *block = json_array_get(content, i);
        -:  318:        json_t *type;
        -:  319:        json_t *normalized;
        -:  320:
       2*:  321:        if (!json_is_object(block)) {
    #####:  322:            continue;
        -:  323:        }
        2:  324:        type = json_object_get(block, "type");
        2:  325:        if (!type || !json_is_string(type) || strcmp(json_string_value(type), "tool_use") != 0) {
        1:  326:            continue;
        -:  327:        }
       4*:  328:        normalized = chat_local_mcp_normalize_call(
        2:  329:            json_is_string(json_object_get(block, "id")) ? json_string_value(json_object_get(block, "id")) : "",
       1*:  330:            json_is_string(json_object_get(block, "name")) ? json_string_value(json_object_get(block, "name")) : NULL,
        -:  331:            json_object_get(block, "input"));
        1:  332:        if (normalized) {
    #####:  333:            json_array_append_new(out, normalized);
        -:  334:        }
        -:  335:    }
        2:  336:    return out;
        -:  337:}
        -:  338:
        5:  339:json_t *chat_local_mcp_extract_responses(json_t *root) {
        -:  340:    json_t *out;
        -:  341:    json_t *output;
        -:  342:    size_t i;
        -:  343:    size_t n;
        -:  344:
        5:  345:    out = json_array();
        5:  346:    if (!out || !root) {
    #####:  347:        json_decref(out);
    #####:  348:        return json_array();
        -:  349:    }
        5:  350:    output = json_object_get(root, "output");
        5:  351:    if (!output || !json_is_array(output)) {
        3:  352:        json_t *response = json_object_get(root, "response");
        3:  353:        if (response) {
        1:  354:            output = json_object_get(response, "output");
        -:  355:        }
        -:  356:    }
        5:  357:    if (!output || !json_is_array(output)) {
        2:  358:        return out;
        -:  359:    }
        3:  360:    n = json_array_size(output);
        6:  361:    for (i = 0; i < n; i++) {
        3:  362:        json_t *item = json_array_get(output, i);
        -:  363:        json_t *type;
        -:  364:        json_t *args;
        3:  365:        json_t *parsed_args = NULL;
        -:  366:        json_t *normalized;
        -:  367:        const char *id;
        -:  368:        json_t *id_obj;
        -:  369:
       3*:  370:        if (!json_is_object(item)) {
    #####:  371:            continue;
        -:  372:        }
        3:  373:        type = json_object_get(item, "type");
        3:  374:        if (!type || !json_is_string(type) || strcmp(json_string_value(type), "function_call") != 0) {
        1:  375:            continue;
        -:  376:        }
        2:  377:        id_obj = json_object_get(item, "call_id");
        2:  378:        if (!id_obj) {
        1:  379:            id_obj = json_object_get(item, "id");
        -:  380:        }
       2*:  381:        id = id_obj && json_is_string(id_obj) ? json_string_value(id_obj) : "";
        2:  382:        args = json_object_get(item, "arguments");
        2:  383:        if (args && json_is_string(args)) {
        2:  384:            parsed_args = json_loads(json_string_value(args), 0, NULL);
        2:  385:            if (!parsed_args) {
    #####:  386:                parsed_args = json_object();
        -:  387:            }
        2:  388:            args = parsed_args;
        -:  389:        }
       4*:  390:        normalized = chat_local_mcp_normalize_call(
        -:  391:            id,
        4:  392:            json_is_string(json_object_get(item, "name")) ? json_string_value(json_object_get(item, "name")) : NULL,
        -:  393:            args);
        2:  394:        if (parsed_args) {
        2:  395:            json_decref(parsed_args);
        -:  396:        }
        2:  397:        if (normalized) {
        2:  398:            json_array_append_new(out, normalized);
        -:  399:        }
        -:  400:    }
        3:  401:    return out;
        -:  402:}
        -:  403:
        2:  404:json_t *chat_local_mcp_extract_tool_calls_json(json_t *root, ChatEngineProvider provider) {
        -:  405:    json_t *calls;
        -:  406:
        2:  407:    if (!root) {
        1:  408:        return json_array();
        -:  409:    }
        1:  410:    if (provider == CEC_PROVIDER_ANTHROPIC) {
    #####:  411:        calls = chat_local_mcp_extract_anthropic(root);
        -:  412:    } else {
        1:  413:        calls = chat_local_mcp_extract_openai(root);
        1:  414:        if (calls && json_array_size(calls) == 0) {
        1:  415:            json_decref(calls);
        1:  416:            calls = chat_local_mcp_extract_responses(root);
        -:  417:        }
        -:  418:    }
        1:  419:    return calls;
        -:  420:}
        -:  421:
        2:  422:json_t *chat_local_mcp_extract_tool_calls(const char *response_body, ChatEngineProvider provider) {
        -:  423:    json_t *root;
        -:  424:    json_t *calls;
        -:  425:
        2:  426:    if (!response_body) {
        1:  427:        return NULL;
        -:  428:    }
        1:  429:    root = json_loads(response_body, 0, NULL);
        1:  430:    if (!root) {
    #####:  431:        return NULL;
        -:  432:    }
        1:  433:    calls = chat_local_mcp_extract_tool_calls_json(root, provider);
        1:  434:    json_decref(root);
        1:  435:    if (calls && json_array_size(calls) == 0) {
        1:  436:        json_decref(calls);
        1:  437:        return NULL;
        -:  438:    }
    #####:  439:    return calls;
        -:  440:}
        -:  441:
        5:  442:char *chat_local_mcp_tool_result_text(json_t *mcp_result) {
        -:  443:    json_t *content;
        -:  444:    json_t *is_error;
        -:  445:    char *dumped;
        -:  446:
        5:  447:    if (!mcp_result) {
        1:  448:        return strdup("{\"error\":\"empty tool result\"}");
        -:  449:    }
        4:  450:    is_error = json_object_get(mcp_result, "isError");
        4:  451:    content = json_object_get(mcp_result, "content");
        4:  452:    if (content && json_is_array(content) && json_array_size(content) > 0) {
        1:  453:        size_t n = json_array_size(content);
        2:  454:        for (size_t i = 0; i < n; i++) {
        1:  455:            json_t *block = json_array_get(content, i);
        1:  456:            json_t *text = json_object_get(block, "text");
        1:  457:            if (text && json_is_string(text)) {
    #####:  458:                return strdup(json_string_value(text));
        -:  459:            }
        -:  460:        }
        -:  461:    }
        4:  462:    dumped = json_dumps(mcp_result, JSON_COMPACT);
        4:  463:    if (dumped) {
        4:  464:        return dumped;
        -:  465:    }
    #####:  466:    if (is_error && json_is_true(is_error)) {
    #####:  467:        return strdup("{\"isError\":true}");
        -:  468:    }
    #####:  469:    return strdup("{}");
        -:  470:}
        -:  471:
        5:  472:const ChatLocalMcpServer *chat_local_mcp_find_server(const ChatEngineConfig *engine, const char *name) {
        -:  473:    size_t i;
        -:  474:
        5:  475:    if (!engine || !name) {
        2:  476:        return NULL;
        -:  477:    }
        4:  478:    for (i = 0; i < engine->local_mcp.server_count; i++) {
        2:  479:        const ChatLocalMcpServer *server = &engine->local_mcp.servers[i];
        2:  480:        if (mcp_client_tool_allowed(name, server->allowed_tools, server->allowed_tool_count)) {
        1:  481:            return server;
        -:  482:        }
        -:  483:    }
        2:  484:    return NULL;
        -:  485:}
        -:  486:
    #####:  487:json_t *chat_local_mcp_proxy_tool_calls(const ChatEngineConfig *engine,
        -:  488:                                        json_t *tool_calls,
        -:  489:                                        const char *correlation_id) {
        -:  490:    json_t *results;
        -:  491:    size_t i;
        -:  492:    size_t n;
    #####:  493:    const char *cid = correlation_id ? correlation_id : "-";
        -:  494:
    #####:  495:    results = json_array();
    #####:  496:    if (!results) {
    #####:  497:        return NULL;
        -:  498:    }
    #####:  499:    if (!engine || !tool_calls || !json_is_array(tool_calls)) {
    #####:  500:        return results;
        -:  501:    }
    #####:  502:    n = json_array_size(tool_calls);
    #####:  503:    for (i = 0; i < n; i++) {
    #####:  504:        json_t *call = json_array_get(tool_calls, i);
        -:  505:        json_t *name_obj;
        -:  506:        json_t *id_obj;
        -:  507:        json_t *args;
        -:  508:        json_t *row;
    #####:  509:        json_t *mcp_result = NULL;
    #####:  510:        char *error = NULL;
    #####:  511:        char *session = NULL;
        -:  512:        char *text;
        -:  513:        const char *name;
        -:  514:        const char *id;
        -:  515:        const ChatLocalMcpServer *server;
        -:  516:
    #####:  517:        row = json_object();
    #####:  518:        if (!row) {
    #####:  519:            continue;
        -:  520:        }
    #####:  521:        name_obj = json_object_get(call, "name");
    #####:  522:        id_obj = json_object_get(call, "id");
    #####:  523:        args = json_object_get(call, "arguments");
    #####:  524:        name = name_obj && json_is_string(name_obj) ? json_string_value(name_obj) : "";
    #####:  525:        id = id_obj && json_is_string(id_obj) ? json_string_value(id_obj) : "";
    #####:  526:        json_object_set_new(row, "id", json_string(id));
    #####:  527:        json_object_set_new(row, "name", json_string(name));
    #####:  528:        server = chat_local_mcp_find_server(engine, name);
    #####:  529:        if (!server) {
    #####:  530:            json_object_set_new(row, "content", json_string("{\"error\":\"tool not allowlisted\"}"));
    #####:  531:            json_array_append_new(results, row);
    #####:  532:            continue;
        -:  533:        }
    #####:  534:        if (!mcp_client_initialize(server->url, server->authorization, &session, &error)) {
    #####:  535:            log_this(SR_CHAT, "local_mcp tools/call initialize failed name=%s err=%s (cid=%s)",
    #####:  536:                     LOG_LEVEL_ERROR, 3, name, error ? error : "unknown", cid);
    #####:  537:            json_object_set_new(row, "content", json_string(error ? error : "initialize failed"));
    #####:  538:            free(error);
    #####:  539:            free(session);
    #####:  540:            json_array_append_new(results, row);
    #####:  541:            continue;
        -:  542:        }
    #####:  543:        if (!mcp_client_tools_call(server->url, server->authorization, session, name, args,
        -:  544:                                   &mcp_result, &error)) {
    #####:  545:            log_this(SR_CHAT, "local_mcp tools/call failed name=%s err=%s (cid=%s)",
    #####:  546:                     LOG_LEVEL_ERROR, 3, name, error ? error : "unknown", cid);
    #####:  547:            json_object_set_new(row, "content", json_string(error ? error : "tools/call failed"));
    #####:  548:            free(error);
    #####:  549:            free(session);
    #####:  550:            if (mcp_result) {
    #####:  551:                json_decref(mcp_result);
        -:  552:            }
    #####:  553:            json_array_append_new(results, row);
    #####:  554:            continue;
        -:  555:        }
    #####:  556:        free(session);
    #####:  557:        text = chat_local_mcp_tool_result_text(mcp_result);
    #####:  558:        json_decref(mcp_result);
    #####:  559:        json_object_set_new(row, "content", json_string(text ? text : "{}"));
    #####:  560:        free(text);
    #####:  561:        json_array_append_new(results, row);
        -:  562:    }
    #####:  563:    return results;
        -:  564:}
        -:  565:
    #####:  566:void chat_local_mcp_append_openai_results(json_t *root, json_t *tool_calls, json_t *results) {
        -:  567:    json_t *messages;
        -:  568:    json_t *assistant;
        -:  569:    json_t *calls;
        -:  570:    size_t i;
        -:  571:    size_t n;
        -:  572:
    #####:  573:    messages = json_object_get(root, "messages");
    #####:  574:    if (!messages || !json_is_array(messages)) {
    #####:  575:        return;
        -:  576:    }
    #####:  577:    assistant = json_object();
    #####:  578:    calls = json_array();
    #####:  579:    json_object_set_new(assistant, "role", json_string("assistant"));
    #####:  580:    json_object_set_new(assistant, "content", json_null());
    #####:  581:    n = json_array_size(tool_calls);
    #####:  582:    for (i = 0; i < n; i++) {
    #####:  583:        json_t *call = json_array_get(tool_calls, i);
    #####:  584:        json_t *tc = json_object();
    #####:  585:        json_t *fn = json_object();
    #####:  586:        json_t *args = json_object_get(call, "arguments");
    #####:  587:        char *args_str = args ? json_dumps(args, JSON_COMPACT) : strdup("{}");
        -:  588:
    #####:  589:        json_object_set(tc, "id", json_object_get(call, "id"));
    #####:  590:        json_object_set_new(tc, "type", json_string("function"));
    #####:  591:        json_object_set(fn, "name", json_object_get(call, "name"));
    #####:  592:        json_object_set_new(fn, "arguments", json_string(args_str ? args_str : "{}"));
    #####:  593:        free(args_str);
    #####:  594:        json_object_set_new(tc, "function", fn);
    #####:  595:        json_array_append_new(calls, tc);
        -:  596:    }
    #####:  597:    json_object_set_new(assistant, "tool_calls", calls);
    #####:  598:    json_array_append_new(messages, assistant);
    #####:  599:    n = json_array_size(results);
    #####:  600:    for (i = 0; i < n; i++) {
    #####:  601:        json_t *row = json_array_get(results, i);
    #####:  602:        json_t *msg = json_object();
    #####:  603:        json_object_set_new(msg, "role", json_string("tool"));
    #####:  604:        json_object_set(msg, "tool_call_id", json_object_get(row, "id"));
    #####:  605:        json_object_set(msg, "content", json_object_get(row, "content"));
    #####:  606:        json_array_append_new(messages, msg);
        -:  607:    }
        -:  608:}
        -:  609:
    #####:  610:void chat_local_mcp_append_anthropic_results(json_t *root, json_t *tool_calls, json_t *results) {
        -:  611:    json_t *messages;
        -:  612:    json_t *assistant;
        -:  613:    json_t *user;
        -:  614:    json_t *asst_content;
        -:  615:    json_t *user_content;
        -:  616:    size_t i;
        -:  617:    size_t n;
        -:  618:
    #####:  619:    messages = json_object_get(root, "messages");
    #####:  620:    if (!messages || !json_is_array(messages)) {
    #####:  621:        return;
        -:  622:    }
    #####:  623:    assistant = json_object();
    #####:  624:    user = json_object();
    #####:  625:    asst_content = json_array();
    #####:  626:    user_content = json_array();
    #####:  627:    json_object_set_new(assistant, "role", json_string("assistant"));
    #####:  628:    json_object_set_new(user, "role", json_string("user"));
    #####:  629:    n = json_array_size(tool_calls);
    #####:  630:    for (i = 0; i < n; i++) {
    #####:  631:        json_t *call = json_array_get(tool_calls, i);
    #####:  632:        json_t *block = json_object();
    #####:  633:        json_object_set_new(block, "type", json_string("tool_use"));
    #####:  634:        json_object_set(block, "id", json_object_get(call, "id"));
    #####:  635:        json_object_set(block, "name", json_object_get(call, "name"));
    #####:  636:        json_object_set(block, "input", json_object_get(call, "arguments"));
    #####:  637:        json_array_append_new(asst_content, block);
        -:  638:    }
    #####:  639:    n = json_array_size(results);
    #####:  640:    for (i = 0; i < n; i++) {
    #####:  641:        json_t *row = json_array_get(results, i);
    #####:  642:        json_t *block = json_object();
    #####:  643:        json_object_set_new(block, "type", json_string("tool_result"));
    #####:  644:        json_object_set(block, "tool_use_id", json_object_get(row, "id"));
    #####:  645:        json_object_set(block, "content", json_object_get(row, "content"));
    #####:  646:        json_array_append_new(user_content, block);
        -:  647:    }
    #####:  648:    json_object_set_new(assistant, "content", asst_content);
    #####:  649:    json_object_set_new(user, "content", user_content);
    #####:  650:    json_array_append_new(messages, assistant);
    #####:  651:    json_array_append_new(messages, user);
        -:  652:}
        -:  653:
    #####:  654:void chat_local_mcp_append_responses_results(json_t *root, json_t *tool_calls, json_t *results) {
        -:  655:    json_t *input;
        -:  656:    size_t i;
        -:  657:    size_t n;
        -:  658:
    #####:  659:    input = json_object_get(root, "input");
    #####:  660:    if (!input || !json_is_array(input)) {
    #####:  661:        return;
        -:  662:    }
    #####:  663:    n = json_array_size(tool_calls);
    #####:  664:    for (i = 0; i < n; i++) {
    #####:  665:        json_t *call = json_array_get(tool_calls, i);
    #####:  666:        json_t *item = json_object();
    #####:  667:        json_t *args = json_object_get(call, "arguments");
    #####:  668:        char *args_str = args ? json_dumps(args, JSON_COMPACT) : strdup("{}");
    #####:  669:        json_object_set_new(item, "type", json_string("function_call"));
    #####:  670:        json_object_set(item, "call_id", json_object_get(call, "id"));
    #####:  671:        json_object_set(item, "name", json_object_get(call, "name"));
    #####:  672:        json_object_set_new(item, "arguments", json_string(args_str ? args_str : "{}"));
    #####:  673:        free(args_str);
    #####:  674:        json_array_append_new(input, item);
        -:  675:    }
    #####:  676:    n = json_array_size(results);
    #####:  677:    for (i = 0; i < n; i++) {
    #####:  678:        json_t *row = json_array_get(results, i);
    #####:  679:        json_t *item = json_object();
    #####:  680:        json_object_set_new(item, "type", json_string("function_call_output"));
    #####:  681:        json_object_set(item, "call_id", json_object_get(row, "id"));
    #####:  682:        json_object_set(item, "output", json_object_get(row, "content"));
    #####:  683:        json_array_append_new(input, item);
        -:  684:    }
        -:  685:}
        -:  686:
    #####:  687:char *chat_local_mcp_append_tool_results(const char *request_json,
        -:  688:                                         json_t *tool_calls,
        -:  689:                                         json_t *results,
        -:  690:                                         ChatEngineProvider provider,
        -:  691:                                         bool use_responses_api) {
        -:  692:    json_t *root;
        -:  693:    char *out;
        -:  694:
    #####:  695:    if (!request_json || !tool_calls || !results) {
    #####:  696:        return NULL;
        -:  697:    }
    #####:  698:    root = json_loads(request_json, 0, NULL);
    #####:  699:    if (!root) {
    #####:  700:        return NULL;
        -:  701:    }
    #####:  702:    if (provider == CEC_PROVIDER_ANTHROPIC) {
    #####:  703:        chat_local_mcp_append_anthropic_results(root, tool_calls, results);
    #####:  704:    } else if (use_responses_api) {
    #####:  705:        chat_local_mcp_append_responses_results(root, tool_calls, results);
        -:  706:    } else {
    #####:  707:        chat_local_mcp_append_openai_results(root, tool_calls, results);
        -:  708:    }
    #####:  709:    out = json_dumps(root, JSON_COMPACT);
    #####:  710:    json_decref(root);
    #####:  711:    return out;
        -:  712:}
        -:  713:
        9:  714:void chat_local_mcp_accumulate_stream_tool_calls(json_t **acc, json_t *delta_tool_calls) {
        -:  715:    size_t i;
        -:  716:    size_t n;
        -:  717:
        9:  718:    if (!acc || !delta_tool_calls || !json_is_array(delta_tool_calls)) {
        1:  719:        return;
        -:  720:    }
        8:  721:    if (!*acc) {
        7:  722:        *acc = json_array();
        7:  723:        if (!*acc) {
    #####:  724:            return;
        -:  725:        }
        -:  726:    }
        8:  727:    n = json_array_size(delta_tool_calls);
       16:  728:    for (i = 0; i < n; i++) {
        8:  729:        json_t *delta = json_array_get(delta_tool_calls, i);
        -:  730:        json_t *index_obj;
        8:  731:        json_int_t index = (json_int_t)i;
        -:  732:        json_t *existing;
        -:  733:        json_t *fn;
        -:  734:        json_t *d_fn;
        -:  735:
        8:  736:        if (!json_is_object(delta)) {
        1:  737:            continue;
        -:  738:        }
        7:  739:        index_obj = json_object_get(delta, "index");
        7:  740:        if (index_obj && json_is_integer(index_obj)) {
        3:  741:            index = json_integer_value(index_obj);
        -:  742:        }
       13:  743:        while (json_array_size(*acc) <= (size_t)index) {
        6:  744:            json_t *blank = json_object();
        6:  745:            json_object_set_new(blank, "id", json_string(""));
        6:  746:            json_object_set_new(blank, "name", json_string(""));
        6:  747:            json_object_set_new(blank, "arguments", json_string(""));
        6:  748:            json_array_append_new(*acc, blank);
        -:  749:        }
        7:  750:        existing = json_array_get(*acc, (size_t)index);
        7:  751:        if (json_object_get(delta, "id") && json_is_string(json_object_get(delta, "id"))) {
        3:  752:            json_object_set(existing, "id", json_object_get(delta, "id"));
        -:  753:        }
        7:  754:        d_fn = json_object_get(delta, "function");
        7:  755:        fn = json_object_get(delta, "name");
       10:  756:        if (d_fn && json_is_object(d_fn)) {
        3:  757:            json_t *d_name = json_object_get(d_fn, "name");
        3:  758:            if (d_name && json_is_string(d_name) && json_string_value(d_name)[0] != '\0') {
        2:  759:                json_object_set(existing, "name", d_name);
        -:  760:            }
        3:  761:            json_t *d_args = json_object_get(d_fn, "arguments");
        3:  762:            if (d_args && json_is_string(d_args)) {
        2:  763:                json_t *args = json_object_get(existing, "arguments");
        2:  764:                if (args && json_is_string(args)) {
        2:  765:                    const char *prev = json_string_value(args);
        2:  766:                    const char *add = json_string_value(d_args);
        2:  767:                    char *joined = NULL;
       2*:  768:                    if (asprintf(&joined, "%s%s", prev ? prev : "", add ? add : "") != -1) {
        2:  769:                        json_object_set_new(existing, "arguments", json_string(joined));
        2:  770:                        free(joined);
        -:  771:                    }
        -:  772:                }
        -:  773:            }
        4:  774:        } else if (fn && json_is_string(fn)) {
        4:  775:            json_object_set(existing, "name", fn);
        -:  776:        }
        -:  777:    }
        -:  778:}
        -:  779:
        7:  780:json_t *chat_local_mcp_finalize_accumulated(json_t *acc) {
        -:  781:    json_t *out;
        -:  782:    size_t i;
        -:  783:    size_t n;
        -:  784:
        7:  785:    if (!acc || !json_is_array(acc)) {
        1:  786:        return NULL;
        -:  787:    }
        6:  788:    out = json_array();
        6:  789:    n = json_array_size(acc);
       11:  790:    for (i = 0; i < n; i++) {
        5:  791:        json_t *row = json_array_get(acc, i);
        5:  792:        json_t *args = json_object_get(row, "arguments");
        5:  793:        json_t *parsed = NULL;
        -:  794:        json_t *normalized;
        -:  795:
        5:  796:        if (args && json_is_string(args)) {
        1:  797:            parsed = json_loads(json_string_value(args), 0, NULL);
        1:  798:            if (!parsed) {
    #####:  799:                parsed = json_object();
        -:  800:            }
        -:  801:        }
       21:  802:        normalized = chat_local_mcp_normalize_call(
       10:  803:            json_is_string(json_object_get(row, "id")) ? json_string_value(json_object_get(row, "id")) : "",
       10:  804:            json_is_string(json_object_get(row, "name")) ? json_string_value(json_object_get(row, "name")) : NULL,
        -:  805:            parsed ? parsed : args);
        5:  806:        if (parsed) {
        1:  807:            json_decref(parsed);
        -:  808:        }
        5:  809:        if (normalized) {
        4:  810:            json_array_append_new(out, normalized);
        -:  811:        }
        -:  812:    }
        6:  813:    if (json_array_size(out) == 0) {
        2:  814:        json_decref(out);
        2:  815:        return NULL;
        -:  816:    }
        4:  817:    return out;
        -:  818:}
        -:  819:
        4:  820:struct ChatProxyResult *chat_local_mcp_complete_request(const ChatEngineConfig *engine,
        -:  821:                                                        const char *request_body,
        -:  822:                                                        const char *correlation_id) {
        4:  823:    ChatProxyConfig proxy_config = chat_proxy_get_default_config();
        -:  824:    ChatProxyResult *result;
        -:  825:    char *current;
        -:  826:    int round;
       4*:  827:    const char *cid = correlation_id ? correlation_id : "-";
        -:  828:
        4:  829:    if (!engine || !request_body) {
        2:  830:        return NULL;
        -:  831:    }
        2:  832:    current = strdup(request_body);
        2:  833:    if (!current) {
    #####:  834:        return NULL;
        -:  835:    }
        2:  836:    result = chat_proxy_send_with_retry(engine, current, &proxy_config);
        2:  837:    if (!engine->local_mcp.enabled) {
        1:  838:        free(current);
        1:  839:        return result;
        -:  840:    }
       1*:  841:    for (round = 0; round < CHAT_LOCAL_MCP_MAX_ROUNDS; round++) {
        -:  842:        json_t *calls;
        -:  843:        json_t *results;
        -:  844:        char *next_body;
        -:  845:
        1:  846:        if (!chat_proxy_result_is_success(result) || !result->response_body) {
        -:  847:            break;
        -:  848:        }
        1:  849:        calls = chat_local_mcp_extract_tool_calls(result->response_body, engine->provider);
        1:  850:        if (!calls) {
        1:  851:            break;
        -:  852:        }
    #####:  853:        log_this(SR_CHAT, "local_mcp proxy round=%d calls=%zu (cid=%s)",
        -:  854:                 LOG_LEVEL_STATE, 3, round + 1, json_array_size(calls), cid);
    #####:  855:        results = chat_local_mcp_proxy_tool_calls(engine, calls, cid);
    #####:  856:        next_body = chat_local_mcp_append_tool_results(current, calls, results,
    #####:  857:                                                       engine->provider, engine->use_responses_api);
    #####:  858:        json_decref(calls);
    #####:  859:        json_decref(results);
    #####:  860:        if (!next_body) {
    #####:  861:            break;
        -:  862:        }
    #####:  863:        free(current);
    #####:  864:        current = next_body;
    #####:  865:        chat_proxy_result_destroy(result);
    #####:  866:        result = chat_proxy_send_with_retry(engine, current, &proxy_config);
        -:  867:    }
        1:  868:    free(current);
        1:  869:    return result;
        -:  870:}
        -:  871:
        3:  872:char *chat_local_mcp_stream_next_body(struct MultiStreamContext *stream_ctx) {
        -:  873:    json_t *calls;
        -:  874:    json_t *results;
        -:  875:    char *next_body;
        -:  876:    const ChatEngineConfig *engine;
        -:  877:    const char *cid;
        -:  878:
        3:  879:    if (!stream_ctx || !stream_ctx->engine || !stream_ctx->request_body) {
        3:  880:        return NULL;
        -:  881:    }
    #####:  882:    engine = stream_ctx->engine;
    #####:  883:    if (!engine->local_mcp.enabled) {
    #####:  884:        return NULL;
        -:  885:    }
    #####:  886:    if (stream_ctx->local_mcp_round >= CHAT_LOCAL_MCP_MAX_ROUNDS) {
    #####:  887:        return NULL;
        -:  888:    }
    #####:  889:    cid = stream_ctx->local_mcp_cid ? stream_ctx->local_mcp_cid : "-";
    #####:  890:    calls = chat_local_mcp_finalize_accumulated(stream_ctx->tool_call_acc);
    #####:  891:    if (!calls) {
    #####:  892:        return NULL;
        -:  893:    }
    #####:  894:    results = chat_local_mcp_proxy_tool_calls(engine, calls, cid);
    #####:  895:    next_body = chat_local_mcp_append_tool_results(stream_ctx->request_body, calls, results,
    #####:  896:                                                   engine->provider, engine->use_responses_api);
    #####:  897:    json_decref(calls);
    #####:  898:    json_decref(results);
    #####:  899:    if (!next_body) {
    #####:  900:        return NULL;
        -:  901:    }
    #####:  902:    stream_ctx->local_mcp_round += 1;
    #####:  903:    if (stream_ctx->tool_call_acc) {
    #####:  904:        json_decref(stream_ctx->tool_call_acc);
    #####:  905:        stream_ctx->tool_call_acc = NULL;
        -:  906:    }
    #####:  907:    return next_body;
        -:  908:}
