        -:    0:Source:/mnt/extra/Projects/Philement/elements/001-hydrogen/hydrogen/src/scripting/scripting_api_query_resolve.c
        -:    0:Graph:build/coverage/src/scripting/scripting_api_query_resolve.gcno
        -:    0:Data:-
        -:    0:Runs:0
        -:    1:/*
        -:    2: * Scripting Subsystem - Database Resolution and Timeout Helpers
        -:    3: *
        -:    4: * Phase 13 of the LUA_PLAN: database queue resolution functions.
        -:    5: */
        -:    6:
        -:    7:#include <src/hydrogen.h>
        -:    8:#include <stdlib.h>
        -:    9:#include <string.h>
        -:   10:#include <time.h>
        -:   11:
        -:   12:#include "scripting_api.h"
        -:   13:#include "scripting_api_internal.h"
        -:   14:#include "scripting_handle.h"
        -:   15:#include "lua_context.h"
        -:   16:
        -:   17:#include <src/api/conduit/conduit_helpers.h>
        -:   18:#include <src/api/auth/auth_service.h>
        -:   19:
    #####:   20:DatabaseQueue* resolve_db_queue(const char* db_name, char** err_out) {
    #####:   21:    if (err_out) *err_out = NULL;
        -:   22:
    #####:   23:    const char* target = db_name;
    #####:   24:    if (!target || !*target) {
    #####:   25:        if (!app_config) {
    #####:   26:            if (err_out) {
    #####:   27:                *err_out = strdup("H.query: no app_config available");
        -:   28:            }
    #####:   29:            return NULL;
        -:   30:        }
    #####:   31:        target = app_config->scripting.DefaultDatabase;
    #####:   32:        if (!target || !*target) {
    #####:   33:            if (app_config->databases.connection_count == 1 &&
    #####:   34:                app_config->databases.connections[0].name &&
    #####:   35:                app_config->databases.connections[0].name[0] != '\0') {
    #####:   36:                target = app_config->databases.connections[0].name;
        -:   37:            } else {
    #####:   38:                if (err_out) {
    #####:   39:                    *err_out = strdup("H.query: no database specified and no "
        -:   40:                                      "scripting.DefaultDatabase configured");
        -:   41:                }
    #####:   42:                return NULL;
        -:   43:            }
        -:   44:        }
        -:   45:    }
        -:   46:
    #####:   47:    if (!global_queue_manager) {
    #####:   48:        if (err_out) {
    #####:   49:            *err_out = strdup("H.query: database queue manager not available");
        -:   50:        }
    #####:   51:        return NULL;
        -:   52:    }
        -:   53:
    #####:   54:    DatabaseQueue* dbq = database_queue_manager_get_database(
        -:   55:        global_queue_manager, target);
    #####:   56:    if (!dbq) {
    #####:   57:        if (err_out) {
        -:   58:            char buf[256];
    #####:   59:            snprintf(buf, sizeof(buf),
        -:   60:                     "H.query: database '%s' not found", target);
    #####:   61:            *err_out = strdup(buf);
        -:   62:        }
    #####:   63:        return NULL;
        -:   64:    }
    #####:   65:    return dbq;
        -:   66:}
        -:   67:
    #####:   68:int get_default_query_timeout(void) {
    #####:   69:    if (app_config && app_config->scripting.DefaultQueryTimeout > 0) {
    #####:   70:        return app_config->scripting.DefaultQueryTimeout;
        -:   71:    }
    #####:   72:    return 30;
        -:   73:}
