        -:    0:Source:/mnt/extra/Projects/Philement/elements/001-hydrogen/hydrogen/src/scripting/scripting_api_query_wait.c
        -:    0:Graph:build/coverage/src/scripting/scripting_api_query_wait.gcno
        -:    0:Data:-
        -:    0:Runs:0
        -:    1:/*
        -:    2: * Scripting Subsystem - Wait Functions and Sync Wrappers
        -:    3: *
        -:    4: * Phase 13 of the LUA_PLAN: H.wait and synchronous wrappers.
        -:    5: */
        -:    6:
        -:    7:#include <src/hydrogen.h>
        -:    8:#include <stdlib.h>
        -:    9:#include <string.h>
        -:   10:#include <time.h>
        -:   11:
        -:   12:#include "scripting_api.h"
        -:   13:#include "scripting_api_internal.h"
        -:   14:#include "scripting_handle.h"
        -:   15:#include "lua_context.h"
        -:   16:
        -:   17:#include <src/api/conduit/conduit_helpers.h>
        -:   18:#include <src/api/auth/auth_service.h>
        -:   19:
    #####:   20:int H_lua_wait_one(lua_State* L, H_Handle* h) {
    #####:   21:    if (!h) {
    #####:   22:        lua_pushnil(L);
    #####:   23:        lua_pushstring(L, "H.wait: invalid handle");
    #####:   24:        return 2;
        -:   25:    }
    #####:   26:    if (h->consumed) {
    #####:   27:        lua_pushnil(L);
    #####:   28:        lua_pushstring(L, "H.wait: handle already consumed");
    #####:   29:        return 2;
        -:   30:    }
    #####:   31:    if (h->error) {
    #####:   32:        lua_pushnil(L);
    #####:   33:        lua_pushstring(L, h->error);
    #####:   34:        h->consumed = true;
    #####:   35:        return 2;
        -:   36:    }
    #####:   37:    if (h->kind == H_HK_HTTP) {
    #####:   38:        return H_lua_http_wait_one(L, h);
        -:   39:    }
    #####:   40:    if (h->kind == H_HK_LLM) {
    #####:   41:        return H_lua_llm_wait_one(L, h);
        -:   42:    }
    #####:   43:    if (h->kind == H_HK_MAIL || h->kind == H_HK_NOTIFY) {
    #####:   44:        return H_lua_mail_notify_wait_one(L, h);
        -:   45:    }
    #####:   46:    if (!h->query_id || !h->db_queue) {
    #####:   47:        lua_pushnil(L);
    #####:   48:        lua_pushstring(L, "H.wait: handle has no pending query");
    #####:   49:        h->consumed = true;
    #####:   50:        return 2;
        -:   51:    }
        -:   52:
    #####:   53:    int timeout = get_default_query_timeout();
        -:   54:
    #####:   55:    DatabaseQuery* result_q = database_queue_await_result(
    #####:   56:        h->db_queue, h->query_id, timeout);
    #####:   57:    if (!result_q) {
        -:   58:        char buf[64];
    #####:   59:        snprintf(buf, sizeof(buf), "H.wait: timeout after %ds", timeout);
    #####:   60:        lua_pushnil(L);
    #####:   61:        lua_pushstring(L, buf);
    #####:   62:        h->consumed = true;
    #####:   63:        return 2;
        -:   64:    }
        -:   65:
    #####:   66:    h->consumed = true;
        -:   67:
    #####:   68:    if (result_q->error_message) {
    #####:   69:        lua_pushnil(L);
    #####:   70:        lua_pushstring(L, result_q->error_message);
        -:   71:    } else {
    #####:   72:        H_lua_build_result_table(L, result_q->query_template, result_q->affected_rows);
    #####:   73:        lua_pushnil(L);
        -:   74:    }
        -:   75:
    #####:   76:    free(result_q->query_id);
    #####:   77:    free(result_q->query_template);
    #####:   78:    free(result_q->error_message);
    #####:   79:    free(result_q);
        -:   80:
    #####:   81:    return 2;
        -:   82:}
        -:   83:
    #####:   84:int H_lua_wait(lua_State* L) {
    #####:   85:    int n = lua_gettop(L);
    #####:   86:    if (n == 0) {
    #####:   87:        return 0;
        -:   88:    }
        -:   89:
    #####:   90:    H_Handle** handles = calloc((size_t)n, sizeof(H_Handle*));
    #####:   91:    char** errors = calloc((size_t)n, sizeof(char*));
    #####:   92:    if (!handles || !errors) {
    #####:   93:        free(handles);
    #####:   94:        free(errors);
    #####:   95:        for (int i = 0; i < n; i++) {
    #####:   96:            lua_pushnil(L);
        -:   97:        }
    #####:   98:        for (int i = 0; i < n; i++) {
    #####:   99:            lua_pushstring(L, "H.wait: allocation failure");
        -:  100:        }
    #####:  101:        return 2 * n;
        -:  102:    }
        -:  103:
    #####:  104:    for (int i = 0; i < n; i++) {
    #####:  105:        handles[i] = H_Handle_check(L, i + 1);
        -:  106:    }
        -:  107:
    #####:  108:    for (int i = 0; i < n; i++) {
    #####:  109:        H_Handle* h = handles[i];
    #####:  110:        if (!h) {
    #####:  111:            lua_pushnil(L);
    #####:  112:            errors[i] = strdup("H.wait: argument is not a valid handle");
    #####:  113:            continue;
        -:  114:        }
    #####:  115:        if (h->consumed) {
    #####:  116:            lua_pushnil(L);
    #####:  117:            errors[i] = strdup("H.wait: handle already consumed");
    #####:  118:            continue;
        -:  119:        }
    #####:  120:        if (h->error) {
    #####:  121:            lua_pushnil(L);
    #####:  122:            errors[i] = strdup(h->error);
    #####:  123:            h->consumed = true;
    #####:  124:            continue;
        -:  125:        }
    #####:  126:        if (h->kind == H_HK_HTTP) {
    #####:  127:            (void)H_lua_wait_one(L, h);
    #####:  128:            if (lua_isnil(L, -1)) {
    #####:  129:                errors[i] = NULL;
    #####:  130:            } else if (lua_isstring(L, -1)) {
    #####:  131:                errors[i] = strdup(lua_tostring(L, -1));
        -:  132:            } else {
    #####:  133:                errors[i] = NULL;
        -:  134:            }
    #####:  135:            lua_pop(L, 1);
    #####:  136:            h->consumed = true;
    #####:  137:            continue;
        -:  138:        }
    #####:  139:        if (h->kind == H_HK_LLM) {
    #####:  140:            (void)H_lua_wait_one(L, h);
    #####:  141:            if (lua_isnil(L, -1)) {
    #####:  142:                errors[i] = NULL;
    #####:  143:            } else if (lua_isstring(L, -1)) {
    #####:  144:                errors[i] = strdup(lua_tostring(L, -1));
        -:  145:            } else {
    #####:  146:                errors[i] = NULL;
        -:  147:            }
    #####:  148:            lua_pop(L, 1);
    #####:  149:            h->consumed = true;
    #####:  150:            continue;
        -:  151:        }
    #####:  152:        if (h->kind == H_HK_MAIL || h->kind == H_HK_NOTIFY) {
    #####:  153:            (void)H_lua_wait_one(L, h);
    #####:  154:            if (lua_isnil(L, -1)) {
    #####:  155:                errors[i] = NULL;
    #####:  156:            } else if (lua_isstring(L, -1)) {
    #####:  157:                errors[i] = strdup(lua_tostring(L, -1));
        -:  158:            } else {
    #####:  159:                errors[i] = NULL;
        -:  160:            }
    #####:  161:            lua_pop(L, 1);
    #####:  162:            h->consumed = true;
    #####:  163:            continue;
        -:  164:        }
    #####:  165:        if (!h->query_id || !h->db_queue) {
    #####:  166:            lua_pushnil(L);
    #####:  167:            errors[i] = strdup("H.wait: handle has no pending query");
    #####:  168:            h->consumed = true;
    #####:  169:            continue;
        -:  170:        }
        -:  171:
    #####:  172:        int timeout = get_default_query_timeout();
    #####:  173:        DatabaseQuery* result_q = database_queue_await_result(
    #####:  174:            h->db_queue, h->query_id, timeout);
    #####:  175:        h->consumed = true;
    #####:  176:        if (!result_q) {
        -:  177:            char buf[64];
    #####:  178:            snprintf(buf, sizeof(buf), "H.wait: timeout after %ds", timeout);
    #####:  179:            lua_pushnil(L);
    #####:  180:            errors[i] = strdup(buf);
    #####:  181:            continue;
        -:  182:        }
    #####:  183:        if (result_q->error_message) {
    #####:  184:            lua_pushnil(L);
    #####:  185:            errors[i] = strdup(result_q->error_message);
        -:  186:        } else {
    #####:  187:            H_lua_build_result_table(L, result_q->query_template, result_q->affected_rows);
    #####:  188:            errors[i] = NULL;
        -:  189:        }
    #####:  190:        free(result_q->query_id);
    #####:  191:        free(result_q->query_template);
    #####:  192:        free(result_q->error_message);
    #####:  193:        free(result_q);
        -:  194:    }
        -:  195:
    #####:  196:    for (int i = 0; i < n; i++) {
    #####:  197:        if (errors[i]) {
    #####:  198:            lua_pushstring(L, errors[i]);
        -:  199:        } else {
    #####:  200:            lua_pushnil(L);
        -:  201:        }
    #####:  202:        free(errors[i]);
        -:  203:    }
        -:  204:
    #####:  205:    free(handles);
    #####:  206:    free(errors);
    #####:  207:    return 2 * n;
        -:  208:}
        -:  209:
    #####:  210:int H_lua_query_sync(lua_State* L) {
    #####:  211:    int n_pushed = H_lua_query(L);
    #####:  212:    if (n_pushed == 0) {
    #####:  213:        lua_pushnil(L);
    #####:  214:        lua_pushstring(L, "H.query_sync: handle allocation failed");
    #####:  215:        return 2;
        -:  216:    }
    #####:  217:    H_Handle* h = H_Handle_check(L, -1);
    #####:  218:    if (!h) {
    #####:  219:        lua_pop(L, 1);
    #####:  220:        lua_pushnil(L);
    #####:  221:        lua_pushstring(L, "H.query_sync: handle creation failed");
    #####:  222:        return 2;
        -:  223:    }
    #####:  224:    int n = H_lua_wait_one(L, h);
    #####:  225:    lua_remove(L, -(n + 1));
    #####:  226:    return n;
        -:  227:}
        -:  228:
    #####:  229:int H_lua_altquery_sync(lua_State* L) {
    #####:  230:    int n_pushed = H_lua_altquery(L);
    #####:  231:    if (n_pushed == 0) {
    #####:  232:        lua_pushnil(L);
    #####:  233:        lua_pushstring(L, "H.altquery_sync: handle allocation failed");
    #####:  234:        return 2;
        -:  235:    }
    #####:  236:    H_Handle* h = H_Handle_check(L, -1);
    #####:  237:    if (!h) {
    #####:  238:        lua_pop(L, 1);
    #####:  239:        lua_pushnil(L);
    #####:  240:        lua_pushstring(L, "H.altquery_sync: handle creation failed");
    #####:  241:        return 2;
        -:  242:    }
    #####:  243:    int n = H_lua_wait_one(L, h);
    #####:  244:    lua_remove(L, -(n + 1));
    #####:  245:    return n;
        -:  246:}
        -:  247:
    #####:  248:int H_lua_authquery_sync(lua_State* L) {
    #####:  249:    int n_pushed = H_lua_authquery(L);
    #####:  250:    if (n_pushed == 0) {
    #####:  251:        lua_pushnil(L);
    #####:  252:        lua_pushstring(L, "H.authquery_sync: handle allocation failed");
    #####:  253:        return 2;
        -:  254:    }
    #####:  255:    H_Handle* h = H_Handle_check(L, -1);
    #####:  256:    if (!h) {
    #####:  257:        lua_pop(L, 1);
    #####:  258:        lua_pushnil(L);
    #####:  259:        lua_pushstring(L, "H.authquery_sync: handle creation failed");
    #####:  260:        return 2;
        -:  261:    }
    #####:  262:    int n = H_lua_wait_one(L, h);
    #####:  263:    lua_remove(L, -(n + 1));
    #####:  264:    return n;
        -:  265:}
