        -:    0:Source:/mnt/extra/Projects/Philement/elements/001-hydrogen/hydrogen/src/api/wschat/helpers/storage.c
        -:    0:Graph:build/unity/src/api/wschat/helpers/storage.gcno
        -:    0:Data:build/unity/src/api/wschat/helpers/storage.gcda
        -:    0:Runs:5
        -:    1:/*
        -:    2: * Chat Storage Module - Content-Addressable Storage Implementation
        -:    3: *
        -:    4: * Phase 6: Conversation History with Content-Addressable Storage + Brotli
        -:    5: * Phase 7: Connected to QueryRefs #063 (store), #062 (retrieve), #067 (store chat)
        -:    6: * Phase 9: Added LRU disk cache layer for hot segments
        -:    7: */
        -:    8:
        -:    9:#include <src/hydrogen.h>
        -:   10:
        -:   11:#include <stdlib.h>
        -:   12:#include <string.h>
        -:   13:#include <time.h>
        -:   14:#include <errno.h>
        -:   15:
        -:   16:#include <src/utils/utils_compression.h>
        -:   17:#include <src/utils/utils_crypto.h>
        -:   18:#include <src/logging/logging.h>
        -:   19:#include <src/database/database.h>
        -:   20:#include <src/database/dbqueue/dbqueue.h>
        -:   21:
        -:   22:#include "storage.h"
        -:   23:#include "lru_cache.h"
        -:   24:#include "storage_hex.h"
        -:   25:#include "storage_compress.h"
        -:   26:#include "storage_media.h"
        -:   27:
        -:   28:static const char* SR_CHAT_STORAGE = "CHAT_STORAGE";
        -:   29:
        -:   30:extern DatabaseQueueManager* global_queue_manager;
        -:   31:
        -:   32:/* Query execution helper - accessible from chat_storage_media.c */
        -:   33:bool chat_storage_execute_query(DatabaseQueue* db_queue, int query_ref,
        -:   34:                                const char* params_json, char** result_json);
        -:   35:
        -:   36:/* LRU Cache storage for databases */
        -:   37:#define MAX_CACHED_DATABASES 32
        -:   38:
        -:   39:typedef struct {
        -:   40:    char* database;
        -:   41:    ChatLRUCache* cache;
        -:   42:} DatabaseCacheEntry;
        -:   43:
        -:   44:static DatabaseCacheEntry cache_entries[MAX_CACHED_DATABASES] = {0};
        -:   45:static int cache_count = 0;
        -:   46:static pthread_mutex_t cache_manager_mutex = PTHREAD_MUTEX_INITIALIZER;
        -:   47:
        -:   48:/* Find or create cache for a database */
        8:   49: ChatLRUCache* chat_storage_get_or_create_cache(const char* database) {
        8:   50:    if (!database) {
        1:   51:        return NULL;
        -:   52:    }
        -:   53:
        7:   54:    pthread_mutex_lock(&cache_manager_mutex);
        -:   55:
        -:   56:    /* Look for existing cache */
       11:   57:    for (int i = 0; i < cache_count; i++) {
        8:   58:        if (cache_entries[i].database && strcmp(cache_entries[i].database, database) == 0) {
        4:   59:            ChatLRUCache* cache = cache_entries[i].cache;
        4:   60:            pthread_mutex_unlock(&cache_manager_mutex);
        4:   61:            return cache;
        -:   62:        }
        -:   63:    }
        -:   64:
        -:   65:    /* Create new cache if room */
        3:   66:    if (cache_count < MAX_CACHED_DATABASES) {
        3:   67:        ChatLRUCache* cache = chat_lru_cache_init(database, 0);  /* Use default 1GB */
        3:   68:        if (cache) {
        3:   69:            cache_entries[cache_count].database = strdup(database);
        3:   70:            cache_entries[cache_count].cache = cache;
        3:   71:            cache_count++;
        -:   72:
        3:   73:            log_this(SR_CHAT_STORAGE, "Created LRU cache for database: %s",
        -:   74:                     LOG_LEVEL_STATE, 1, database);
        -:   75:
        3:   76:            pthread_mutex_unlock(&cache_manager_mutex);
        3:   77:            return cache;
        -:   78:        }
        -:   79:    }
        -:   80:
    #####:   81:    pthread_mutex_unlock(&cache_manager_mutex);
    #####:   82:    return NULL;
        -:   83:}
        -:   84:
        -:   85:/* Hash and compression functions are now in separate modules:
        -:   86: * - chat_storage_hash.c: chat_storage_generate_hash
        -:   87: * - chat_storage_compress.c: chat_storage_compress_message, chat_storage_decompress_message
        -:   88: */
        -:   89:
        6:   90:bool chat_storage_execute_query(DatabaseQueue* db_queue, int query_ref,
        -:   91:                                const char* params_json, char** result_json) {
        6:   92:    if (!db_queue || !db_queue->persistent_connection || query_ref <= 0) {
    #####:   93:        log_this(SR_CHAT_STORAGE, "Invalid db_queue/query_ref (queue=%p conn=%p ref=%d)", LOG_LEVEL_ALERT, 0,
        -:   94:                 db_queue, db_queue ? db_queue->persistent_connection : NULL, query_ref);
    #####:   95:        return false;
        -:   96:    }
        -:   97:
        6:   98:    QueryRequest request = {0};
        6:   99:    request.query_id = NULL;
        6:  100:    request.sql_template = NULL;
       6*:  101:    request.parameters_json = params_json ? strdup(params_json) : strdup("{}");
        6:  102:    request.timeout_seconds = 30;
        6:  103:    request.isolation_level = DB_ISOLATION_READ_COMMITTED;
        6:  104:    request.use_prepared_statement = false;
        -:  105:
        6:  106:    QueryResult* result = NULL;
        6:  107:    bool success = database_engine_execute(db_queue->persistent_connection, &request, &result);
        -:  108:
        6:  109:    if (!success || !result || !result->success) {
       2*:  110:        log_this(SR_CHAT_STORAGE, "QueryRef #%d failed: %s", LOG_LEVEL_ERROR, 2, query_ref,
       2*:  111:                 result && result->error_message ? result->error_message : "Unknown error");
        2:  112:        if (result) database_engine_cleanup_result(result);
        2:  113:        free(request.parameters_json);
        2:  114:        return false;
        -:  115:    }
        -:  116:
        4:  117:    if (result_json && result->data_json) {
        4:  118:        *result_json = strdup(result->data_json);
        -:  119:    }
        -:  120:
        4:  121:    database_engine_cleanup_result(result);
        4:  122:    free(request.parameters_json);
        4:  123:    return true;
        -:  124:}
        -:  125:
        6:  126:char* chat_storage_store_segment(const char* database, const char* message, size_t message_len) {
        6:  127:    if (!database || !message || message_len == 0) {
        3:  128:        log_this(SR_CHAT_STORAGE, "Invalid parameters for store_segment", LOG_LEVEL_ERROR, 0);
        3:  129:        return NULL;
        -:  130:    }
        -:  131:
        3:  132:    DatabaseQueue* db_queue = database_queue_manager_get_database(global_queue_manager, database);
        3:  133:    if (!db_queue || !db_queue->persistent_connection) {
        1:  134:        log_this(SR_CHAT_STORAGE, "Database queue not available for: %s", LOG_LEVEL_ERROR, 1, database);
        1:  135:        return NULL;
        -:  136:    }
        -:  137:
        2:  138:    char* hash = chat_storage_generate_hash(message, message_len);
        2:  139:    if (!hash) {
    #####:  140:        log_this(SR_CHAT_STORAGE, "Failed to generate hash for message", LOG_LEVEL_ERROR, 0);
    #####:  141:        return NULL;
        -:  142:    }
        -:  143:
        -:  144:    /* Phase 9: Store in LRU cache immediately (marked as dirty) */
        2:  145:    ChatLRUCache* cache = chat_storage_get_or_create_cache(database);
        2:  146:    if (cache) {
        2:  147:        chat_lru_cache_put(cache, hash, message, message_len, true);
        -:  148:    }
        -:  149:
        2:  150:    uint8_t* compressed = NULL;
        2:  151:    size_t compressed_size = 0;
        -:  152:
        2:  153:    bool compress_result = chat_storage_compress_message(message, message_len, &compressed, &compressed_size);
        2:  154:    if (!compress_result) {
    #####:  155:        free(hash);
    #####:  156:        log_this(SR_CHAT_STORAGE, "Failed to compress message", LOG_LEVEL_ERROR, 0);
    #####:  157:        return NULL;
        -:  158:    }
        -:  159:
        2:  160:    double compression_ratio = 0.0;
        2:  161:    if (message_len > 0) {
        2:  162:        compression_ratio = (double)compressed_size / (double)message_len;
        -:  163:    }
        -:  164:
        2:  165:    char* compressed_hex = NULL;
        2:  166:    if (compressed && compressed_size > 0) {
        2:  167:        compressed_hex = calloc(compressed_size * 2 + 1, 1);
        2:  168:        if (compressed_hex) {
       20:  169:            for (size_t i = 0; i < compressed_size; i++) {
       18:  170:                sprintf(compressed_hex + i * 2, "%02x", compressed[i]);
        -:  171:            }
        -:  172:        }
        -:  173:    }
        -:  174:
        -:  175:    char params_json[4096];
       2*:  176:    snprintf(params_json, sizeof(params_json),
        -:  177:        "{"
        -:  178:        "\"SEGMENT_HASH\": \"%s\","
        -:  179:        "\"SEGMENT_CONTENT\": \"%s\","
        -:  180:        "\"UNCOMPRESSED_SIZE\": %zu,"
        -:  181:        "\"COMPRESSED_SIZE\": %zu,"
        -:  182:        "\"COMPRESSION_RATIO\": %.4f"
        -:  183:        "}",
        -:  184:        hash,
        -:  185:        compressed_hex ? compressed_hex : "",
        -:  186:        message_len,
        -:  187:        compressed_size,
        -:  188:        compression_ratio
        -:  189:    );
        -:  190:
        -:  191:    (void)params_json; // Used in query execution
        -:  192:
        2:  193:    if (compressed_hex) free(compressed_hex);
        2:  194:    if (compressed) free(compressed);
        -:  195:
        2:  196:    log_this(SR_CHAT_STORAGE, "Storing segment hash: %s (original: %zu, compressed: %zu)",
        -:  197:             LOG_LEVEL_DEBUG, 3, hash, message_len, compressed_size);
        -:  198:
        2:  199:    char* result_json = NULL;
        2:  200:    bool query_success = chat_storage_execute_query(db_queue, 63, params_json, &result_json);
        -:  201:
        2:  202:    if (result_json) free(result_json);
        -:  203:
        2:  204:    if (!query_success) {
        1:  205:        log_this(SR_CHAT_STORAGE, "Failed to execute QueryRef #063 for hash: %s", LOG_LEVEL_ERROR, 1, hash);
        1:  206:    } else if (cache) {
        -:  207:        /* Write-through complete: keep cache entry, clear dirty */
        1:  208:        chat_lru_cache_put(cache, hash, message, message_len, false);
        -:  209:    }
        -:  210:
        2:  211:    return hash;
        -:  212:}
        -:  213:
        5:  214:bool chat_storage_segment_exists(const char* database, const char* segment_hash) {
        5:  215:    if (!database || !segment_hash) {
        2:  216:        return false;
        -:  217:    }
        -:  218:
        -:  219:    /* Phase 9: Check LRU cache first */
        3:  220:    ChatLRUCache* cache = chat_storage_get_or_create_cache(database);
        3:  221:    if (cache && chat_lru_cache_contains(cache, segment_hash)) {
        1:  222:        log_this(SR_CHAT_STORAGE, "Segment exists (cache hit): %s",
        -:  223:                 LOG_LEVEL_DEBUG, 1, segment_hash);
        1:  224:        return true;
        -:  225:    }
        -:  226:
        -:  227:    /* Fall back to database check */
        2:  228:    DatabaseQueue* db_queue = database_queue_manager_get_database(global_queue_manager, database);
        2:  229:    if (!db_queue || !db_queue->persistent_connection) {
    #####:  230:        return false;
        -:  231:    }
        -:  232:
        -:  233:    char params_json[256];
        2:  234:    snprintf(params_json, sizeof(params_json), "{\"SEGMENT_HASH\": \"%s\"}", segment_hash);
        -:  235:
        2:  236:    char* result_json = NULL;
        2:  237:    bool query_success = chat_storage_execute_query(db_queue, 62, params_json, &result_json);
        -:  238:
        2:  239:    if (!query_success || !result_json) {
    #####:  240:        return false;
        -:  241:    }
        -:  242:
        -:  243:    json_error_t error;
        2:  244:    json_t* root = json_loads(result_json, 0, &error);
        2:  245:    free(result_json);
        -:  246:
        2:  247:    if (!root || !json_is_array(root) || json_array_size(root) == 0) {
        1:  248:        if (root) json_decref(root);
        1:  249:        return false;
        -:  250:    }
        -:  251:
        -:  252:    /* Segment exists in DB - populate cache */
        1:  253:    if (cache) {
        -:  254:        /* Get the content and cache it */
        1:  255:        json_t* row = json_array_get(root, 0);
        1:  256:        json_t* content_obj = json_object_get(row, "segment_content");
        -:  257:
        1:  258:        if (content_obj && json_is_string(content_obj)) {
        1:  259:            const char* content_hex = json_string_value(content_obj);
        1:  260:            size_t hex_len = strlen(content_hex);
        1:  261:            size_t compressed_size = hex_len / 2;
        -:  262:
        1:  263:            uint8_t* compressed = calloc(compressed_size + 1, 1);
        1:  264:            if (compressed) {
       10:  265:                for (size_t i = 0; i < compressed_size; i++) {
        -:  266:                    unsigned int byte;
        9:  267:                    sscanf(content_hex + i * 2, "%02x", &byte);
        9:  268:                    compressed[i] = (uint8_t)byte;
        -:  269:                }
        -:  270:
        1:  271:                char* decompressed = NULL;
        1:  272:                size_t decompressed_size = 0;
        1:  273:                if (chat_storage_decompress_message(compressed, compressed_size,
        -:  274:                                                    &decompressed, &decompressed_size)) {
        -:  275:                    /* Store uncompressed content in cache */
        1:  276:                    chat_lru_cache_put(cache, segment_hash, decompressed,
        -:  277:                                       decompressed_size, false);
        1:  278:                    free(decompressed);
        -:  279:                }
        1:  280:                free(compressed);
        -:  281:            }
        -:  282:        }
        -:  283:    }
        -:  284:
        1:  285:    json_decref(root);
        1:  286:    return true;
        -:  287:}
        -:  288:
        6:  289:char* chat_storage_store_chat(const char* database, const char* convos_ref,
        -:  290:                               const char** segment_hashes, size_t hash_count,
        -:  291:                               const char* engine_name, const char* model,
        -:  292:                               int tokens_prompt, int tokens_completion,
        -:  293:                               double cost_total, int user_id, int duration_ms,
        -:  294:                               const char* session_id) {
        6:  295:    if (!database || !convos_ref || !segment_hashes || hash_count == 0) {
        3:  296:        log_this(SR_CHAT_STORAGE, "Invalid parameters for store_chat", LOG_LEVEL_ERROR, 0);
        3:  297:        return NULL;
        -:  298:    }
        -:  299:
        3:  300:    DatabaseQueue* db_queue = database_queue_manager_get_database(global_queue_manager, database);
        3:  301:    if (!db_queue || !db_queue->persistent_connection) {
        1:  302:        log_this(SR_CHAT_STORAGE, "Database queue not available for: %s", LOG_LEVEL_ERROR, 1, database);
        1:  303:        return NULL;
        -:  304:    }
        -:  305:
        2:  306:    json_t* segment_array = json_array();
        5:  307:    for (size_t i = 0; i < hash_count; i++) {
        3:  308:        json_array_append_new(segment_array, json_string(segment_hashes[i]));
        -:  309:    }
        2:  310:    char* segment_refs_json = json_dumps(segment_array, JSON_COMPACT);
        2:  311:    json_decref(segment_array);
        -:  312:
        -:  313:    char params_json[8192];
       2*:  314:    int params_len = snprintf(params_json, sizeof(params_json),
        -:  315:        "{"
        -:  316:        "\"CONVOREF\": \"%s\","
        -:  317:        "\"SEGMENT_REFS\": %s,"
        -:  318:        "\"ENGINE_NAME\": \"%s\","
        -:  319:        "\"MODEL\": \"%s\","
        -:  320:        "\"TOKENS_PROMPT\": %d,"
        -:  321:        "\"TOKENS_COMPLETION\": %d,"
        -:  322:        "\"COST_TOTAL\": %.4f,"
        -:  323:        "\"USER_ID\": %d,"
        -:  324:        "\"DURATION_MS\": %d,"
        -:  325:        "\"SESSION_ID\": \"%s\","
        -:  326:        "\"ACCOUNTID\": %d"
        -:  327:        "}",
        -:  328:        convos_ref,
        -:  329:        segment_refs_json ? segment_refs_json : "[]",
        -:  330:        engine_name ? engine_name : "",
        -:  331:        model ? model : "",
        -:  332:        tokens_prompt,
        -:  333:        tokens_completion,
        -:  334:        cost_total,
        -:  335:        user_id,
        -:  336:        duration_ms,
        -:  337:        session_id ? session_id : "",
        -:  338:        user_id
        -:  339:    );
        -:  340:
        2:  341:    if (segment_refs_json) free(segment_refs_json);
        -:  342:
        2:  343:    log_this(SR_CHAT_STORAGE, "Storing chat convos_ref: %s with %zu segments",
        -:  344:             LOG_LEVEL_DEBUG, 2, convos_ref, hash_count);
        -:  345:
        -:  346:    (void)params_len;
        -:  347:
        2:  348:    char* result_json = NULL;
        2:  349:    bool query_success = chat_storage_execute_query(db_queue, 67, params_json, &result_json);
        -:  350:
        2:  351:    if (result_json) free(result_json);
        -:  352:
        2:  353:    if (!query_success) {
        1:  354:        log_this(SR_CHAT_STORAGE, "Failed to execute QueryRef #067 for convos_ref: %s", LOG_LEVEL_ERROR, 1, convos_ref);
        1:  355:        return NULL;
        -:  356:    }
        -:  357:
        1:  358:    return strdup(convos_ref);
        -:  359:}
        -:  360:
        2:  361:void chat_storage_free_hash(char* hash) {
        2:  362:    if (hash) {
        1:  363:        free(hash);
        -:  364:    }
        2:  365:}
        -:  366:
        -:  367:/* Phase 12: Media Assets Storage
        -:  368: * Now in chat_storage_media.c:
        -:  369: * - chat_storage_store_media
        -:  370: * - chat_storage_retrieve_media
        -:  371: * - chat_storage_resolve_media_in_content
        -:  372: */
        -:  373:
        -:  374:/* Phase 9: LRU Cache Management Functions */
        -:  375:
        6:  376:ChatLRUCache* chat_storage_get_cache(const char* database) {
        6:  377:    if (!database) {
        1:  378:        return NULL;
        -:  379:    }
        -:  380:
        5:  381:    pthread_mutex_lock(&cache_manager_mutex);
        -:  382:
       14:  383:    for (int i = 0; i < cache_count; i++) {
       12:  384:        if (cache_entries[i].database && strcmp(cache_entries[i].database, database) == 0) {
        3:  385:            ChatLRUCache* cache = cache_entries[i].cache;
        3:  386:            pthread_mutex_unlock(&cache_manager_mutex);
        3:  387:            return cache;
        -:  388:        }
        -:  389:    }
        -:  390:
        2:  391:    pthread_mutex_unlock(&cache_manager_mutex);
        2:  392:    return NULL;
        -:  393:}
        -:  394:
        3:  395:bool chat_storage_cache_get_stats(const char* database,
        -:  396:                                  uint64_t* hits, uint64_t* misses, double* hit_ratio) {
        3:  397:    if (!database) {
        1:  398:        return false;
        -:  399:    }
        -:  400:
        2:  401:    ChatLRUCache* cache = chat_storage_get_cache(database);
        2:  402:    if (!cache) {
        1:  403:        return false;
        -:  404:    }
        -:  405:
        -:  406:    ChatLRUCacheStats stats;
        1:  407:    if (!chat_lru_cache_get_stats(cache, &stats)) {
    #####:  408:        return false;
        -:  409:    }
        -:  410:
        1:  411:    if (hits) *hits = stats.cache_hits;
        1:  412:    if (misses) *misses = stats.cache_misses;
        1:  413:    if (hit_ratio) *hit_ratio = stats.hit_ratio;
        -:  414:
        1:  415:    return true;
        -:  416:}
