        -:    0:Source:/mnt/extra/Projects/Philement/elements/001-hydrogen/hydrogen/src/swagger/swagger.c
        -:    0:Graph:build/coverage/src/swagger/swagger.gcno
        -:    0:Data:build/coverage/src/swagger/swagger.gcda
        -:    0:Runs:127
        -:    1:// Global includes
        -:    2:#include <src/hydrogen.h>
        -:    3:
        -:    4:// Third-party libraries
        -:    5:#include <brotli/decode.h>
        -:    6:
        -:    7:// Local includes
        -:    8:#include "swagger.h"
        -:    9:#include <src/webserver/web_server_core.h>
        -:   10:#include <src/webserver/web_server_compression.h>
        -:   11:#include <src/webserver/web_server_request.h>
        -:   12:
        -:   13:// Structure to hold in-memory Swagger files
        -:   14:typedef struct {
        -:   15:    char *name;         // File name (e.g., "index.html")
        -:   16:    uint8_t *data;      // File content
        -:   17:    size_t size;        // Content size
        -:   18:    bool is_compressed; // Whether content is Brotli compressed
        -:   19:} SwaggerFile;
        -:   20:
        -:   21:// Function declarations
        -:   22:void free_swagger_files(void);
        -:   23:
        -:   24:// Global state
        -:   25:SwaggerFile *swagger_files = NULL;
        -:   26:size_t num_swagger_files = 0;
        -:   27:bool swagger_initialized = false;
        -:   28:const SwaggerConfig *global_swagger_config = NULL;  // Global config for validator
        -:   29:
        -:   30:/**
        -:   31: * Web server validator wrapper - matches MHD signature
        -:   32: */
    #####:   33:bool swagger_url_validator(const char *url) {
    #####:   34:    return is_swagger_request(url, global_swagger_config);
        -:   35:}
        -:   36:
        -:   37:/**
        -:   38: * Web server handler wrapper - matches MHD signature
        -:   39: */
        -:   40:// cppcheck-suppress[constParameterPointer] - MHD callback signature requires void*
    #####:   41:enum MHD_Result swagger_request_handler(void *cls,
        -:   42:                                       struct MHD_Connection *connection,
        -:   43:                                       const char *url,
        -:   44:                                       const char *method __attribute__((unused)),
        -:   45:                                       const char *version __attribute__((unused)),
        -:   46:                                       const char *upload_data __attribute__((unused)),
        -:   47:                                       size_t *upload_data_size __attribute__((unused)),
        -:   48:                                       void **con_cls __attribute__((unused))) {
    #####:   49:    const SwaggerConfig *config = (const SwaggerConfig *)cls;
    #####:   50:    return handle_swagger_request(connection, url, config);
        -:   51:}
        -:   52:
        -:   53:
        -:   54:
        -:   55:
        -:   56:/**
        -:   57: * Cleanup wrapper for shutdown
        -:   58: */
      105:   59:void cleanup_swagger_support(void) {
      105:   60:    free_swagger_files();
      105:   61:}
        -:   62:
        -:   63:// Forward declarations for main implementation functions
        -:   64:
        -:   65:// Forward declaration for payload cache access
        -:   66:bool get_payload_files_by_prefix(const char *prefix, PayloadFile **files, size_t *num_files, size_t *capacity);
        -:   67:char* get_server_url(struct MHD_Connection *connection, const SwaggerConfig *config);
        -:   68:char* create_dynamic_initializer(const char *base_content, const char *server_url, const SwaggerConfig *config);
        -:   69:bool decompress_brotli_data(const uint8_t *compressed_data, size_t compressed_size, uint8_t **decompressed_data, size_t *decompressed_size);
        -:   70:
        -:   71:/**
        -:   72: * Initialize swagger support using payload cache files
        -:   73: * This function takes pre-loaded files from payload cache and sets up memory structures
        -:   74: */
      105:   75:bool init_swagger_support_from_payload(SwaggerConfig *config, PayloadFile *payload_files, size_t num_payload_files) {
      105:   76:    if (!config) {
    #####:   77:        log_this(SR_SWAGGER, "Invalid config parameter", LOG_LEVEL_ERROR, 0);
    #####:   78:        return false;
        -:   79:    }
        -:   80:
        -:   81:    // Store config globally for validator
      105:   82:    global_swagger_config = config;
        -:   83:
        -:   84:    // Check all shutdown flags atomically
        -:   85:
        -:   86:    // Prevent initialization during shutdown
      105:   87:    if (server_stopping || web_server_shutdown) {
    #####:   88:        log_this(SR_SWAGGER, "Cannot initialize Swagger UI during shutdown", LOG_LEVEL_DEBUG, 0);
    #####:   89:        swagger_initialized = false;
    #####:   90:        return false;
        -:   91:    }
        -:   92:
        -:   93:    // Only proceed if we're in startup phase
      105:   94:    if (!server_starting || server_stopping || web_server_shutdown) {
    #####:   95:        log_this(SR_SWAGGER, "Cannot initialize - invalid system state", LOG_LEVEL_DEBUG, 0);
    #####:   96:        return false;
        -:   97:    }
        -:   98:
        -:   99:    // Skip if already initialized or disabled
      105:  100:    if (swagger_initialized || !config->enabled) {
    #####:  101:        if (swagger_initialized) {
    #####:  102:            log_this(SR_SWAGGER, "Already initialized", LOG_LEVEL_DEBUG, 0);
        -:  103:        }
    #####:  104:        return swagger_initialized;
        -:  105:    }
        -:  106:
        -:  107:    // Free any existing files first
      105:  108:    free_swagger_files();
        -:  109:
        -:  110:    // Allocate SwaggerFile array
      105:  111:    swagger_files = calloc(num_payload_files, sizeof(SwaggerFile));
      105:  112:    if (!swagger_files) {
    #####:  113:        log_this(SR_SWAGGER, "Failed to allocate swagger files array", LOG_LEVEL_ERROR, 0);
    #####:  114:        return false;
        -:  115:    }
        -:  116:
      105:  117:    num_swagger_files = 0;
        -:  118:
        -:  119:    // Convert PayloadFile to SwaggerFile
     3045:  120:    for (size_t i = 0; i < num_payload_files; i++) {
        -:  121:        // Clean the file name to remove prefixes (e.g., "swagger/index.html" -> "index.html")
     2940:  122:        const char *clean_name = payload_files[i].name;
     2940:  123:        if (strncmp(payload_files[i].name, "swagger/", 8) == 0) {
     2940:  124:            clean_name = payload_files[i].name + 8; // Skip "swagger/" prefix
        -:  125:        }
        -:  126:
     2940:  127:        swagger_files[i].name = strdup(clean_name);
     2940:  128:        swagger_files[i].data = payload_files[i].data; // Reference the payload data
     2940:  129:        swagger_files[i].size = payload_files[i].size;
     2940:  130:        swagger_files[i].is_compressed = payload_files[i].is_compressed;
        -:  131:
     2940:  132:        if (!swagger_files[i].name) {
    #####:  133:            log_this(SR_SWAGGER, "Failed to allocate memory for file name", LOG_LEVEL_ERROR, 0);
    #####:  134:            free_swagger_files();
    #####:  135:            return false;
        -:  136:        }
        -:  137:
     2940:  138:        num_swagger_files++;
        -:  139:    }
        -:  140:
        -:  141:    // Update configuration
      105:  142:    config->payload_available = true;
      105:  143:    swagger_initialized = true;
        -:  144:
      105:  145:    log_this(SR_SWAGGER, "Loaded %zu swagger files from payload cache", LOG_LEVEL_DEBUG, 1, num_swagger_files);
        -:  146:
      105:  147:    return true;
        -:  148:}
        -:  149:
        -:  150:/**
        -:  151: * Decompress Brotli-compressed data
        -:  152: *
        -:  153: * @param compressed_data The compressed data
        -:  154: * @param compressed_size Size of compressed data
        -:  155: * @param decompressed_data Output pointer for decompressed data (caller must free)
        -:  156: * @param decompressed_size Output size of decompressed data
        -:  157: * @return true if successful, false otherwise
        -:  158: */
        8:  159:bool decompress_brotli_data(const uint8_t *compressed_data, size_t compressed_size,
        -:  160:                           uint8_t **decompressed_data, size_t *decompressed_size) {
        8:  161:    if (!compressed_data || !decompressed_data || !decompressed_size) {
    #####:  162:        return false;
        -:  163:    }
        -:  164:
        -:  165:    // Create Brotli decoder
        8:  166:    BrotliDecoderState* decoder = BrotliDecoderCreateInstance(NULL, NULL, NULL);
        8:  167:    if (!decoder) {
    #####:  168:        log_this(SR_SWAGGER, "Failed to create Brotli decoder", LOG_LEVEL_ERROR, 0);
    #####:  169:        return false;
        -:  170:    }
        -:  171:
        -:  172:    // Start with 4x the compressed size
        8:  173:    size_t buffer_size = compressed_size * 4;
        8:  174:    uint8_t *output = malloc(buffer_size);
        8:  175:    if (!output) {
    #####:  176:        log_this(SR_SWAGGER, "Failed to allocate decompression buffer", LOG_LEVEL_ERROR, 0);
    #####:  177:        BrotliDecoderDestroyInstance(decoder);
    #####:  178:        return false;
        -:  179:    }
        -:  180:
        -:  181:    // Set up input/output parameters
        8:  182:    const uint8_t *next_in = compressed_data;
        8:  183:    size_t available_in = compressed_size;
        8:  184:    uint8_t *next_out = output;
        8:  185:    size_t available_out = buffer_size;
        8:  186:    size_t total_out = 0;
        -:  187:
        -:  188:    // Decompress until done
        -:  189:    BrotliDecoderResult result;
        -:  190:    do {
       24:  191:        result = BrotliDecoderDecompressStream(
        -:  192:            decoder,
        -:  193:            &available_in, &next_in,
        -:  194:            &available_out, &next_out,
        -:  195:            &total_out
        -:  196:        );
        -:  197:
       24:  198:        if (result == BROTLI_DECODER_RESULT_NEEDS_MORE_OUTPUT) {
        -:  199:            // Need more output space
       16:  200:            size_t current_position = (size_t)(next_out - output);
       16:  201:            buffer_size *= 2;
       16:  202:            uint8_t *new_buffer = realloc(output, buffer_size);
       16:  203:            if (!new_buffer) {
    #####:  204:                log_this(SR_SWAGGER, "Failed to resize decompression buffer", LOG_LEVEL_ERROR, 0);
    #####:  205:                free(output);
    #####:  206:                BrotliDecoderDestroyInstance(decoder);
    #####:  207:                return false;
        -:  208:            }
        -:  209:            
       16:  210:            output = new_buffer;
       16:  211:            next_out = output + current_position;
       16:  212:            available_out = buffer_size - current_position;
        8:  213:        } else if (result == BROTLI_DECODER_RESULT_ERROR) {
    #####:  214:            log_this(SR_SWAGGER, "Brotli decompression error: %s", LOG_LEVEL_ERROR, 1,
        -:  215:                    BrotliDecoderErrorString(BrotliDecoderGetErrorCode(decoder)));
    #####:  216:            free(output);
    #####:  217:            BrotliDecoderDestroyInstance(decoder);
    #####:  218:            return false;
        -:  219:        }
       24:  220:    } while (result != BROTLI_DECODER_RESULT_SUCCESS);
        -:  221:
        8:  222:    BrotliDecoderDestroyInstance(decoder);
        -:  223:
        8:  224:    *decompressed_data = output;
        8:  225:    *decompressed_size = total_out;
        8:  226:    return true;
        -:  227:}
        -:  228:
      373:  229:bool is_swagger_request(const char *url, const SwaggerConfig *config) {
      373:  230:    if (!config || !config->enabled || !config->payload_available || 
      373:  231:        !config->prefix || !url) {
    #####:  232:        return false;
        -:  233:    }
        -:  234:
      373:  235:    size_t prefix_len = strlen(config->prefix);
        -:  236:    
        -:  237:    // Check exact match (for redirect)
      373:  238:    if (strcmp(url, config->prefix) == 0) {
       16:  239:        return true;
        -:  240:    }
        -:  241:    
        -:  242:    // Check if URL starts with prefix and is followed by either:
        -:  243:    // - end of string
        -:  244:    // - a slash (followed by any valid path)
      357:  245:    if (strncmp(url, config->prefix, prefix_len) == 0 && 
       88:  246:        (url[prefix_len] == '\0' || url[prefix_len] == '/')) {
       88:  247:        return true;
        -:  248:    }
        -:  249:
      269:  250:    return false;
        -:  251:}
        -:  252:
       88:  253:enum MHD_Result handle_swagger_request(struct MHD_Connection *connection,
        -:  254:                                     const char *url,
        -:  255:                                     const SwaggerConfig *config) {
       88:  256:    if (!connection || !url || !config) {
    #####:  257:        return MHD_NO;
        -:  258:    }
        -:  259:
        -:  260:    // First check if this is exactly the swagger prefix with no trailing slash
        -:  261:    // If so, redirect to the same URL with a trailing slash
        -:  262:    // This ensures all relative assets are correctly loaded
       88:  263:    size_t prefix_len = strlen(config->prefix);
       88:  264:    if (strcmp(url, config->prefix) == 0) {
        -:  265:        char *redirect_url;
    #####:  266:        if (asprintf(&redirect_url, "%s/", url) != -1) {
    #####:  267:            log_this(SR_SWAGGER, "Redirecting %s to %s for proper relative path resolution", LOG_LEVEL_DEBUG, 2, url, redirect_url);
        -:  268:                    
    #####:  269:            struct MHD_Response *response = MHD_create_response_from_buffer(0, NULL, MHD_RESPMEM_PERSISTENT);
    #####:  270:            MHD_add_response_header(response, "Location", redirect_url);
    #####:  271:            free(redirect_url);
        -:  272:            
    #####:  273:            add_cors_headers(response);
    #####:  274:            enum MHD_Result ret = MHD_queue_response(connection, MHD_HTTP_MOVED_PERMANENTLY, response);
    #####:  275:            MHD_destroy_response(response);
    #####:  276:            return ret;
        -:  277:        }
        -:  278:    }
        -:  279:
        -:  280:    // Skip past the prefix to get the actual file path
       88:  281:    const char *url_path = url + prefix_len;
        -:  282:    
        -:  283:    // Check if this is a request for the root path
       88:  284:    if (!*url_path || strcmp(url_path, "/") == 0) {
       16:  285:        url_path = "swagger.html";
       72:  286:    } else if (*url_path == '/') {
       72:  287:        url_path++; // Skip leading slash for other paths
        -:  288:    }
        -:  289:    
        -:  290:    // Log the URL processing for debugging
       88:  291:    log_this(SR_SWAGGER, "Request: Original URL: %s, Processed path: %s", LOG_LEVEL_DEBUG, 2, url, url_path);
        -:  292:
        -:  293:    // Try to find the requested file - prioritize uncompressed versions for browser compatibility
       88:  294:    SwaggerFile *file = NULL;
       88:  295:    bool client_accepts_br = client_accepts_brotli(connection);
        -:  296:
        -:  297:    // Debug logging for troubleshooting
       88:  298:    const char *accept_encoding = MHD_lookup_connection_value(connection, MHD_HEADER_KIND, "Accept-Encoding");
       88:  299:    if (accept_encoding) {
       40:  300:        log_this(SR_SWAGGER, "Client Accept-Encoding: %s", LOG_LEVEL_DEBUG, 1, accept_encoding);
        -:  301:    } else {
       48:  302:        log_this(SR_SWAGGER, "No Accept-Encoding header from client", LOG_LEVEL_DEBUG, 0);
        -:  303:    }
        -:  304:
        -:  305:    // First try to find an exact match (handles direct .br requests)
     2360:  306:    for (size_t i = 0; i < num_swagger_files; i++) {
     2352:  307:        if (strcmp(swagger_files[i].name, url_path) == 0) {
       80:  308:            file = &swagger_files[i];
       80:  309:            const char *file_type = file->is_compressed ? "compressed" : "uncompressed";
       80:  310:            log_this(SR_SWAGGER, "Found exact match for %s (%s)", LOG_LEVEL_DEBUG, 2, url_path, file_type);
       80:  311:            break;
        -:  312:        }
        -:  313:    }
        -:  314:
        -:  315:    // If not found, try to find both compressed and uncompressed versions
       88:  316:    if (!file) {
        -:  317:        char br_path[256];
        8:  318:        SwaggerFile *compressed_file = NULL;
        8:  319:        SwaggerFile *uncompressed_file = NULL;
        -:  320:
        -:  321:        // Look for both .br and non-.br versions
        8:  322:        if (!strstr(url_path, ".br")) {
        8:  323:            snprintf(br_path, sizeof(br_path), "%s.br", url_path);
        -:  324:        }
        -:  325:
      232:  326:        for (size_t i = 0; i < num_swagger_files; i++) {
      224:  327:            const char *name = swagger_files[i].name;
      224:  328:            if (!strstr(url_path, ".br") && strcmp(name, br_path) == 0) {
    #####:  329:                compressed_file = &swagger_files[i];
      224:  330:            } else if (strcmp(name, url_path) == 0) {
    #####:  331:                uncompressed_file = &swagger_files[i];
        -:  332:            }
        -:  333:        }
        -:  334:
        -:  335:        // Prefer uncompressed file for browser compatibility
        8:  336:        if (uncompressed_file) {
    #####:  337:            file = uncompressed_file;
    #####:  338:            log_this(SR_SWAGGER, "Using uncompressed version of %s", LOG_LEVEL_DEBUG, 1, url_path);
       8*:  339:        } else if (compressed_file && client_accepts_br) {
    #####:  340:            file = compressed_file;
    #####:  341:            log_this(SR_SWAGGER, "Using compressed version of %s (client supports brotli)", LOG_LEVEL_DEBUG, 1, url_path);
        8:  342:        } else if (compressed_file) {
        -:  343:            // Client doesn't support brotli but we only have compressed version
        -:  344:            // We'll decompress it on-the-fly below
    #####:  345:            file = compressed_file;
    #####:  346:            log_this(SR_SWAGGER, "Will decompress %s for client compatibility", LOG_LEVEL_DEBUG, 1, url_path);
        -:  347:        } else {
        8:  348:            log_this(SR_SWAGGER, "No version found for %s", LOG_LEVEL_ERROR, 1, url_path);
        -:  349:        }
        -:  350:    }
        -:  351:
        -:  352:    // If still not found and the request was for a .br file,
        -:  353:    // try without the .br extension
       88:  354:    if (!file && strlen(url_path) > 3 && 
        8:  355:        strcmp(url_path + strlen(url_path) - 3, ".br") == 0) {
        -:  356:        char base_path[256];
    #####:  357:        size_t path_len = strlen(url_path);
    #####:  358:        if (path_len - 3U < sizeof(base_path)) {
    #####:  359:            memcpy(base_path, url_path, path_len - 3U);
    #####:  360:            base_path[path_len - 3U] = '\0';
        -:  361:            
    #####:  362:            for (size_t i = 0; i < num_swagger_files; i++) {
    #####:  363:                if (strcmp(swagger_files[i].name, base_path) == 0) {
    #####:  364:                    file = &swagger_files[i];
    #####:  365:                    break;
        -:  366:                }
        -:  367:            }
        -:  368:        }
        -:  369:    }
        -:  370:
       88:  371:    if (!file) {
        8:  372:        return MHD_NO; // File not found
        -:  373:    }
        -:  374:
        -:  375:    // Handle decompression for clients that don't support brotli
       80:  376:    uint8_t *decompressed_data = NULL;
       80:  377:    size_t decompressed_size = 0;
       80:  378:    bool needs_decompression = file->is_compressed && !client_accepts_br;
        -:  379:    
       80:  380:    if (needs_decompression) {
        8:  381:        if (!decompress_brotli_data(file->data, file->size, &decompressed_data, &decompressed_size)) {
    #####:  382:            log_this(SR_SWAGGER, "Failed to decompress %s for client", LOG_LEVEL_ERROR, 1, url_path);
    #####:  383:            return MHD_NO;
        -:  384:        }
        8:  385:        log_this(SR_SWAGGER, "Decompressed %s: %zu -> %zu bytes", LOG_LEVEL_DEBUG, 3,
        -:  386:                url_path, file->size, decompressed_size);
        -:  387:    }
        -:  388:
        -:  389:    // If this is swagger.json or swagger-initializer.js, we need to modify it
        -:  390:    struct MHD_Response *response;
       80:  391:    char *dynamic_content = NULL;
        -:  392:    
       80:  393:    if (strcmp(url_path, "swagger.json") == 0) {
        -:  394:        // Parse the original swagger.json (use decompressed data if available)
        -:  395:        json_error_t error;
      40*:  396:        const char *json_data = needs_decompression ? (const char*)decompressed_data : (const char*)file->data;
      40*:  397:        size_t json_size = needs_decompression ? decompressed_size : file->size;
       40:  398:        json_t *spec = json_loadb(json_data, json_size, 0, &error);
       40:  399:        if (!spec) {
    #####:  400:            log_this(SR_SWAGGER, "Failed to parse swagger.json: %s", LOG_LEVEL_ERROR, 1, error.text);
    #####:  401:            return MHD_NO;
        -:  402:        }
        -:  403:
        -:  404:        // Get the info object or create it if it doesn't exist
       40:  405:        json_t *info = json_object_get(spec, "info");
       40:  406:        if (!info) {
    #####:  407:            info = json_object();
    #####:  408:            json_object_set_new(spec, "info", info);
        -:  409:        }
        -:  410:
        -:  411:        // Update metadata from config
       40:  412:        if (config->metadata.title) {
       40:  413:            json_object_set_new(info, "title", json_string(config->metadata.title));
        -:  414:        }
       40:  415:        if (config->metadata.description) {
       40:  416:            json_object_set_new(info, "description", json_string(config->metadata.description));
        -:  417:        }
       40:  418:        if (config->metadata.version) {
       40:  419:            json_object_set_new(info, "version", json_string(config->metadata.version));
        -:  420:        }
        -:  421:
        -:  422:        // Update contact info if provided
      40*:  423:        if (config->metadata.contact.name || 
    #####:  424:            config->metadata.contact.email || 
    #####:  425:            config->metadata.contact.url) {
       40:  426:            json_t *contact = json_object();
       40:  427:            if (config->metadata.contact.name) {
       40:  428:                json_object_set_new(contact, "name", json_string(config->metadata.contact.name));
        -:  429:            }
       40:  430:            if (config->metadata.contact.email) {
       40:  431:                json_object_set_new(contact, "email", json_string(config->metadata.contact.email));
        -:  432:            }
       40:  433:            if (config->metadata.contact.url) {
       40:  434:                json_object_set_new(contact, "url", json_string(config->metadata.contact.url));
        -:  435:            }
       40:  436:            json_object_set_new(info, "contact", contact);
        -:  437:        }
        -:  438:
        -:  439:        // Update license info if provided
      40*:  440:        if (config->metadata.license.name || config->metadata.license.url) {
       40:  441:            json_t *license = json_object();
       40:  442:            if (config->metadata.license.name) {
       40:  443:                json_object_set_new(license, "name", json_string(config->metadata.license.name));
        -:  444:            }
       40:  445:            if (config->metadata.license.url) {
       40:  446:                json_object_set_new(license, "url", json_string(config->metadata.license.url));
        -:  447:            }
       40:  448:            json_object_set_new(info, "license", license);
        -:  449:        }
        -:  450:
        -:  451:        // Get app config for API prefix
       40:  452:        if (!app_config || !app_config->api.prefix) {
    #####:  453:            log_this(SR_SWAGGER, "API configuration not available", LOG_LEVEL_ERROR, 0);
    #####:  454:            json_decref(spec);
    #####:  455:            return MHD_NO;
        -:  456:        }
        -:  457:
        -:  458:        // Update servers array with API prefix
       40:  459:        json_t *servers = json_array();
       40:  460:        json_t *server = json_object();
       40:  461:        char *server_url = get_server_url(connection, config);
       40:  462:        if (!server_url) {
    #####:  463:            json_decref(spec);
    #####:  464:            json_decref(servers);
    #####:  465:            json_decref(server);
    #####:  466:            return MHD_NO;
        -:  467:        }
        -:  468:
        -:  469:        char *full_url;
       40:  470:        int asprintf_result = asprintf(&full_url, "%s%s", server_url, app_config->api.prefix);
       40:  471:        if (asprintf_result == -1) {
    #####:  472:            free(server_url);
    #####:  473:            json_decref(spec);
    #####:  474:            json_decref(servers);
    #####:  475:            json_decref(server);
    #####:  476:            return MHD_NO;
        -:  477:        }
       40:  478:        free(server_url);
        -:  479:
       40:  480:        json_object_set_new(server, "url", json_string(full_url));
       40:  481:        json_object_set_new(server, "description", json_string("Current server"));
       40:  482:        json_array_append_new(servers, server);
       40:  483:        json_object_set_new(spec, "servers", servers);
       40:  484:        free(full_url);
        -:  485:
        -:  486:        // Log the server URL for debugging
       40:  487:        log_this(SR_SWAGGER, "Updated swagger.json with API prefix: %s", LOG_LEVEL_DEBUG, 1, app_config->api.prefix);
        -:  488:
        -:  489:        // Convert the modified spec back to JSON
       40:  490:        dynamic_content = json_dumps(spec, JSON_INDENT(2));
       40:  491:        json_decref(spec);
        -:  492:
       40:  493:        if (!dynamic_content) {
    #####:  494:            log_this(SR_SWAGGER, "Failed to serialize modified swagger.json", LOG_LEVEL_ERROR, 0);
    #####:  495:            return MHD_NO;
        -:  496:        }
        -:  497:
       40:  498:        response = MHD_create_response_from_buffer(
        -:  499:            strlen(dynamic_content),
        -:  500:            dynamic_content,
        -:  501:            MHD_RESPMEM_MUST_FREE
        -:  502:        );
        -:  503:
       40:  504:    } else if (strcmp(url_path, "swagger-initializer.js") == 0) {
        -:  505:        // Get the server's base URL
       16:  506:        char *server_url = get_server_url(connection, config);
       16:  507:        if (!server_url) {
    #####:  508:            free(decompressed_data);
    #####:  509:            return MHD_NO;
        -:  510:        }
        -:  511:        
        -:  512:        // Create dynamic content with the correct URL (use decompressed data if available)
      16*:  513:        const char *js_data = needs_decompression ? (const char*)decompressed_data : (const char*)file->data;
       16:  514:        dynamic_content = create_dynamic_initializer(js_data, server_url, config);
       16:  515:        free(server_url);
        -:  516:        
       16:  517:        if (!dynamic_content) {
    #####:  518:            return MHD_NO;
        -:  519:        }
        -:  520:        
       16:  521:        response = MHD_create_response_from_buffer(
        -:  522:            strlen(dynamic_content),
        -:  523:            dynamic_content,
        -:  524:            MHD_RESPMEM_MUST_FREE
        -:  525:        );
        -:  526:    } else {
        -:  527:        // For all other files, serve directly from memory or decompressed data
       24:  528:        if (needs_decompression) {
        8:  529:            response = MHD_create_response_from_buffer(
        -:  530:                decompressed_size,
        -:  531:                (void*)decompressed_data,
        -:  532:                MHD_RESPMEM_MUST_FREE  // MHD will free the decompressed data
        -:  533:            );
        8:  534:            decompressed_data = NULL;  // Transfer ownership to MHD
        -:  535:        } else {
       16:  536:            response = MHD_create_response_from_buffer(
        -:  537:                file->size,
       16:  538:                (void*)file->data,
        -:  539:                MHD_RESPMEM_PERSISTENT
        -:  540:            );
        -:  541:        }
        -:  542:    }
        -:  543:
       80:  544:    if (!response) {
    #####:  545:        free(dynamic_content);
    #####:  546:        free(decompressed_data);  // In case it wasn't transferred to MHD
    #####:  547:        return MHD_NO;
        -:  548:    }
        -:  549:
        -:  550:    // Get the content type based on the file extension
       80:  551:    const char *content_type = NULL;
       80:  552:    const char *ext = strrchr(url_path, '.');
       80:  553:    if (ext) {
        -:  554:        // Skip .br extension if present
       80:  555:        if (strcmp(ext, ".br") == 0) {
        -:  556:            // Find the real extension before .br
        -:  557:            char clean_path[256];
        8:  558:            ptrdiff_t len = ext - url_path;
        8:  559:            if (len > 0 && (size_t)len < sizeof(clean_path)) {
        8:  560:                strncpy(clean_path, url_path, (size_t)len);
        8:  561:                clean_path[len] = '\0';
        8:  562:                ext = strrchr(clean_path, '.');
        -:  563:            }
        -:  564:        }
        -:  565:        
       80:  566:        if (ext) {
       80:  567:            if (strcmp(ext, ".html") == 0) {
       16:  568:                content_type = "text/html";
       64:  569:            } else if (strcmp(ext, ".css") == 0) {
        8:  570:                content_type = "text/css";
       56:  571:            } else if (strcmp(ext, ".js") == 0) {
       16:  572:                content_type = "application/javascript";
       40:  573:            } else if (strcmp(ext, ".json") == 0) {
       40:  574:                content_type = "application/json";
    #####:  575:            } else if (strcmp(ext, ".png") == 0) {
    #####:  576:                content_type = "image/png";
        -:  577:            }
        -:  578:        }
        -:  579:    }
        -:  580:
        -:  581:    // If no extension found or unknown type, default to text/plain
       80:  582:    if (!content_type) {
    #####:  583:        content_type = "text/plain";
        -:  584:    }
        -:  585:
        -:  586:    // Add content type header
       80:  587:    MHD_add_response_header(response, "Content-Type", content_type);
        -:  588:
        -:  589:    // Add compression header only if we're actually serving compressed content
        -:  590:    // (i.e., file is compressed AND client supports brotli)
       80:  591:    if (file->is_compressed && !needs_decompression) {
    #####:  592:        log_this(SR_SWAGGER, "Serving compressed file: %s (Content-Encoding: br)", LOG_LEVEL_DEBUG, 1, url_path);
    #####:  593:        add_brotli_header(response);
       80:  594:    } else if (needs_decompression) {
        8:  595:        log_this(SR_SWAGGER, "Serving decompressed file: %s", LOG_LEVEL_DEBUG, 1, url_path);
        -:  596:    } else {
       72:  597:        log_this(SR_SWAGGER, "Serving uncompressed file: %s", LOG_LEVEL_DEBUG, 1, url_path);
        -:  598:    }
        -:  599:
        -:  600:    // Add CORS headers
       80:  601:    add_cors_headers(response);
        -:  602:
        -:  603:    // Add custom headers based on file path
       80:  604:    if (app_config) {
       80:  605:        add_custom_headers(response, url_path, &app_config->webserver);
        -:  606:    }
        -:  607:
        -:  608:    // Queue response
       80:  609:    enum MHD_Result ret = MHD_queue_response(connection, MHD_HTTP_OK, response);
       80:  610:    MHD_destroy_response(response);
        -:  611:
       80:  612:    return ret;
        -:  613:}
        -:  614:
        -:  615:
        -:  616:
      210:  617:void free_swagger_files(void) {
      210:  618:    if (!swagger_files) {
      105:  619:        return;
        -:  620:    }
        -:  621:
     3045:  622:    for (size_t i = 0; i < num_swagger_files; i++) {
     2940:  623:        free(swagger_files[i].name);
        -:  624:        // CRITICAL: These data pointers are COPIES not references!
        -:  625:        // get_payload_files_by_prefix() allocates and copies the data
        -:  626:        // so we MUST free it here to prevent memory leaks
     2940:  627:        free(swagger_files[i].data);
        -:  628:    }
        -:  629:
      105:  630:    free(swagger_files);
      105:  631:    swagger_files = NULL;
      105:  632:    num_swagger_files = 0;
        -:  633:}
        -:  634:
        -:  635:/**
        -:  636: * Get the server's base URL from the connection
        -:  637: *
        -:  638: * Constructs the base URL (scheme://host[:port]) from the connection information.
        -:  639: * Detects HTTPS through X-Forwarded-Proto header for proxy/load balancer scenarios.
        -:  640: * Respects X-Forwarded-Port for load balancer port configuration.
        -:  641: *
        -:  642: * @param connection The MHD connection
        -:  643: * @param config The web server configuration
        -:  644: * @return Dynamically allocated string with the base URL, or NULL on error
        -:  645: */
       56:  646:char* get_server_url(struct MHD_Connection *connection,
        -:  647:                          const SwaggerConfig *config __attribute__((unused))) {
       56:  648:    if (!app_config) {
    #####:  649:        log_this(SR_SWAGGER, "Failed to get app config", LOG_LEVEL_ERROR, 0);
    #####:  650:        return NULL;
        -:  651:    }
        -:  652:
        -:  653:    // Determine protocol - check X-Forwarded-Proto for load balancer/proxy support
       56:  654:    const char *protocol = "http";
       56:  655:    bool is_behind_proxy = false;
       56:  656:    const char *x_forwarded_proto = MHD_lookup_connection_value(
        -:  657:        connection, MHD_HEADER_KIND, "X-Forwarded-Proto");
       56:  658:    if (x_forwarded_proto && strcmp(x_forwarded_proto, "https") == 0) {
       24:  659:        protocol = "https";
       24:  660:        is_behind_proxy = true;
        -:  661:    }
        -:  662:
        -:  663:    // Get host from header or use localhost
       56:  664:    const char *host = MHD_lookup_connection_value(connection, MHD_HEADER_KIND, "Host");
       56:  665:    if (!host) {
        -:  666:        // If no Host header, construct from config
    #####:  667:        char *url = NULL;
    #####:  668:        if (asprintf(&url, "%s://localhost:%d", protocol, app_config->webserver.port) == -1) {
    #####:  669:            return NULL;
        -:  670:        }
    #####:  671:        return url;
        -:  672:    }
        -:  673:
        -:  674:    // Check if host already includes port
       56:  675:    if (strchr(host, ':')) {
        -:  676:        // Host includes port, use as-is
       24:  677:        char *url = NULL;
       24:  678:        if (asprintf(&url, "%s://%s", protocol, host) == -1) {
    #####:  679:            return NULL;
        -:  680:        }
       24:  681:        return url;
        -:  682:    }
        -:  683:
        -:  684:    // Check for X-Forwarded-Port header (load balancer/proxy support)
       32:  685:    const char *x_forwarded_port = MHD_lookup_connection_value(
        -:  686:        connection, MHD_HEADER_KIND, "X-Forwarded-Port");
       32:  687:    if (x_forwarded_port && x_forwarded_port[0] != '\0') {
        -:  688:        // Use the forwarded port
       16:  689:        int forwarded_port = atoi(x_forwarded_port);
        -:  690:        // Only include port if it's not the default for the protocol
       16:  691:        if (forwarded_port > 0 && 
      16*:  692:            !((strcmp(protocol, "http") == 0 && forwarded_port == 80) ||
       16:  693:              (strcmp(protocol, "https") == 0 && forwarded_port == 443))) {
        8:  694:            char *url = NULL;
        8:  695:            if (asprintf(&url, "%s://%s:%s", protocol, host, x_forwarded_port) == -1) {
    #####:  696:                return NULL;
        -:  697:            }
        8:  698:            return url;
        -:  699:        }
        -:  700:        // Default port - don't include in URL
        8:  701:        char *url = NULL;
        8:  702:        if (asprintf(&url, "%s://%s", protocol, host) == -1) {
    #####:  703:            return NULL;
        -:  704:        }
        8:  705:        return url;
        -:  706:    }
        -:  707:
        -:  708:    // If behind a proxy but no X-Forwarded-Port, assume default port for protocol
        -:  709:    // Don't expose internal port when behind a load balancer
       16:  710:    if (is_behind_proxy) {
        8:  711:        char *url = NULL;
        8:  712:        if (asprintf(&url, "%s://%s", protocol, host) == -1) {
    #####:  713:            return NULL;
        -:  714:        }
        8:  715:        return url;
        -:  716:    }
        -:  717:
        -:  718:    // Direct access - add port from config
        8:  719:    char *url = NULL;
        8:  720:    if (asprintf(&url, "%s://%s:%d", protocol, host, app_config->webserver.port) == -1) {
    #####:  721:        return NULL;
        -:  722:    }
        8:  723:    return url;
        -:  724:}
        -:  725:
        -:  726:/**
        -:  727: * Cleanup wrapper for shutdown
        -:  728: */
       16:  729:char* create_dynamic_initializer(const char *base_content __attribute__((unused)),
        -:  730:                                      const char *server_url,
        -:  731:                                      const SwaggerConfig *config) {
        -:  732:    // Validate parameters
       16:  733:    if (!config) {
    #####:  734:        log_this(SR_SWAGGER, "NULL config parameter passed to create_dynamic_initializer", LOG_LEVEL_ERROR, 0);
    #####:  735:        return NULL;
        -:  736:    }
        -:  737:
        -:  738:    // Get the API prefix from the global config
       16:  739:    if (!app_config || !app_config->api.prefix) {
    #####:  740:        log_this(SR_SWAGGER, "API configuration not available", LOG_LEVEL_ERROR, 0);
    #####:  741:        return NULL;
        -:  742:    }
        -:  743:
        -:  744:    // Create the new initializer content with server URL update
       16:  745:    char *dynamic_content = NULL;
      80*:  746:    if (asprintf(&dynamic_content,
        -:  747:        "window.onload = function() {\n"
        -:  748:        "  fetch('%s%s/swagger.json').then(response => response.json()).then(spec => {\n"
        -:  749:        "    // Update server URL to match current host\n"
        -:  750:        "    // Use API prefix from app config\n"
        -:  751:        "    spec.servers = [{\n"
        -:  752:        "      url: '%s%s',\n"
        -:  753:        "      description: 'Current server'\n"
        -:  754:        "    }];\n"
        -:  755:        "    window.ui = SwaggerUIBundle({\n"
        -:  756:        "      spec: spec,\n"
        -:  757:        "      dom_id: '#swagger-ui',\n"
        -:  758:        "      deepLinking: true,\n"
        -:  759:        "      presets: [\n"
        -:  760:        "        SwaggerUIBundle.presets.apis,\n"
        -:  761:        "        SwaggerUIStandalonePreset\n"
        -:  762:        "      ],\n"
        -:  763:        "      plugins: [\n"
        -:  764:        "        SwaggerUIBundle.plugins.DownloadUrl\n"
        -:  765:        "      ],\n"
        -:  766:        "      layout: \"StandaloneLayout\",\n"
        -:  767:        "      tryItOutEnabled: %s,\n"
        -:  768:        "      displayOperationId: %s,\n"
        -:  769:        "      defaultModelsExpandDepth: %d,\n"
        -:  770:        "      defaultModelExpandDepth: %d,\n"
        -:  771:        "      showExtensions: %s,\n"
        -:  772:        "      showCommonExtensions: %s,\n"
        -:  773:        "      docExpansion: \"%s\",\n"
        -:  774:        "      syntaxHighlight: {\n"
        -:  775:        "        theme: \"%s\"\n"
        -:  776:        "      }\n"
        -:  777:        "    });\n"
        -:  778:        "  });\n"
        -:  779:        "};", 
       16:  780:        server_url, config->prefix,
       16:  781:        server_url, app_config->api.prefix,
       16:  782:        config->ui_options.try_it_enabled ? "true" : "false",
       16:  783:        config->ui_options.display_operation_id ? "true" : "false",
       16:  784:        config->ui_options.default_models_expand_depth,
       16:  785:        config->ui_options.default_model_expand_depth,
       16:  786:        config->ui_options.show_extensions ? "true" : "false",
       16:  787:        config->ui_options.show_common_extensions ? "true" : "false",
       16:  788:        config->ui_options.doc_expansion,
       16:  789:        config->ui_options.syntax_highlight_theme) == -1) {
    #####:  790:        return NULL;
        -:  791:    }
        -:  792:
       16:  793:    return dynamic_content;
        -:  794:}
